2025-02-18 16:37:04.952  INFO 20908 --- [project_oracle] [restartedMain] com.pcwk.ehr.Ehr01Application            : Starting Ehr01Application using Java 21.0.5 with PID 20908 (D:\JAP_20240909\04_SPRING\BOOT\WORKSPACE\project_oracle\bin\main started by acorn4 in D:\JAP_20240909\04_SPRING\BOOT\WORKSPACE\project_oracle)
2025-02-18 16:37:04.963  INFO 20908 --- [project_oracle] [restartedMain] com.pcwk.ehr.Ehr01Application            : No active profile set, falling back to 1 default profile: "default"
2025-02-18 16:37:05.114  INFO 20908 --- [project_oracle] [restartedMain] o.s.b.devtools.restart.ChangeableUrls    : The Class-Path manifest attribute in C:\Users\acorn4\.gradle\caches\modules-2\files-2.1\com.oracle.database.jdbc\ojdbc8\19.19.0.0\eb90c858f6b8856123d01b8fadd0d57b8505cc2a\ojdbc8-19.19.0.0.jar referenced one or more files that do not exist: file:/C:/Users/acorn4/.gradle/caches/modules-2/files-2.1/com.oracle.database.jdbc/ojdbc8/19.19.0.0/eb90c858f6b8856123d01b8fadd0d57b8505cc2a/oraclepki.jar
2025-02-18 16:37:05.115  INFO 20908 --- [project_oracle] [restartedMain] .e.DevToolsPropertyDefaultsPostProcessor : Devtools property defaults active! Set 'spring.devtools.add-properties' to 'false' to disable
2025-02-18 16:37:05.115  INFO 20908 --- [project_oracle] [restartedMain] .e.DevToolsPropertyDefaultsPostProcessor : For additional web related logging consider setting the 'logging.level.web' property to 'DEBUG'
2025-02-18 16:37:05.648  INFO 20908 --- [project_oracle] [restartedMain] .s.d.r.c.RepositoryConfigurationDelegate : Bootstrapping Spring Data JPA repositories in DEFAULT mode.
2025-02-18 16:37:05.677  INFO 20908 --- [project_oracle] [restartedMain] .s.d.r.c.RepositoryConfigurationDelegate : Finished Spring Data repository scanning in 24 ms. Found 1 JPA repository interface.
2025-02-18 16:37:06.094  INFO 20908 --- [project_oracle] [restartedMain] o.s.b.w.embedded.tomcat.TomcatWebServer  : Tomcat initialized with port 8080 (http)
2025-02-18 16:37:06.104  INFO 20908 --- [project_oracle] [restartedMain] o.apache.catalina.core.StandardService   : Starting service [Tomcat]
2025-02-18 16:37:06.104  INFO 20908 --- [project_oracle] [restartedMain] o.apache.catalina.core.StandardEngine    : Starting Servlet engine: [Apache Tomcat/10.1.34]
2025-02-18 16:37:06.137  INFO 20908 --- [project_oracle] [restartedMain] o.a.c.c.C.[Tomcat].[localhost].[/]       : Initializing Spring embedded WebApplicationContext
2025-02-18 16:37:06.137  INFO 20908 --- [project_oracle] [restartedMain] w.s.c.ServletWebServerApplicationContext : Root WebApplicationContext: initialization completed in 1022 ms
2025-02-18 16:37:06.251  INFO 20908 --- [project_oracle] [restartedMain] o.hibernate.jpa.internal.util.LogHelper  : HHH000204: Processing PersistenceUnitInfo [name: default]
2025-02-18 16:37:06.284  INFO 20908 --- [project_oracle] [restartedMain] org.hibernate.Version                    : HHH000412: Hibernate ORM core version 6.5.3.Final
2025-02-18 16:37:06.308  INFO 20908 --- [project_oracle] [restartedMain] o.h.c.internal.RegionFactoryInitiator    : HHH000026: Second-level cache disabled
2025-02-18 16:37:06.492  INFO 20908 --- [project_oracle] [restartedMain] o.s.o.j.p.SpringPersistenceUnitInfo      : No LoadTimeWeaver setup: ignoring JPA class transformer
2025-02-18 16:37:06.510  INFO 20908 --- [project_oracle] [restartedMain] com.zaxxer.hikari.HikariDataSource       : HikariPool-1 - Starting...
2025-02-18 16:37:06.938  INFO 20908 --- [project_oracle] [restartedMain] com.zaxxer.hikari.pool.HikariPool        : HikariPool-1 - Added connection oracle.jdbc.driver.T4CConnection@218bc4cf
2025-02-18 16:37:06.940  INFO 20908 --- [project_oracle] [restartedMain] com.zaxxer.hikari.HikariDataSource       : HikariPool-1 - Start completed.
2025-02-18 16:37:07.026  WARN 20908 --- [project_oracle] [restartedMain] org.hibernate.dialect.Dialect            : HHH000511: The 18.0.0 version for [org.hibernate.dialect.OracleDialect] is no longer supported, hence certain features may not work properly. The minimum supported version is 19.0.0. Check the community dialects project for available legacy versions.
2025-02-18 16:37:07.029  WARN 20908 --- [project_oracle] [restartedMain] org.hibernate.orm.deprecation            : HHH90000025: OracleDialect does not need to be specified explicitly using 'hibernate.dialect' (remove the property setting and it will be selected by default)
2025-02-18 16:37:07.536  INFO 20908 --- [project_oracle] [restartedMain] o.h.e.t.j.p.i.JtaPlatformInitiator       : HHH000489: No JTA platform available (set 'hibernate.transaction.jta.platform' to enable JTA platform integration)
2025-02-18 16:37:23.547  INFO 20908 --- [project_oracle] [restartedMain] j.LocalContainerEntityManagerFactoryBean : Initialized JPA EntityManagerFactory for persistence unit 'default'
2025-02-18 16:37:23.558  INFO 20908 --- [project_oracle] [restartedMain] com.pcwk.ehr.member.MemberController     : ┌──────────────────────┐
2025-02-18 16:37:23.558  INFO 20908 --- [project_oracle] [restartedMain] com.pcwk.ehr.member.MemberController     : │ MemberController()   │
2025-02-18 16:37:23.558  INFO 20908 --- [project_oracle] [restartedMain] com.pcwk.ehr.member.MemberController     : └──────────────────────┘
2025-02-18 16:37:23.687  INFO 20908 --- [project_oracle] [restartedMain] o.s.d.j.r.query.QueryEnhancerFactory     : Hibernate is in classpath; If applicable, HQL parser will be used.
2025-02-18 16:37:23.973  WARN 20908 --- [project_oracle] [restartedMain] JpaBaseConfiguration$JpaWebConfiguration : spring.jpa.open-in-view is enabled by default. Therefore, database queries may be performed during view rendering. Explicitly configure spring.jpa.open-in-view to disable this warning
2025-02-18 16:37:23.987  INFO 20908 --- [project_oracle] [restartedMain] r$InitializeUserDetailsManagerConfigurer : Global AuthenticationManager configured with UserDetailsService bean with name memberSecurityService
2025-02-18 16:37:24.022  INFO 20908 --- [project_oracle] [restartedMain] o.s.b.a.w.s.WelcomePageHandlerMapping    : Adding welcome page: class path resource [static/index.html]
2025-02-18 16:37:24.399  INFO 20908 --- [project_oracle] [restartedMain] o.s.b.d.a.OptionalLiveReloadServer       : LiveReload server is running on port 35729
2025-02-18 16:37:24.419  INFO 20908 --- [project_oracle] [restartedMain] o.s.b.w.embedded.tomcat.TomcatWebServer  : Tomcat started on port 8080 (http) with context path '/'
2025-02-18 16:37:24.424  INFO 20908 --- [project_oracle] [restartedMain] com.pcwk.ehr.Ehr01Application            : Started Ehr01Application in 19.712 seconds (process running for 20.305)
2025-02-18 16:39:14.894  INFO 20908 --- [project_oracle] [File Watcher] rtingClassPathChangeChangedEventListener : Restarting due to 1 class path change (0 additions, 0 deletions, 1 modification)
2025-02-18 16:39:14.910  INFO 20908 --- [project_oracle] [Thread-7] j.LocalContainerEntityManagerFactoryBean : Closing JPA EntityManagerFactory for persistence unit 'default'
2025-02-18 16:39:14.912  INFO 20908 --- [project_oracle] [Thread-7] com.zaxxer.hikari.HikariDataSource       : HikariPool-1 - Shutdown initiated...
2025-02-18 16:39:14.918  INFO 20908 --- [project_oracle] [Thread-7] com.zaxxer.hikari.HikariDataSource       : HikariPool-1 - Shutdown completed.
2025-02-18 16:39:14.972  INFO 20908 --- [project_oracle] [restartedMain] com.pcwk.ehr.Ehr01Application            : Starting Ehr01Application using Java 21.0.5 with PID 20908 (D:\JAP_20240909\04_SPRING\BOOT\WORKSPACE\project_oracle\bin\main started by acorn4 in D:\JAP_20240909\04_SPRING\BOOT\WORKSPACE\project_oracle)
2025-02-18 16:39:14.972  INFO 20908 --- [project_oracle] [restartedMain] com.pcwk.ehr.Ehr01Application            : No active profile set, falling back to 1 default profile: "default"
2025-02-18 16:39:15.066  INFO 20908 --- [project_oracle] [restartedMain] .s.d.r.c.RepositoryConfigurationDelegate : Bootstrapping Spring Data JPA repositories in DEFAULT mode.
2025-02-18 16:39:15.071  INFO 20908 --- [project_oracle] [restartedMain] .s.d.r.c.RepositoryConfigurationDelegate : Finished Spring Data repository scanning in 6 ms. Found 1 JPA repository interface.
2025-02-18 16:39:15.136  INFO 20908 --- [project_oracle] [restartedMain] o.s.b.w.embedded.tomcat.TomcatWebServer  : Tomcat initialized with port 8080 (http)
2025-02-18 16:39:15.137  INFO 20908 --- [project_oracle] [restartedMain] o.apache.catalina.core.StandardService   : Starting service [Tomcat]
2025-02-18 16:39:15.137  INFO 20908 --- [project_oracle] [restartedMain] o.apache.catalina.core.StandardEngine    : Starting Servlet engine: [Apache Tomcat/10.1.34]
2025-02-18 16:39:15.146  INFO 20908 --- [project_oracle] [restartedMain] o.a.c.c.C.[Tomcat].[localhost].[/]       : Initializing Spring embedded WebApplicationContext
2025-02-18 16:39:15.147  INFO 20908 --- [project_oracle] [restartedMain] w.s.c.ServletWebServerApplicationContext : Root WebApplicationContext: initialization completed in 174 ms
2025-02-18 16:39:15.174  INFO 20908 --- [project_oracle] [restartedMain] o.hibernate.jpa.internal.util.LogHelper  : HHH000204: Processing PersistenceUnitInfo [name: default]
2025-02-18 16:39:15.176  INFO 20908 --- [project_oracle] [restartedMain] o.h.c.internal.RegionFactoryInitiator    : HHH000026: Second-level cache disabled
2025-02-18 16:39:15.180  INFO 20908 --- [project_oracle] [restartedMain] o.s.o.j.p.SpringPersistenceUnitInfo      : No LoadTimeWeaver setup: ignoring JPA class transformer
2025-02-18 16:39:15.180  INFO 20908 --- [project_oracle] [restartedMain] com.zaxxer.hikari.HikariDataSource       : HikariPool-2 - Starting...
2025-02-18 16:39:15.212  INFO 20908 --- [project_oracle] [restartedMain] com.zaxxer.hikari.pool.HikariPool        : HikariPool-2 - Added connection oracle.jdbc.driver.T4CConnection@30b8acb4
2025-02-18 16:39:15.212  INFO 20908 --- [project_oracle] [restartedMain] com.zaxxer.hikari.HikariDataSource       : HikariPool-2 - Start completed.
2025-02-18 16:39:15.215  WARN 20908 --- [project_oracle] [restartedMain] org.hibernate.dialect.Dialect            : HHH000511: The 18.0.0 version for [org.hibernate.dialect.OracleDialect] is no longer supported, hence certain features may not work properly. The minimum supported version is 19.0.0. Check the community dialects project for available legacy versions.
2025-02-18 16:39:15.215  WARN 20908 --- [project_oracle] [restartedMain] org.hibernate.orm.deprecation            : HHH90000025: OracleDialect does not need to be specified explicitly using 'hibernate.dialect' (remove the property setting and it will be selected by default)
2025-02-18 16:39:15.275  INFO 20908 --- [project_oracle] [restartedMain] o.h.e.t.j.p.i.JtaPlatformInitiator       : HHH000489: No JTA platform available (set 'hibernate.transaction.jta.platform' to enable JTA platform integration)
2025-02-18 16:39:29.507  INFO 20908 --- [project_oracle] [restartedMain] j.LocalContainerEntityManagerFactoryBean : Initialized JPA EntityManagerFactory for persistence unit 'default'
2025-02-18 16:39:29.513  INFO 20908 --- [project_oracle] [restartedMain] com.pcwk.ehr.member.MemberController     : ┌──────────────────────┐
2025-02-18 16:39:29.513  INFO 20908 --- [project_oracle] [restartedMain] com.pcwk.ehr.member.MemberController     : │ MemberController()   │
2025-02-18 16:39:29.513  INFO 20908 --- [project_oracle] [restartedMain] com.pcwk.ehr.member.MemberController     : └──────────────────────┘
2025-02-18 16:39:29.557  WARN 20908 --- [project_oracle] [restartedMain] JpaBaseConfiguration$JpaWebConfiguration : spring.jpa.open-in-view is enabled by default. Therefore, database queries may be performed during view rendering. Explicitly configure spring.jpa.open-in-view to disable this warning
2025-02-18 16:39:29.564  INFO 20908 --- [project_oracle] [restartedMain] r$InitializeUserDetailsManagerConfigurer : Global AuthenticationManager configured with UserDetailsService bean with name memberSecurityService
2025-02-18 16:39:29.570  INFO 20908 --- [project_oracle] [restartedMain] o.s.b.a.w.s.WelcomePageHandlerMapping    : Adding welcome page: class path resource [static/index.html]
2025-02-18 16:39:29.702  INFO 20908 --- [project_oracle] [restartedMain] o.s.b.d.a.OptionalLiveReloadServer       : LiveReload server is running on port 35729
2025-02-18 16:39:29.710  INFO 20908 --- [project_oracle] [restartedMain] o.s.b.w.embedded.tomcat.TomcatWebServer  : Tomcat started on port 8080 (http) with context path '/'
2025-02-18 16:39:29.712  INFO 20908 --- [project_oracle] [restartedMain] com.pcwk.ehr.Ehr01Application            : Started Ehr01Application in 14.754 seconds (process running for 145.593)
2025-02-18 16:39:29.714  INFO 20908 --- [project_oracle] [restartedMain] .ConditionEvaluationDeltaLoggingListener : Condition evaluation unchanged
2025-02-18 16:39:29.719  INFO 20908 --- [project_oracle] [RMI TCP Connection(13)-127.0.0.1] inMXBeanRegistrar$SpringApplicationAdmin : Application shutdown requested.
2025-02-18 16:39:29.730  INFO 20908 --- [project_oracle] [RMI TCP Connection(13)-127.0.0.1] j.LocalContainerEntityManagerFactoryBean : Closing JPA EntityManagerFactory for persistence unit 'default'
2025-02-18 16:39:29.731  INFO 20908 --- [project_oracle] [RMI TCP Connection(13)-127.0.0.1] com.zaxxer.hikari.HikariDataSource       : HikariPool-2 - Shutdown initiated...
2025-02-18 16:39:29.738  INFO 20908 --- [project_oracle] [RMI TCP Connection(13)-127.0.0.1] com.zaxxer.hikari.HikariDataSource       : HikariPool-2 - Shutdown completed.
2025-02-18 16:39:30.992  INFO 21148 --- [project_oracle] [restartedMain] com.pcwk.ehr.Ehr01Application            : Starting Ehr01Application using Java 21.0.5 with PID 21148 (D:\JAP_20240909\04_SPRING\BOOT\WORKSPACE\project_oracle\bin\main started by acorn4 in D:\JAP_20240909\04_SPRING\BOOT\WORKSPACE\project_oracle)
2025-02-18 16:39:30.994  INFO 21148 --- [project_oracle] [restartedMain] com.pcwk.ehr.Ehr01Application            : No active profile set, falling back to 1 default profile: "default"
2025-02-18 16:39:31.127  INFO 21148 --- [project_oracle] [restartedMain] o.s.b.devtools.restart.ChangeableUrls    : The Class-Path manifest attribute in C:\Users\acorn4\.gradle\caches\modules-2\files-2.1\com.oracle.database.jdbc\ojdbc8\19.19.0.0\eb90c858f6b8856123d01b8fadd0d57b8505cc2a\ojdbc8-19.19.0.0.jar referenced one or more files that do not exist: file:/C:/Users/acorn4/.gradle/caches/modules-2/files-2.1/com.oracle.database.jdbc/ojdbc8/19.19.0.0/eb90c858f6b8856123d01b8fadd0d57b8505cc2a/oraclepki.jar
2025-02-18 16:39:31.127  INFO 21148 --- [project_oracle] [restartedMain] .e.DevToolsPropertyDefaultsPostProcessor : Devtools property defaults active! Set 'spring.devtools.add-properties' to 'false' to disable
2025-02-18 16:39:31.127  INFO 21148 --- [project_oracle] [restartedMain] .e.DevToolsPropertyDefaultsPostProcessor : For additional web related logging consider setting the 'logging.level.web' property to 'DEBUG'
2025-02-18 16:39:31.457  INFO 21148 --- [project_oracle] [restartedMain] .s.d.r.c.RepositoryConfigurationDelegate : Bootstrapping Spring Data JPA repositories in DEFAULT mode.
2025-02-18 16:39:31.488  INFO 21148 --- [project_oracle] [restartedMain] .s.d.r.c.RepositoryConfigurationDelegate : Finished Spring Data repository scanning in 27 ms. Found 1 JPA repository interface.
2025-02-18 16:39:31.802  INFO 21148 --- [project_oracle] [restartedMain] o.s.b.w.embedded.tomcat.TomcatWebServer  : Tomcat initialized with port 8080 (http)
2025-02-18 16:39:31.812  INFO 21148 --- [project_oracle] [restartedMain] o.apache.catalina.core.StandardService   : Starting service [Tomcat]
2025-02-18 16:39:31.812  INFO 21148 --- [project_oracle] [restartedMain] o.apache.catalina.core.StandardEngine    : Starting Servlet engine: [Apache Tomcat/10.1.34]
2025-02-18 16:39:31.838  INFO 21148 --- [project_oracle] [restartedMain] o.a.c.c.C.[Tomcat].[localhost].[/]       : Initializing Spring embedded WebApplicationContext
2025-02-18 16:39:31.839  INFO 21148 --- [project_oracle] [restartedMain] w.s.c.ServletWebServerApplicationContext : Root WebApplicationContext: initialization completed in 711 ms
2025-02-18 16:39:31.953  INFO 21148 --- [project_oracle] [restartedMain] o.hibernate.jpa.internal.util.LogHelper  : HHH000204: Processing PersistenceUnitInfo [name: default]
2025-02-18 16:39:31.981  INFO 21148 --- [project_oracle] [restartedMain] org.hibernate.Version                    : HHH000412: Hibernate ORM core version 6.5.3.Final
2025-02-18 16:39:31.999  INFO 21148 --- [project_oracle] [restartedMain] o.h.c.internal.RegionFactoryInitiator    : HHH000026: Second-level cache disabled
2025-02-18 16:39:32.143  INFO 21148 --- [project_oracle] [restartedMain] o.s.o.j.p.SpringPersistenceUnitInfo      : No LoadTimeWeaver setup: ignoring JPA class transformer
2025-02-18 16:39:32.159  INFO 21148 --- [project_oracle] [restartedMain] com.zaxxer.hikari.HikariDataSource       : HikariPool-1 - Starting...
2025-02-18 16:39:32.336  INFO 21148 --- [project_oracle] [restartedMain] com.zaxxer.hikari.pool.HikariPool        : HikariPool-1 - Added connection oracle.jdbc.driver.T4CConnection@7a86ff56
2025-02-18 16:39:32.337  INFO 21148 --- [project_oracle] [restartedMain] com.zaxxer.hikari.HikariDataSource       : HikariPool-1 - Start completed.
2025-02-18 16:39:32.416  WARN 21148 --- [project_oracle] [restartedMain] org.hibernate.dialect.Dialect            : HHH000511: The 18.0.0 version for [org.hibernate.dialect.OracleDialect] is no longer supported, hence certain features may not work properly. The minimum supported version is 19.0.0. Check the community dialects project for available legacy versions.
2025-02-18 16:39:32.418  WARN 21148 --- [project_oracle] [restartedMain] org.hibernate.orm.deprecation            : HHH90000025: OracleDialect does not need to be specified explicitly using 'hibernate.dialect' (remove the property setting and it will be selected by default)
2025-02-18 16:39:32.920  INFO 21148 --- [project_oracle] [restartedMain] o.h.e.t.j.p.i.JtaPlatformInitiator       : HHH000489: No JTA platform available (set 'hibernate.transaction.jta.platform' to enable JTA platform integration)
2025-02-18 16:39:47.314  INFO 21148 --- [project_oracle] [restartedMain] j.LocalContainerEntityManagerFactoryBean : Initialized JPA EntityManagerFactory for persistence unit 'default'
2025-02-18 16:39:47.323  INFO 21148 --- [project_oracle] [restartedMain] com.pcwk.ehr.member.MemberController     : ┌──────────────────────┐
2025-02-18 16:39:47.323  INFO 21148 --- [project_oracle] [restartedMain] com.pcwk.ehr.member.MemberController     : │ MemberController()   │
2025-02-18 16:39:47.323  INFO 21148 --- [project_oracle] [restartedMain] com.pcwk.ehr.member.MemberController     : └──────────────────────┘
2025-02-18 16:39:47.474  INFO 21148 --- [project_oracle] [restartedMain] o.s.d.j.r.query.QueryEnhancerFactory     : Hibernate is in classpath; If applicable, HQL parser will be used.
2025-02-18 16:39:47.735  WARN 21148 --- [project_oracle] [restartedMain] JpaBaseConfiguration$JpaWebConfiguration : spring.jpa.open-in-view is enabled by default. Therefore, database queries may be performed during view rendering. Explicitly configure spring.jpa.open-in-view to disable this warning
2025-02-18 16:39:47.749  INFO 21148 --- [project_oracle] [restartedMain] r$InitializeUserDetailsManagerConfigurer : Global AuthenticationManager configured with UserDetailsService bean with name memberSecurityService
2025-02-18 16:39:47.786  INFO 21148 --- [project_oracle] [restartedMain] o.s.b.a.w.s.WelcomePageHandlerMapping    : Adding welcome page: class path resource [static/index.html]
2025-02-18 16:39:48.121  INFO 21148 --- [project_oracle] [restartedMain] o.s.b.d.a.OptionalLiveReloadServer       : LiveReload server is running on port 35729
2025-02-18 16:39:48.143  INFO 21148 --- [project_oracle] [restartedMain] o.s.b.w.embedded.tomcat.TomcatWebServer  : Tomcat started on port 8080 (http) with context path '/'
2025-02-18 16:39:48.151  INFO 21148 --- [project_oracle] [restartedMain] com.pcwk.ehr.Ehr01Application            : Started Ehr01Application in 17.365 seconds (process running for 17.76)
2025-02-18 16:42:29.524  INFO 21148 --- [project_oracle] [RMI TCP Connection(12)-127.0.0.1] inMXBeanRegistrar$SpringApplicationAdmin : Application shutdown requested.
2025-02-18 16:42:29.542  INFO 21148 --- [project_oracle] [RMI TCP Connection(12)-127.0.0.1] j.LocalContainerEntityManagerFactoryBean : Closing JPA EntityManagerFactory for persistence unit 'default'
2025-02-18 16:42:29.544  INFO 21148 --- [project_oracle] [RMI TCP Connection(12)-127.0.0.1] com.zaxxer.hikari.HikariDataSource       : HikariPool-1 - Shutdown initiated...
2025-02-18 16:42:29.551  INFO 21148 --- [project_oracle] [RMI TCP Connection(12)-127.0.0.1] com.zaxxer.hikari.HikariDataSource       : HikariPool-1 - Shutdown completed.
2025-02-18 16:42:30.649  INFO 17656 --- [project_oracle] [restartedMain] com.pcwk.ehr.Ehr01Application            : Starting Ehr01Application using Java 21.0.5 with PID 17656 (D:\JAP_20240909\04_SPRING\BOOT\WORKSPACE\project_oracle\bin\main started by acorn4 in D:\JAP_20240909\04_SPRING\BOOT\WORKSPACE\project_oracle)
2025-02-18 16:42:30.650  INFO 17656 --- [project_oracle] [restartedMain] com.pcwk.ehr.Ehr01Application            : No active profile set, falling back to 1 default profile: "default"
2025-02-18 16:42:30.790  INFO 17656 --- [project_oracle] [restartedMain] o.s.b.devtools.restart.ChangeableUrls    : The Class-Path manifest attribute in C:\Users\acorn4\.gradle\caches\modules-2\files-2.1\com.oracle.database.jdbc\ojdbc8\19.19.0.0\eb90c858f6b8856123d01b8fadd0d57b8505cc2a\ojdbc8-19.19.0.0.jar referenced one or more files that do not exist: file:/C:/Users/acorn4/.gradle/caches/modules-2/files-2.1/com.oracle.database.jdbc/ojdbc8/19.19.0.0/eb90c858f6b8856123d01b8fadd0d57b8505cc2a/oraclepki.jar
2025-02-18 16:42:30.790  INFO 17656 --- [project_oracle] [restartedMain] .e.DevToolsPropertyDefaultsPostProcessor : Devtools property defaults active! Set 'spring.devtools.add-properties' to 'false' to disable
2025-02-18 16:42:30.790  INFO 17656 --- [project_oracle] [restartedMain] .e.DevToolsPropertyDefaultsPostProcessor : For additional web related logging consider setting the 'logging.level.web' property to 'DEBUG'
2025-02-18 16:42:31.136  INFO 17656 --- [project_oracle] [restartedMain] .s.d.r.c.RepositoryConfigurationDelegate : Bootstrapping Spring Data JPA repositories in DEFAULT mode.
2025-02-18 16:42:31.162  INFO 17656 --- [project_oracle] [restartedMain] .s.d.r.c.RepositoryConfigurationDelegate : Finished Spring Data repository scanning in 22 ms. Found 1 JPA repository interface.
2025-02-18 16:42:31.475  INFO 17656 --- [project_oracle] [restartedMain] o.s.b.w.embedded.tomcat.TomcatWebServer  : Tomcat initialized with port 8080 (http)
2025-02-18 16:42:31.483  INFO 17656 --- [project_oracle] [restartedMain] o.apache.catalina.core.StandardService   : Starting service [Tomcat]
2025-02-18 16:42:31.483  INFO 17656 --- [project_oracle] [restartedMain] o.apache.catalina.core.StandardEngine    : Starting Servlet engine: [Apache Tomcat/10.1.34]
2025-02-18 16:42:31.508  INFO 17656 --- [project_oracle] [restartedMain] o.a.c.c.C.[Tomcat].[localhost].[/]       : Initializing Spring embedded WebApplicationContext
2025-02-18 16:42:31.509  INFO 17656 --- [project_oracle] [restartedMain] w.s.c.ServletWebServerApplicationContext : Root WebApplicationContext: initialization completed in 718 ms
2025-02-18 16:42:31.614  INFO 17656 --- [project_oracle] [restartedMain] o.hibernate.jpa.internal.util.LogHelper  : HHH000204: Processing PersistenceUnitInfo [name: default]
2025-02-18 16:42:31.643  INFO 17656 --- [project_oracle] [restartedMain] org.hibernate.Version                    : HHH000412: Hibernate ORM core version 6.5.3.Final
2025-02-18 16:42:31.659  INFO 17656 --- [project_oracle] [restartedMain] o.h.c.internal.RegionFactoryInitiator    : HHH000026: Second-level cache disabled
2025-02-18 16:42:31.813  INFO 17656 --- [project_oracle] [restartedMain] o.s.o.j.p.SpringPersistenceUnitInfo      : No LoadTimeWeaver setup: ignoring JPA class transformer
2025-02-18 16:42:31.827  INFO 17656 --- [project_oracle] [restartedMain] com.zaxxer.hikari.HikariDataSource       : HikariPool-1 - Starting...
2025-02-18 16:42:32.068  INFO 17656 --- [project_oracle] [restartedMain] com.zaxxer.hikari.pool.HikariPool        : HikariPool-1 - Added connection oracle.jdbc.driver.T4CConnection@7a86ff56
2025-02-18 16:42:32.069  INFO 17656 --- [project_oracle] [restartedMain] com.zaxxer.hikari.HikariDataSource       : HikariPool-1 - Start completed.
2025-02-18 16:42:32.151  WARN 17656 --- [project_oracle] [restartedMain] org.hibernate.dialect.Dialect            : HHH000511: The 18.0.0 version for [org.hibernate.dialect.OracleDialect] is no longer supported, hence certain features may not work properly. The minimum supported version is 19.0.0. Check the community dialects project for available legacy versions.
2025-02-18 16:42:32.154  WARN 17656 --- [project_oracle] [restartedMain] org.hibernate.orm.deprecation            : HHH90000025: OracleDialect does not need to be specified explicitly using 'hibernate.dialect' (remove the property setting and it will be selected by default)
2025-02-18 16:42:32.635  INFO 17656 --- [project_oracle] [restartedMain] o.h.e.t.j.p.i.JtaPlatformInitiator       : HHH000489: No JTA platform available (set 'hibernate.transaction.jta.platform' to enable JTA platform integration)
2025-02-18 16:42:47.622  INFO 17656 --- [project_oracle] [restartedMain] j.LocalContainerEntityManagerFactoryBean : Initialized JPA EntityManagerFactory for persistence unit 'default'
2025-02-18 16:42:47.634  INFO 17656 --- [project_oracle] [restartedMain] com.pcwk.ehr.member.MemberController     : ┌──────────────────────┐
2025-02-18 16:42:47.634  INFO 17656 --- [project_oracle] [restartedMain] com.pcwk.ehr.member.MemberController     : │ MemberController()   │
2025-02-18 16:42:47.634  INFO 17656 --- [project_oracle] [restartedMain] com.pcwk.ehr.member.MemberController     : └──────────────────────┘
2025-02-18 16:42:47.765  INFO 17656 --- [project_oracle] [restartedMain] o.s.d.j.r.query.QueryEnhancerFactory     : Hibernate is in classpath; If applicable, HQL parser will be used.
2025-02-18 16:42:48.050  WARN 17656 --- [project_oracle] [restartedMain] JpaBaseConfiguration$JpaWebConfiguration : spring.jpa.open-in-view is enabled by default. Therefore, database queries may be performed during view rendering. Explicitly configure spring.jpa.open-in-view to disable this warning
2025-02-18 16:42:48.063  INFO 17656 --- [project_oracle] [restartedMain] r$InitializeUserDetailsManagerConfigurer : Global AuthenticationManager configured with UserDetailsService bean with name memberSecurityService
2025-02-18 16:42:48.103  INFO 17656 --- [project_oracle] [restartedMain] o.s.b.a.w.s.WelcomePageHandlerMapping    : Adding welcome page: class path resource [static/index.html]
2025-02-18 16:42:48.414  INFO 17656 --- [project_oracle] [restartedMain] o.s.b.d.a.OptionalLiveReloadServer       : LiveReload server is running on port 35729
2025-02-18 16:42:48.434  INFO 17656 --- [project_oracle] [restartedMain] o.s.b.w.embedded.tomcat.TomcatWebServer  : Tomcat started on port 8080 (http) with context path '/'
2025-02-18 16:42:48.439  INFO 17656 --- [project_oracle] [restartedMain] com.pcwk.ehr.Ehr01Application            : Started Ehr01Application in 17.992 seconds (process running for 18.429)
2025-02-18 16:43:26.593  INFO 17656 --- [project_oracle] [RMI TCP Connection(10)-127.0.0.1] inMXBeanRegistrar$SpringApplicationAdmin : Application shutdown requested.
2025-02-18 16:43:26.612  INFO 17656 --- [project_oracle] [RMI TCP Connection(10)-127.0.0.1] j.LocalContainerEntityManagerFactoryBean : Closing JPA EntityManagerFactory for persistence unit 'default'
2025-02-18 16:43:26.614  INFO 17656 --- [project_oracle] [RMI TCP Connection(10)-127.0.0.1] com.zaxxer.hikari.HikariDataSource       : HikariPool-1 - Shutdown initiated...
2025-02-18 16:43:26.643  INFO 17656 --- [project_oracle] [RMI TCP Connection(10)-127.0.0.1] com.zaxxer.hikari.HikariDataSource       : HikariPool-1 - Shutdown completed.
