2025-01-23 14:09:12.907  INFO 24308 --- [ehr01] [restartedMain] com.pcwk.ehr.Ehr01Application            : Starting Ehr01Application using Java 21.0.5 with PID 24308 (C:\Users\gy\ora\boot\workspace\ehr01\bin\main started by gy in C:\Users\gy\ora\boot\workspace\ehr01)
2025-01-23 14:09:12.916  INFO 24308 --- [ehr01] [restartedMain] com.pcwk.ehr.Ehr01Application            : No active profile set, falling back to 1 default profile: "default"
2025-01-23 14:09:13.310  INFO 24308 --- [ehr01] [restartedMain] .e.DevToolsPropertyDefaultsPostProcessor : Devtools property defaults active! Set 'spring.devtools.add-properties' to 'false' to disable
2025-01-23 14:09:13.310  INFO 24308 --- [ehr01] [restartedMain] .e.DevToolsPropertyDefaultsPostProcessor : For additional web related logging consider setting the 'logging.level.web' property to 'DEBUG'
2025-01-23 14:09:14.153  INFO 24308 --- [ehr01] [restartedMain] .s.d.r.c.RepositoryConfigurationDelegate : Bootstrapping Spring Data JPA repositories in DEFAULT mode.
2025-01-23 14:09:14.235  INFO 24308 --- [ehr01] [restartedMain] .s.d.r.c.RepositoryConfigurationDelegate : Finished Spring Data repository scanning in 68 ms. Found 2 JPA repository interfaces.
2025-01-23 14:09:14.922  INFO 24308 --- [ehr01] [restartedMain] o.s.b.w.embedded.tomcat.TomcatWebServer  : Tomcat initialized with port 8080 (http)
2025-01-23 14:09:14.943  INFO 24308 --- [ehr01] [restartedMain] o.apache.catalina.core.StandardService   : Starting service [Tomcat]
2025-01-23 14:09:14.944  INFO 24308 --- [ehr01] [restartedMain] o.apache.catalina.core.StandardEngine    : Starting Servlet engine: [Apache Tomcat/10.1.34]
2025-01-23 14:09:15.042  INFO 24308 --- [ehr01] [restartedMain] o.a.c.c.C.[Tomcat].[localhost].[/]       : Initializing Spring embedded WebApplicationContext
2025-01-23 14:09:15.043  INFO 24308 --- [ehr01] [restartedMain] w.s.c.ServletWebServerApplicationContext : Root WebApplicationContext: initialization completed in 1732 ms
2025-01-23 14:09:15.291  INFO 24308 --- [ehr01] [restartedMain] o.hibernate.jpa.internal.util.LogHelper  : HHH000204: Processing PersistenceUnitInfo [name: default]
2025-01-23 14:09:15.427  INFO 24308 --- [ehr01] [restartedMain] org.hibernate.Version                    : HHH000412: Hibernate ORM core version 6.5.3.Final
2025-01-23 14:09:15.523  INFO 24308 --- [ehr01] [restartedMain] o.h.c.internal.RegionFactoryInitiator    : HHH000026: Second-level cache disabled
2025-01-23 14:09:16.029  INFO 24308 --- [ehr01] [restartedMain] o.s.o.j.p.SpringPersistenceUnitInfo      : No LoadTimeWeaver setup: ignoring JPA class transformer
2025-01-23 14:09:16.082  INFO 24308 --- [ehr01] [restartedMain] com.zaxxer.hikari.HikariDataSource       : HikariPool-1 - Starting...
2025-01-23 14:09:16.373  INFO 24308 --- [ehr01] [restartedMain] com.zaxxer.hikari.pool.HikariPool        : HikariPool-1 - Added connection conn0: url=jdbc:h2:~/local user=SA
2025-01-23 14:09:16.376  INFO 24308 --- [ehr01] [restartedMain] com.zaxxer.hikari.HikariDataSource       : HikariPool-1 - Start completed.
2025-01-23 14:09:16.425  WARN 24308 --- [ehr01] [restartedMain] org.hibernate.orm.deprecation            : HHH90000025: H2Dialect does not need to be specified explicitly using 'hibernate.dialect' (remove the property setting and it will be selected by default)
2025-01-23 14:09:17.838  INFO 24308 --- [ehr01] [restartedMain] o.h.e.t.j.p.i.JtaPlatformInitiator       : HHH000489: No JTA platform available (set 'hibernate.transaction.jta.platform' to enable JTA platform integration)
2025-01-23 14:09:17.943  INFO 24308 --- [ehr01] [restartedMain] j.LocalContainerEntityManagerFactoryBean : Initialized JPA EntityManagerFactory for persistence unit 'default'
2025-01-23 14:09:17.966  INFO 24308 --- [ehr01] [restartedMain] com.pcwk.ehr.question.QuestionService    : ┌──────────────────────┐
2025-01-23 14:09:17.967  INFO 24308 --- [ehr01] [restartedMain] com.pcwk.ehr.question.QuestionService    : │ QuestionService()    │
2025-01-23 14:09:17.967  INFO 24308 --- [ehr01] [restartedMain] com.pcwk.ehr.question.QuestionService    : └──────────────────────┘
2025-01-23 14:09:18.412  WARN 24308 --- [ehr01] [restartedMain] JpaBaseConfiguration$JpaWebConfiguration : spring.jpa.open-in-view is enabled by default. Therefore, database queries may be performed during view rendering. Explicitly configure spring.jpa.open-in-view to disable this warning
2025-01-23 14:09:18.443  INFO 24308 --- [ehr01] [restartedMain] o.s.b.a.w.s.WelcomePageHandlerMapping    : Adding welcome page: class path resource [static/index.html]
2025-01-23 14:09:18.877  INFO 24308 --- [ehr01] [restartedMain] o.s.b.a.h2.H2ConsoleAutoConfiguration    : H2 console available at '/h2-console'. Database available at 'jdbc:h2:~/local'
2025-01-23 14:09:18.973  INFO 24308 --- [ehr01] [restartedMain] o.s.b.d.a.OptionalLiveReloadServer       : LiveReload server is running on port 35729
2025-01-23 14:09:19.043  INFO 24308 --- [ehr01] [restartedMain] o.s.b.w.embedded.tomcat.TomcatWebServer  : Tomcat started on port 8080 (http) with context path '/'
2025-01-23 14:09:19.057  INFO 24308 --- [ehr01] [restartedMain] com.pcwk.ehr.Ehr01Application            : Started Ehr01Application in 6.701 seconds (process running for 8.163)
2025-01-23 14:09:47.037  INFO 24308 --- [ehr01] [http-nio-8080-exec-1] o.a.c.c.C.[Tomcat].[localhost].[/]       : Initializing Spring DispatcherServlet 'dispatcherServlet'
2025-01-23 14:09:47.038  INFO 24308 --- [ehr01] [http-nio-8080-exec-1] o.s.web.servlet.DispatcherServlet        : Initializing Servlet 'dispatcherServlet'
2025-01-23 14:09:47.040  INFO 24308 --- [ehr01] [http-nio-8080-exec-1] o.s.web.servlet.DispatcherServlet        : Completed initialization in 2 ms
2025-01-23 14:09:47.114  INFO 24308 --- [ehr01] [http-nio-8080-exec-1] com.pcwk.ehr.question.QuestionService    : ┌──────────────┐
2025-01-23 14:09:47.115  INFO 24308 --- [ehr01] [http-nio-8080-exec-1] com.pcwk.ehr.question.QuestionService    : │ getList()    │
2025-01-23 14:09:47.115  INFO 24308 --- [ehr01] [http-nio-8080-exec-1] com.pcwk.ehr.question.QuestionService    : └──────────────┘
2025-01-23 14:09:47.379  INFO 24308 --- [ehr01] [http-nio-8080-exec-1] c.pcwk.ehr.question.QuestionController   : size:2
2025-01-23 14:12:35.414  INFO 24308 --- [ehr01] [http-nio-8080-exec-5] com.pcwk.ehr.question.QuestionService    : ┌──────────────┐
2025-01-23 14:12:35.414  INFO 24308 --- [ehr01] [http-nio-8080-exec-5] com.pcwk.ehr.question.QuestionService    : │ getList()    │
2025-01-23 14:12:35.414  INFO 24308 --- [ehr01] [http-nio-8080-exec-5] com.pcwk.ehr.question.QuestionService    : └──────────────┘
2025-01-23 14:12:35.417  INFO 24308 --- [ehr01] [http-nio-8080-exec-5] c.pcwk.ehr.question.QuestionController   : size:2
2025-01-23 14:12:37.812  INFO 24308 --- [ehr01] [http-nio-8080-exec-6] com.pcwk.ehr.question.QuestionService    : ┌──────────────┐
2025-01-23 14:12:37.812  INFO 24308 --- [ehr01] [http-nio-8080-exec-6] com.pcwk.ehr.question.QuestionService    : │ getList()    │
2025-01-23 14:12:37.812  INFO 24308 --- [ehr01] [http-nio-8080-exec-6] com.pcwk.ehr.question.QuestionService    : └──────────────┘
2025-01-23 14:12:37.814  INFO 24308 --- [ehr01] [http-nio-8080-exec-6] c.pcwk.ehr.question.QuestionController   : size:2
2025-01-23 14:12:56.478  INFO 24308 --- [ehr01] [http-nio-8080-exec-7] com.pcwk.ehr.question.QuestionService    : ┌──────────────┐
2025-01-23 14:12:56.478  INFO 24308 --- [ehr01] [http-nio-8080-exec-7] com.pcwk.ehr.question.QuestionService    : │ getList()    │
2025-01-23 14:12:56.479  INFO 24308 --- [ehr01] [http-nio-8080-exec-7] com.pcwk.ehr.question.QuestionService    : └──────────────┘
2025-01-23 14:12:56.482  INFO 24308 --- [ehr01] [http-nio-8080-exec-7] c.pcwk.ehr.question.QuestionController   : size:2
2025-01-23 14:15:48.595  INFO 24308 --- [ehr01] [http-nio-8080-exec-10] com.pcwk.ehr.question.QuestionService    : ┌──────────────┐
2025-01-23 14:15:48.596  INFO 24308 --- [ehr01] [http-nio-8080-exec-10] com.pcwk.ehr.question.QuestionService    : │ getList()    │
2025-01-23 14:15:48.596  INFO 24308 --- [ehr01] [http-nio-8080-exec-10] com.pcwk.ehr.question.QuestionService    : └──────────────┘
2025-01-23 14:15:48.599  INFO 24308 --- [ehr01] [http-nio-8080-exec-10] c.pcwk.ehr.question.QuestionController   : size:2
2025-01-23 14:18:31.992  INFO 24308 --- [ehr01] [http-nio-8080-exec-5] com.pcwk.ehr.question.QuestionService    : ┌──────────────┐
2025-01-23 14:18:31.993  INFO 24308 --- [ehr01] [http-nio-8080-exec-5] com.pcwk.ehr.question.QuestionService    : │ getList()    │
2025-01-23 14:18:31.993  INFO 24308 --- [ehr01] [http-nio-8080-exec-5] com.pcwk.ehr.question.QuestionService    : └──────────────┘
2025-01-23 14:18:31.996  INFO 24308 --- [ehr01] [http-nio-8080-exec-5] c.pcwk.ehr.question.QuestionController   : size:2
2025-01-23 14:18:35.055  INFO 24308 --- [ehr01] [http-nio-8080-exec-6] com.pcwk.ehr.question.QuestionService    : ┌──────────────┐
2025-01-23 14:18:35.056  INFO 24308 --- [ehr01] [http-nio-8080-exec-6] com.pcwk.ehr.question.QuestionService    : │ getList()    │
2025-01-23 14:18:35.056  INFO 24308 --- [ehr01] [http-nio-8080-exec-6] com.pcwk.ehr.question.QuestionService    : └──────────────┘
2025-01-23 14:18:35.058  INFO 24308 --- [ehr01] [http-nio-8080-exec-6] c.pcwk.ehr.question.QuestionController   : size:2
2025-01-23 14:23:13.443  INFO 24308 --- [ehr01] [File Watcher] rtingClassPathChangeChangedEventListener : Restarting due to 1 class path change (0 additions, 0 deletions, 1 modification)
2025-01-23 14:23:13.463  INFO 24308 --- [ehr01] [Thread-6] j.LocalContainerEntityManagerFactoryBean : Closing JPA EntityManagerFactory for persistence unit 'default'
2025-01-23 14:23:13.466  INFO 24308 --- [ehr01] [Thread-6] com.zaxxer.hikari.HikariDataSource       : HikariPool-1 - Shutdown initiated...
2025-01-23 14:23:13.469  INFO 24308 --- [ehr01] [Thread-6] com.zaxxer.hikari.HikariDataSource       : HikariPool-1 - Shutdown completed.
2025-01-23 14:23:13.606  INFO 24308 --- [ehr01] [restartedMain] com.pcwk.ehr.Ehr01Application            : Starting Ehr01Application using Java 21.0.5 with PID 24308 (C:\Users\gy\ora\boot\workspace\ehr01\bin\main started by gy in C:\Users\gy\ora\boot\workspace\ehr01)
2025-01-23 14:23:13.606  INFO 24308 --- [ehr01] [restartedMain] com.pcwk.ehr.Ehr01Application            : No active profile set, falling back to 1 default profile: "default"
2025-01-23 14:23:13.881  INFO 24308 --- [ehr01] [restartedMain] .s.d.r.c.RepositoryConfigurationDelegate : Bootstrapping Spring Data JPA repositories in DEFAULT mode.
2025-01-23 14:23:13.903  INFO 24308 --- [ehr01] [restartedMain] .s.d.r.c.RepositoryConfigurationDelegate : Finished Spring Data repository scanning in 21 ms. Found 2 JPA repository interfaces.
2025-01-23 14:23:14.058  INFO 24308 --- [ehr01] [restartedMain] o.s.b.w.embedded.tomcat.TomcatWebServer  : Tomcat initialized with port 8080 (http)
2025-01-23 14:23:14.060  INFO 24308 --- [ehr01] [restartedMain] o.apache.catalina.core.StandardService   : Starting service [Tomcat]
2025-01-23 14:23:14.060  INFO 24308 --- [ehr01] [restartedMain] o.apache.catalina.core.StandardEngine    : Starting Servlet engine: [Apache Tomcat/10.1.34]
2025-01-23 14:23:14.110  INFO 24308 --- [ehr01] [restartedMain] o.a.c.c.C.[Tomcat].[localhost].[/]       : Initializing Spring embedded WebApplicationContext
2025-01-23 14:23:14.110  INFO 24308 --- [ehr01] [restartedMain] w.s.c.ServletWebServerApplicationContext : Root WebApplicationContext: initialization completed in 496 ms
2025-01-23 14:23:14.203  INFO 24308 --- [ehr01] [restartedMain] o.hibernate.jpa.internal.util.LogHelper  : HHH000204: Processing PersistenceUnitInfo [name: default]
2025-01-23 14:23:14.210  INFO 24308 --- [ehr01] [restartedMain] o.h.c.internal.RegionFactoryInitiator    : HHH000026: Second-level cache disabled
2025-01-23 14:23:14.226  INFO 24308 --- [ehr01] [restartedMain] o.s.o.j.p.SpringPersistenceUnitInfo      : No LoadTimeWeaver setup: ignoring JPA class transformer
2025-01-23 14:23:14.228  INFO 24308 --- [ehr01] [restartedMain] com.zaxxer.hikari.HikariDataSource       : HikariPool-2 - Starting...
2025-01-23 14:23:14.230  INFO 24308 --- [ehr01] [restartedMain] com.zaxxer.hikari.pool.HikariPool        : HikariPool-2 - Added connection conn10: url=jdbc:h2:~/local user=SA
2025-01-23 14:23:14.231  INFO 24308 --- [ehr01] [restartedMain] com.zaxxer.hikari.HikariDataSource       : HikariPool-2 - Start completed.
2025-01-23 14:23:14.232  WARN 24308 --- [ehr01] [restartedMain] org.hibernate.orm.deprecation            : HHH90000025: H2Dialect does not need to be specified explicitly using 'hibernate.dialect' (remove the property setting and it will be selected by default)
2025-01-23 14:23:14.300  INFO 24308 --- [ehr01] [restartedMain] o.h.e.t.j.p.i.JtaPlatformInitiator       : HHH000489: No JTA platform available (set 'hibernate.transaction.jta.platform' to enable JTA platform integration)
2025-01-23 14:23:14.303  INFO 24308 --- [ehr01] [restartedMain] j.LocalContainerEntityManagerFactoryBean : Initialized JPA EntityManagerFactory for persistence unit 'default'
2025-01-23 14:23:14.314  INFO 24308 --- [ehr01] [restartedMain] com.pcwk.ehr.question.QuestionService    : ┌──────────────────────┐
2025-01-23 14:23:14.315  INFO 24308 --- [ehr01] [restartedMain] com.pcwk.ehr.question.QuestionService    : │ QuestionService()    │
2025-01-23 14:23:14.315  INFO 24308 --- [ehr01] [restartedMain] com.pcwk.ehr.question.QuestionService    : └──────────────────────┘
2025-01-23 14:23:14.405  WARN 24308 --- [ehr01] [restartedMain] JpaBaseConfiguration$JpaWebConfiguration : spring.jpa.open-in-view is enabled by default. Therefore, database queries may be performed during view rendering. Explicitly configure spring.jpa.open-in-view to disable this warning
2025-01-23 14:23:14.416  INFO 24308 --- [ehr01] [restartedMain] o.s.b.a.w.s.WelcomePageHandlerMapping    : Adding welcome page: class path resource [static/index.html]
2025-01-23 14:23:14.550  INFO 24308 --- [ehr01] [restartedMain] o.s.b.a.h2.H2ConsoleAutoConfiguration    : H2 console available at '/h2-console'. Database available at 'jdbc:h2:~/local'
2025-01-23 14:23:14.572  INFO 24308 --- [ehr01] [restartedMain] o.s.b.d.a.OptionalLiveReloadServer       : LiveReload server is running on port 35729
2025-01-23 14:23:14.593  INFO 24308 --- [ehr01] [restartedMain] o.s.b.w.embedded.tomcat.TomcatWebServer  : Tomcat started on port 8080 (http) with context path '/'
2025-01-23 14:23:14.598  INFO 24308 --- [ehr01] [restartedMain] com.pcwk.ehr.Ehr01Application            : Started Ehr01Application in 1.039 seconds (process running for 843.703)
2025-01-23 14:23:14.602  INFO 24308 --- [ehr01] [restartedMain] .ConditionEvaluationDeltaLoggingListener : Condition evaluation unchanged
2025-01-23 14:23:23.109  INFO 24308 --- [ehr01] [http-nio-8080-exec-1] o.a.c.c.C.[Tomcat].[localhost].[/]       : Initializing Spring DispatcherServlet 'dispatcherServlet'
2025-01-23 14:23:23.110  INFO 24308 --- [ehr01] [http-nio-8080-exec-1] o.s.web.servlet.DispatcherServlet        : Initializing Servlet 'dispatcherServlet'
2025-01-23 14:23:23.112  INFO 24308 --- [ehr01] [http-nio-8080-exec-1] o.s.web.servlet.DispatcherServlet        : Completed initialization in 2 ms
2025-01-23 14:23:23.115  INFO 24308 --- [ehr01] [http-nio-8080-exec-1] com.pcwk.ehr.question.QuestionService    : ┌──────────────┐
2025-01-23 14:23:23.115  INFO 24308 --- [ehr01] [http-nio-8080-exec-1] com.pcwk.ehr.question.QuestionService    : │ getList()    │
2025-01-23 14:23:23.115  INFO 24308 --- [ehr01] [http-nio-8080-exec-1] com.pcwk.ehr.question.QuestionService    : └──────────────┘
2025-01-23 14:23:23.125  INFO 24308 --- [ehr01] [http-nio-8080-exec-1] c.pcwk.ehr.question.QuestionController   : size:2
2025-01-23 14:23:24.741 ERROR 24308 --- [ehr01] [http-nio-8080-exec-2] org.thymeleaf.TemplateEngine             : [THYMELEAF][http-nio-8080-exec-2] Exception processing template "question/question_detail": Error resolving template [question/question_detail], template might not exist or might not be accessible by any of the configured Template Resolvers

org.thymeleaf.exceptions.TemplateInputException: Error resolving template [question/question_detail], template might not exist or might not be accessible by any of the configured Template Resolvers
	at org.thymeleaf.engine.TemplateManager.resolveTemplate(TemplateManager.java:869) ~[thymeleaf-3.1.3.RELEASE.jar:3.1.3.RELEASE]
	at org.thymeleaf.engine.TemplateManager.parseAndProcess(TemplateManager.java:607) ~[thymeleaf-3.1.3.RELEASE.jar:3.1.3.RELEASE]
	at org.thymeleaf.TemplateEngine.process(TemplateEngine.java:1103) ~[thymeleaf-3.1.3.RELEASE.jar:3.1.3.RELEASE]
	at org.thymeleaf.TemplateEngine.process(TemplateEngine.java:1077) ~[thymeleaf-3.1.3.RELEASE.jar:3.1.3.RELEASE]
	at org.thymeleaf.spring6.view.ThymeleafView.renderFragment(ThymeleafView.java:372) ~[thymeleaf-spring6-3.1.3.RELEASE.jar:3.1.3.RELEASE]
	at org.thymeleaf.spring6.view.ThymeleafView.render(ThymeleafView.java:192) ~[thymeleaf-spring6-3.1.3.RELEASE.jar:3.1.3.RELEASE]
	at org.springframework.web.servlet.DispatcherServlet.render(DispatcherServlet.java:1432) ~[spring-webmvc-6.1.16.jar:6.1.16]
	at org.springframework.web.servlet.DispatcherServlet.processDispatchResult(DispatcherServlet.java:1168) ~[spring-webmvc-6.1.16.jar:6.1.16]
	at org.springframework.web.servlet.DispatcherServlet.doDispatch(DispatcherServlet.java:1106) ~[spring-webmvc-6.1.16.jar:6.1.16]
	at org.springframework.web.servlet.DispatcherServlet.doService(DispatcherServlet.java:979) ~[spring-webmvc-6.1.16.jar:6.1.16]
	at org.springframework.web.servlet.FrameworkServlet.processRequest(FrameworkServlet.java:1014) ~[spring-webmvc-6.1.16.jar:6.1.16]
	at org.springframework.web.servlet.FrameworkServlet.doGet(FrameworkServlet.java:903) ~[spring-webmvc-6.1.16.jar:6.1.16]
	at jakarta.servlet.http.HttpServlet.service(HttpServlet.java:564) ~[tomcat-embed-core-10.1.34.jar:6.0]
	at org.springframework.web.servlet.FrameworkServlet.service(FrameworkServlet.java:885) ~[spring-webmvc-6.1.16.jar:6.1.16]
	at jakarta.servlet.http.HttpServlet.service(HttpServlet.java:658) ~[tomcat-embed-core-10.1.34.jar:6.0]
	at org.apache.catalina.core.ApplicationFilterChain.internalDoFilter(ApplicationFilterChain.java:195) ~[tomcat-embed-core-10.1.34.jar:10.1.34]
	at org.apache.catalina.core.ApplicationFilterChain.doFilter(ApplicationFilterChain.java:140) ~[tomcat-embed-core-10.1.34.jar:10.1.34]
	at org.apache.tomcat.websocket.server.WsFilter.doFilter(WsFilter.java:51) ~[tomcat-embed-websocket-10.1.34.jar:10.1.34]
	at org.apache.catalina.core.ApplicationFilterChain.internalDoFilter(ApplicationFilterChain.java:164) ~[tomcat-embed-core-10.1.34.jar:10.1.34]
	at org.apache.catalina.core.ApplicationFilterChain.doFilter(ApplicationFilterChain.java:140) ~[tomcat-embed-core-10.1.34.jar:10.1.34]
	at org.springframework.web.filter.RequestContextFilter.doFilterInternal(RequestContextFilter.java:100) ~[spring-web-6.1.16.jar:6.1.16]
	at org.springframework.web.filter.OncePerRequestFilter.doFilter(OncePerRequestFilter.java:116) ~[spring-web-6.1.16.jar:6.1.16]
	at org.apache.catalina.core.ApplicationFilterChain.internalDoFilter(ApplicationFilterChain.java:164) ~[tomcat-embed-core-10.1.34.jar:10.1.34]
	at org.apache.catalina.core.ApplicationFilterChain.doFilter(ApplicationFilterChain.java:140) ~[tomcat-embed-core-10.1.34.jar:10.1.34]
	at org.springframework.web.filter.FormContentFilter.doFilterInternal(FormContentFilter.java:93) ~[spring-web-6.1.16.jar:6.1.16]
	at org.springframework.web.filter.OncePerRequestFilter.doFilter(OncePerRequestFilter.java:116) ~[spring-web-6.1.16.jar:6.1.16]
	at org.apache.catalina.core.ApplicationFilterChain.internalDoFilter(ApplicationFilterChain.java:164) ~[tomcat-embed-core-10.1.34.jar:10.1.34]
	at org.apache.catalina.core.ApplicationFilterChain.doFilter(ApplicationFilterChain.java:140) ~[tomcat-embed-core-10.1.34.jar:10.1.34]
	at org.springframework.web.filter.CharacterEncodingFilter.doFilterInternal(CharacterEncodingFilter.java:201) ~[spring-web-6.1.16.jar:6.1.16]
	at org.springframework.web.filter.OncePerRequestFilter.doFilter(OncePerRequestFilter.java:116) ~[spring-web-6.1.16.jar:6.1.16]
	at org.apache.catalina.core.ApplicationFilterChain.internalDoFilter(ApplicationFilterChain.java:164) ~[tomcat-embed-core-10.1.34.jar:10.1.34]
	at org.apache.catalina.core.ApplicationFilterChain.doFilter(ApplicationFilterChain.java:140) ~[tomcat-embed-core-10.1.34.jar:10.1.34]
	at org.apache.catalina.core.StandardWrapperValve.invoke(StandardWrapperValve.java:167) ~[tomcat-embed-core-10.1.34.jar:10.1.34]
	at org.apache.catalina.core.StandardContextValve.invoke(StandardContextValve.java:90) ~[tomcat-embed-core-10.1.34.jar:10.1.34]
	at org.apache.catalina.authenticator.AuthenticatorBase.invoke(AuthenticatorBase.java:483) ~[tomcat-embed-core-10.1.34.jar:10.1.34]
	at org.apache.catalina.core.StandardHostValve.invoke(StandardHostValve.java:115) ~[tomcat-embed-core-10.1.34.jar:10.1.34]
	at org.apache.catalina.valves.ErrorReportValve.invoke(ErrorReportValve.java:93) ~[tomcat-embed-core-10.1.34.jar:10.1.34]
	at org.apache.catalina.core.StandardEngineValve.invoke(StandardEngineValve.java:74) ~[tomcat-embed-core-10.1.34.jar:10.1.34]
	at org.apache.catalina.connector.CoyoteAdapter.service(CoyoteAdapter.java:344) ~[tomcat-embed-core-10.1.34.jar:10.1.34]
	at org.apache.coyote.http11.Http11Processor.service(Http11Processor.java:397) ~[tomcat-embed-core-10.1.34.jar:10.1.34]
	at org.apache.coyote.AbstractProcessorLight.process(AbstractProcessorLight.java:63) ~[tomcat-embed-core-10.1.34.jar:10.1.34]
	at org.apache.coyote.AbstractProtocol$ConnectionHandler.process(AbstractProtocol.java:905) ~[tomcat-embed-core-10.1.34.jar:10.1.34]
	at org.apache.tomcat.util.net.NioEndpoint$SocketProcessor.doRun(NioEndpoint.java:1741) ~[tomcat-embed-core-10.1.34.jar:10.1.34]
	at org.apache.tomcat.util.net.SocketProcessorBase.run(SocketProcessorBase.java:52) ~[tomcat-embed-core-10.1.34.jar:10.1.34]
	at org.apache.tomcat.util.threads.ThreadPoolExecutor.runWorker(ThreadPoolExecutor.java:1190) ~[tomcat-embed-core-10.1.34.jar:10.1.34]
	at org.apache.tomcat.util.threads.ThreadPoolExecutor$Worker.run(ThreadPoolExecutor.java:659) ~[tomcat-embed-core-10.1.34.jar:10.1.34]
	at org.apache.tomcat.util.threads.TaskThread$WrappingRunnable.run(TaskThread.java:63) ~[tomcat-embed-core-10.1.34.jar:10.1.34]
	at java.base/java.lang.Thread.run(Thread.java:1583) ~[na:na]

2025-01-23 14:23:24.756 ERROR 24308 --- [ehr01] [http-nio-8080-exec-2] o.a.c.c.C.[.[.[/].[dispatcherServlet]    : Servlet.service() for servlet [dispatcherServlet] in context with path [] threw exception [Request processing failed: org.thymeleaf.exceptions.TemplateInputException: Error resolving template [question/question_detail], template might not exist or might not be accessible by any of the configured Template Resolvers] with root cause

org.thymeleaf.exceptions.TemplateInputException: Error resolving template [question/question_detail], template might not exist or might not be accessible by any of the configured Template Resolvers
	at org.thymeleaf.engine.TemplateManager.resolveTemplate(TemplateManager.java:869) ~[thymeleaf-3.1.3.RELEASE.jar:3.1.3.RELEASE]
	at org.thymeleaf.engine.TemplateManager.parseAndProcess(TemplateManager.java:607) ~[thymeleaf-3.1.3.RELEASE.jar:3.1.3.RELEASE]
	at org.thymeleaf.TemplateEngine.process(TemplateEngine.java:1103) ~[thymeleaf-3.1.3.RELEASE.jar:3.1.3.RELEASE]
	at org.thymeleaf.TemplateEngine.process(TemplateEngine.java:1077) ~[thymeleaf-3.1.3.RELEASE.jar:3.1.3.RELEASE]
	at org.thymeleaf.spring6.view.ThymeleafView.renderFragment(ThymeleafView.java:372) ~[thymeleaf-spring6-3.1.3.RELEASE.jar:3.1.3.RELEASE]
	at org.thymeleaf.spring6.view.ThymeleafView.render(ThymeleafView.java:192) ~[thymeleaf-spring6-3.1.3.RELEASE.jar:3.1.3.RELEASE]
	at org.springframework.web.servlet.DispatcherServlet.render(DispatcherServlet.java:1432) ~[spring-webmvc-6.1.16.jar:6.1.16]
	at org.springframework.web.servlet.DispatcherServlet.processDispatchResult(DispatcherServlet.java:1168) ~[spring-webmvc-6.1.16.jar:6.1.16]
	at org.springframework.web.servlet.DispatcherServlet.doDispatch(DispatcherServlet.java:1106) ~[spring-webmvc-6.1.16.jar:6.1.16]
	at org.springframework.web.servlet.DispatcherServlet.doService(DispatcherServlet.java:979) ~[spring-webmvc-6.1.16.jar:6.1.16]
	at org.springframework.web.servlet.FrameworkServlet.processRequest(FrameworkServlet.java:1014) ~[spring-webmvc-6.1.16.jar:6.1.16]
	at org.springframework.web.servlet.FrameworkServlet.doGet(FrameworkServlet.java:903) ~[spring-webmvc-6.1.16.jar:6.1.16]
	at jakarta.servlet.http.HttpServlet.service(HttpServlet.java:564) ~[tomcat-embed-core-10.1.34.jar:6.0]
	at org.springframework.web.servlet.FrameworkServlet.service(FrameworkServlet.java:885) ~[spring-webmvc-6.1.16.jar:6.1.16]
	at jakarta.servlet.http.HttpServlet.service(HttpServlet.java:658) ~[tomcat-embed-core-10.1.34.jar:6.0]
	at org.apache.catalina.core.ApplicationFilterChain.internalDoFilter(ApplicationFilterChain.java:195) ~[tomcat-embed-core-10.1.34.jar:10.1.34]
	at org.apache.catalina.core.ApplicationFilterChain.doFilter(ApplicationFilterChain.java:140) ~[tomcat-embed-core-10.1.34.jar:10.1.34]
	at org.apache.tomcat.websocket.server.WsFilter.doFilter(WsFilter.java:51) ~[tomcat-embed-websocket-10.1.34.jar:10.1.34]
	at org.apache.catalina.core.ApplicationFilterChain.internalDoFilter(ApplicationFilterChain.java:164) ~[tomcat-embed-core-10.1.34.jar:10.1.34]
	at org.apache.catalina.core.ApplicationFilterChain.doFilter(ApplicationFilterChain.java:140) ~[tomcat-embed-core-10.1.34.jar:10.1.34]
	at org.springframework.web.filter.RequestContextFilter.doFilterInternal(RequestContextFilter.java:100) ~[spring-web-6.1.16.jar:6.1.16]
	at org.springframework.web.filter.OncePerRequestFilter.doFilter(OncePerRequestFilter.java:116) ~[spring-web-6.1.16.jar:6.1.16]
	at org.apache.catalina.core.ApplicationFilterChain.internalDoFilter(ApplicationFilterChain.java:164) ~[tomcat-embed-core-10.1.34.jar:10.1.34]
	at org.apache.catalina.core.ApplicationFilterChain.doFilter(ApplicationFilterChain.java:140) ~[tomcat-embed-core-10.1.34.jar:10.1.34]
	at org.springframework.web.filter.FormContentFilter.doFilterInternal(FormContentFilter.java:93) ~[spring-web-6.1.16.jar:6.1.16]
	at org.springframework.web.filter.OncePerRequestFilter.doFilter(OncePerRequestFilter.java:116) ~[spring-web-6.1.16.jar:6.1.16]
	at org.apache.catalina.core.ApplicationFilterChain.internalDoFilter(ApplicationFilterChain.java:164) ~[tomcat-embed-core-10.1.34.jar:10.1.34]
	at org.apache.catalina.core.ApplicationFilterChain.doFilter(ApplicationFilterChain.java:140) ~[tomcat-embed-core-10.1.34.jar:10.1.34]
	at org.springframework.web.filter.CharacterEncodingFilter.doFilterInternal(CharacterEncodingFilter.java:201) ~[spring-web-6.1.16.jar:6.1.16]
	at org.springframework.web.filter.OncePerRequestFilter.doFilter(OncePerRequestFilter.java:116) ~[spring-web-6.1.16.jar:6.1.16]
	at org.apache.catalina.core.ApplicationFilterChain.internalDoFilter(ApplicationFilterChain.java:164) ~[tomcat-embed-core-10.1.34.jar:10.1.34]
	at org.apache.catalina.core.ApplicationFilterChain.doFilter(ApplicationFilterChain.java:140) ~[tomcat-embed-core-10.1.34.jar:10.1.34]
	at org.apache.catalina.core.StandardWrapperValve.invoke(StandardWrapperValve.java:167) ~[tomcat-embed-core-10.1.34.jar:10.1.34]
	at org.apache.catalina.core.StandardContextValve.invoke(StandardContextValve.java:90) ~[tomcat-embed-core-10.1.34.jar:10.1.34]
	at org.apache.catalina.authenticator.AuthenticatorBase.invoke(AuthenticatorBase.java:483) ~[tomcat-embed-core-10.1.34.jar:10.1.34]
	at org.apache.catalina.core.StandardHostValve.invoke(StandardHostValve.java:115) ~[tomcat-embed-core-10.1.34.jar:10.1.34]
	at org.apache.catalina.valves.ErrorReportValve.invoke(ErrorReportValve.java:93) ~[tomcat-embed-core-10.1.34.jar:10.1.34]
	at org.apache.catalina.core.StandardEngineValve.invoke(StandardEngineValve.java:74) ~[tomcat-embed-core-10.1.34.jar:10.1.34]
	at org.apache.catalina.connector.CoyoteAdapter.service(CoyoteAdapter.java:344) ~[tomcat-embed-core-10.1.34.jar:10.1.34]
	at org.apache.coyote.http11.Http11Processor.service(Http11Processor.java:397) ~[tomcat-embed-core-10.1.34.jar:10.1.34]
	at org.apache.coyote.AbstractProcessorLight.process(AbstractProcessorLight.java:63) ~[tomcat-embed-core-10.1.34.jar:10.1.34]
	at org.apache.coyote.AbstractProtocol$ConnectionHandler.process(AbstractProtocol.java:905) ~[tomcat-embed-core-10.1.34.jar:10.1.34]
	at org.apache.tomcat.util.net.NioEndpoint$SocketProcessor.doRun(NioEndpoint.java:1741) ~[tomcat-embed-core-10.1.34.jar:10.1.34]
	at org.apache.tomcat.util.net.SocketProcessorBase.run(SocketProcessorBase.java:52) ~[tomcat-embed-core-10.1.34.jar:10.1.34]
	at org.apache.tomcat.util.threads.ThreadPoolExecutor.runWorker(ThreadPoolExecutor.java:1190) ~[tomcat-embed-core-10.1.34.jar:10.1.34]
	at org.apache.tomcat.util.threads.ThreadPoolExecutor$Worker.run(ThreadPoolExecutor.java:659) ~[tomcat-embed-core-10.1.34.jar:10.1.34]
	at org.apache.tomcat.util.threads.TaskThread$WrappingRunnable.run(TaskThread.java:63) ~[tomcat-embed-core-10.1.34.jar:10.1.34]
	at java.base/java.lang.Thread.run(Thread.java:1583) ~[na:na]

2025-01-23 14:24:11.633  INFO 24308 --- [ehr01] [http-nio-8080-exec-3] com.pcwk.ehr.question.QuestionService    : ┌──────────────┐
2025-01-23 14:24:11.633  INFO 24308 --- [ehr01] [http-nio-8080-exec-3] com.pcwk.ehr.question.QuestionService    : │ getList()    │
2025-01-23 14:24:11.633  INFO 24308 --- [ehr01] [http-nio-8080-exec-3] com.pcwk.ehr.question.QuestionService    : └──────────────┘
2025-01-23 14:24:11.636  INFO 24308 --- [ehr01] [http-nio-8080-exec-3] c.pcwk.ehr.question.QuestionController   : size:2
2025-01-23 14:29:54.914  INFO 24308 --- [ehr01] [http-nio-8080-exec-7] com.pcwk.ehr.question.QuestionService    : ┌──────────────┐
2025-01-23 14:29:54.914  INFO 24308 --- [ehr01] [http-nio-8080-exec-7] com.pcwk.ehr.question.QuestionService    : │ getList()    │
2025-01-23 14:29:54.914  INFO 24308 --- [ehr01] [http-nio-8080-exec-7] com.pcwk.ehr.question.QuestionService    : └──────────────┘
2025-01-23 14:29:54.918  INFO 24308 --- [ehr01] [http-nio-8080-exec-7] c.pcwk.ehr.question.QuestionController   : size:2
2025-01-23 14:33:35.250  INFO 24308 --- [ehr01] [File Watcher] rtingClassPathChangeChangedEventListener : Restarting due to 1 class path change (0 additions, 0 deletions, 1 modification)
2025-01-23 14:33:35.263  INFO 24308 --- [ehr01] [Thread-8] j.LocalContainerEntityManagerFactoryBean : Closing JPA EntityManagerFactory for persistence unit 'default'
2025-01-23 14:33:35.265  INFO 24308 --- [ehr01] [Thread-8] com.zaxxer.hikari.HikariDataSource       : HikariPool-2 - Shutdown initiated...
2025-01-23 14:33:35.266  INFO 24308 --- [ehr01] [Thread-8] com.zaxxer.hikari.HikariDataSource       : HikariPool-2 - Shutdown completed.
2025-01-23 14:33:35.378  INFO 24308 --- [ehr01] [restartedMain] com.pcwk.ehr.Ehr01Application            : Starting Ehr01Application using Java 21.0.5 with PID 24308 (C:\Users\gy\ora\boot\workspace\ehr01\bin\main started by gy in C:\Users\gy\ora\boot\workspace\ehr01)
2025-01-23 14:33:35.378  INFO 24308 --- [ehr01] [restartedMain] com.pcwk.ehr.Ehr01Application            : No active profile set, falling back to 1 default profile: "default"
2025-01-23 14:33:35.711  INFO 24308 --- [ehr01] [restartedMain] .s.d.r.c.RepositoryConfigurationDelegate : Bootstrapping Spring Data JPA repositories in DEFAULT mode.
2025-01-23 14:33:35.730  INFO 24308 --- [ehr01] [restartedMain] .s.d.r.c.RepositoryConfigurationDelegate : Finished Spring Data repository scanning in 18 ms. Found 2 JPA repository interfaces.
2025-01-23 14:33:35.879  INFO 24308 --- [ehr01] [restartedMain] o.s.b.w.embedded.tomcat.TomcatWebServer  : Tomcat initialized with port 8080 (http)
2025-01-23 14:33:35.881  INFO 24308 --- [ehr01] [restartedMain] o.apache.catalina.core.StandardService   : Starting service [Tomcat]
2025-01-23 14:33:35.881  INFO 24308 --- [ehr01] [restartedMain] o.apache.catalina.core.StandardEngine    : Starting Servlet engine: [Apache Tomcat/10.1.34]
2025-01-23 14:33:35.930  INFO 24308 --- [ehr01] [restartedMain] o.a.c.c.C.[Tomcat].[localhost].[/]       : Initializing Spring embedded WebApplicationContext
2025-01-23 14:33:35.931  INFO 24308 --- [ehr01] [restartedMain] w.s.c.ServletWebServerApplicationContext : Root WebApplicationContext: initialization completed in 543 ms
2025-01-23 14:33:35.989  INFO 24308 --- [ehr01] [restartedMain] o.hibernate.jpa.internal.util.LogHelper  : HHH000204: Processing PersistenceUnitInfo [name: default]
2025-01-23 14:33:35.997  INFO 24308 --- [ehr01] [restartedMain] o.h.c.internal.RegionFactoryInitiator    : HHH000026: Second-level cache disabled
2025-01-23 14:33:36.015  INFO 24308 --- [ehr01] [restartedMain] o.s.o.j.p.SpringPersistenceUnitInfo      : No LoadTimeWeaver setup: ignoring JPA class transformer
2025-01-23 14:33:36.018  INFO 24308 --- [ehr01] [restartedMain] com.zaxxer.hikari.HikariDataSource       : HikariPool-3 - Starting...
2025-01-23 14:33:36.019  INFO 24308 --- [ehr01] [restartedMain] com.zaxxer.hikari.pool.HikariPool        : HikariPool-3 - Added connection conn20: url=jdbc:h2:~/local user=SA
2025-01-23 14:33:36.020  INFO 24308 --- [ehr01] [restartedMain] com.zaxxer.hikari.HikariDataSource       : HikariPool-3 - Start completed.
2025-01-23 14:33:36.021  WARN 24308 --- [ehr01] [restartedMain] org.hibernate.orm.deprecation            : HHH90000025: H2Dialect does not need to be specified explicitly using 'hibernate.dialect' (remove the property setting and it will be selected by default)
2025-01-23 14:33:36.106  INFO 24308 --- [ehr01] [restartedMain] o.h.e.t.j.p.i.JtaPlatformInitiator       : HHH000489: No JTA platform available (set 'hibernate.transaction.jta.platform' to enable JTA platform integration)
2025-01-23 14:33:36.110  INFO 24308 --- [ehr01] [restartedMain] j.LocalContainerEntityManagerFactoryBean : Initialized JPA EntityManagerFactory for persistence unit 'default'
2025-01-23 14:33:36.122  INFO 24308 --- [ehr01] [restartedMain] com.pcwk.ehr.question.QuestionService    : ┌──────────────────────┐
2025-01-23 14:33:36.122  INFO 24308 --- [ehr01] [restartedMain] com.pcwk.ehr.question.QuestionService    : │ QuestionService()    │
2025-01-23 14:33:36.122  INFO 24308 --- [ehr01] [restartedMain] com.pcwk.ehr.question.QuestionService    : └──────────────────────┘
2025-01-23 14:33:36.200  WARN 24308 --- [ehr01] [restartedMain] JpaBaseConfiguration$JpaWebConfiguration : spring.jpa.open-in-view is enabled by default. Therefore, database queries may be performed during view rendering. Explicitly configure spring.jpa.open-in-view to disable this warning
2025-01-23 14:33:36.210  INFO 24308 --- [ehr01] [restartedMain] o.s.b.a.w.s.WelcomePageHandlerMapping    : Adding welcome page: class path resource [static/index.html]
2025-01-23 14:33:36.337  INFO 24308 --- [ehr01] [restartedMain] o.s.b.a.h2.H2ConsoleAutoConfiguration    : H2 console available at '/h2-console'. Database available at 'jdbc:h2:~/local'
2025-01-23 14:33:36.367  INFO 24308 --- [ehr01] [restartedMain] o.s.b.d.a.OptionalLiveReloadServer       : LiveReload server is running on port 35729
2025-01-23 14:33:36.388  INFO 24308 --- [ehr01] [restartedMain] o.s.b.w.embedded.tomcat.TomcatWebServer  : Tomcat started on port 8080 (http) with context path '/'
2025-01-23 14:33:36.392  INFO 24308 --- [ehr01] [restartedMain] com.pcwk.ehr.Ehr01Application            : Started Ehr01Application in 1.067 seconds (process running for 1465.497)
2025-01-23 14:33:36.394  INFO 24308 --- [ehr01] [restartedMain] .ConditionEvaluationDeltaLoggingListener : Condition evaluation unchanged
2025-01-23 14:35:29.701  INFO 24308 --- [ehr01] [File Watcher] rtingClassPathChangeChangedEventListener : Restarting due to 1 class path change (0 additions, 0 deletions, 1 modification)
2025-01-23 14:35:29.714  INFO 24308 --- [ehr01] [Thread-12] j.LocalContainerEntityManagerFactoryBean : Closing JPA EntityManagerFactory for persistence unit 'default'
2025-01-23 14:35:29.715  INFO 24308 --- [ehr01] [Thread-12] com.zaxxer.hikari.HikariDataSource       : HikariPool-3 - Shutdown initiated...
2025-01-23 14:35:29.716  INFO 24308 --- [ehr01] [Thread-12] com.zaxxer.hikari.HikariDataSource       : HikariPool-3 - Shutdown completed.
2025-01-23 14:35:29.811  INFO 24308 --- [ehr01] [restartedMain] com.pcwk.ehr.Ehr01Application            : Starting Ehr01Application using Java 21.0.5 with PID 24308 (C:\Users\gy\ora\boot\workspace\ehr01\bin\main started by gy in C:\Users\gy\ora\boot\workspace\ehr01)
2025-01-23 14:35:29.811  INFO 24308 --- [ehr01] [restartedMain] com.pcwk.ehr.Ehr01Application            : No active profile set, falling back to 1 default profile: "default"
2025-01-23 14:35:30.069  INFO 24308 --- [ehr01] [restartedMain] .s.d.r.c.RepositoryConfigurationDelegate : Bootstrapping Spring Data JPA repositories in DEFAULT mode.
2025-01-23 14:35:30.091  INFO 24308 --- [ehr01] [restartedMain] .s.d.r.c.RepositoryConfigurationDelegate : Finished Spring Data repository scanning in 21 ms. Found 2 JPA repository interfaces.
2025-01-23 14:35:30.235  INFO 24308 --- [ehr01] [restartedMain] o.s.b.w.embedded.tomcat.TomcatWebServer  : Tomcat initialized with port 8080 (http)
2025-01-23 14:35:30.236  INFO 24308 --- [ehr01] [restartedMain] o.apache.catalina.core.StandardService   : Starting service [Tomcat]
2025-01-23 14:35:30.236  INFO 24308 --- [ehr01] [restartedMain] o.apache.catalina.core.StandardEngine    : Starting Servlet engine: [Apache Tomcat/10.1.34]
2025-01-23 14:35:30.288  INFO 24308 --- [ehr01] [restartedMain] o.a.c.c.C.[Tomcat].[localhost].[/]       : Initializing Spring embedded WebApplicationContext
2025-01-23 14:35:30.288  INFO 24308 --- [ehr01] [restartedMain] w.s.c.ServletWebServerApplicationContext : Root WebApplicationContext: initialization completed in 475 ms
2025-01-23 14:35:30.339  INFO 24308 --- [ehr01] [restartedMain] o.hibernate.jpa.internal.util.LogHelper  : HHH000204: Processing PersistenceUnitInfo [name: default]
2025-01-23 14:35:30.346  INFO 24308 --- [ehr01] [restartedMain] o.h.c.internal.RegionFactoryInitiator    : HHH000026: Second-level cache disabled
2025-01-23 14:35:30.358  INFO 24308 --- [ehr01] [restartedMain] o.s.o.j.p.SpringPersistenceUnitInfo      : No LoadTimeWeaver setup: ignoring JPA class transformer
2025-01-23 14:35:30.360  INFO 24308 --- [ehr01] [restartedMain] com.zaxxer.hikari.HikariDataSource       : HikariPool-4 - Starting...
2025-01-23 14:35:30.362  INFO 24308 --- [ehr01] [restartedMain] com.zaxxer.hikari.pool.HikariPool        : HikariPool-4 - Added connection conn30: url=jdbc:h2:~/local user=SA
2025-01-23 14:35:30.362  INFO 24308 --- [ehr01] [restartedMain] com.zaxxer.hikari.HikariDataSource       : HikariPool-4 - Start completed.
2025-01-23 14:35:30.363  WARN 24308 --- [ehr01] [restartedMain] org.hibernate.orm.deprecation            : HHH90000025: H2Dialect does not need to be specified explicitly using 'hibernate.dialect' (remove the property setting and it will be selected by default)
2025-01-23 14:35:30.437  INFO 24308 --- [ehr01] [restartedMain] o.h.e.t.j.p.i.JtaPlatformInitiator       : HHH000489: No JTA platform available (set 'hibernate.transaction.jta.platform' to enable JTA platform integration)
2025-01-23 14:35:30.442  INFO 24308 --- [ehr01] [restartedMain] j.LocalContainerEntityManagerFactoryBean : Initialized JPA EntityManagerFactory for persistence unit 'default'
2025-01-23 14:35:30.456  INFO 24308 --- [ehr01] [restartedMain] com.pcwk.ehr.question.QuestionService    : ┌──────────────────────┐
2025-01-23 14:35:30.456  INFO 24308 --- [ehr01] [restartedMain] com.pcwk.ehr.question.QuestionService    : │ QuestionService()    │
2025-01-23 14:35:30.456  INFO 24308 --- [ehr01] [restartedMain] com.pcwk.ehr.question.QuestionService    : └──────────────────────┘
2025-01-23 14:35:30.557  WARN 24308 --- [ehr01] [restartedMain] JpaBaseConfiguration$JpaWebConfiguration : spring.jpa.open-in-view is enabled by default. Therefore, database queries may be performed during view rendering. Explicitly configure spring.jpa.open-in-view to disable this warning
2025-01-23 14:35:30.565  INFO 24308 --- [ehr01] [restartedMain] o.s.b.a.w.s.WelcomePageHandlerMapping    : Adding welcome page: class path resource [static/index.html]
2025-01-23 14:35:30.715  INFO 24308 --- [ehr01] [restartedMain] o.s.b.a.h2.H2ConsoleAutoConfiguration    : H2 console available at '/h2-console'. Database available at 'jdbc:h2:~/local'
2025-01-23 14:35:30.741  INFO 24308 --- [ehr01] [restartedMain] o.s.b.d.a.OptionalLiveReloadServer       : LiveReload server is running on port 35729
2025-01-23 14:35:30.763  INFO 24308 --- [ehr01] [restartedMain] o.s.b.w.embedded.tomcat.TomcatWebServer  : Tomcat started on port 8080 (http) with context path '/'
2025-01-23 14:35:30.769  INFO 24308 --- [ehr01] [restartedMain] com.pcwk.ehr.Ehr01Application            : Started Ehr01Application in 0.995 seconds (process running for 1579.874)
2025-01-23 14:35:30.770  INFO 24308 --- [ehr01] [restartedMain] .ConditionEvaluationDeltaLoggingListener : Condition evaluation unchanged
2025-01-23 14:36:07.208  INFO 24308 --- [ehr01] [File Watcher] rtingClassPathChangeChangedEventListener : Restarting due to 1 class path change (0 additions, 0 deletions, 1 modification)
2025-01-23 14:36:07.218  INFO 24308 --- [ehr01] [Thread-16] j.LocalContainerEntityManagerFactoryBean : Closing JPA EntityManagerFactory for persistence unit 'default'
2025-01-23 14:36:07.219  INFO 24308 --- [ehr01] [Thread-16] com.zaxxer.hikari.HikariDataSource       : HikariPool-4 - Shutdown initiated...
2025-01-23 14:36:07.220  INFO 24308 --- [ehr01] [Thread-16] com.zaxxer.hikari.HikariDataSource       : HikariPool-4 - Shutdown completed.
2025-01-23 14:36:07.311  INFO 24308 --- [ehr01] [restartedMain] com.pcwk.ehr.Ehr01Application            : Starting Ehr01Application using Java 21.0.5 with PID 24308 (C:\Users\gy\ora\boot\workspace\ehr01\bin\main started by gy in C:\Users\gy\ora\boot\workspace\ehr01)
2025-01-23 14:36:07.311  INFO 24308 --- [ehr01] [restartedMain] com.pcwk.ehr.Ehr01Application            : No active profile set, falling back to 1 default profile: "default"
2025-01-23 14:36:07.546  INFO 24308 --- [ehr01] [restartedMain] .s.d.r.c.RepositoryConfigurationDelegate : Bootstrapping Spring Data JPA repositories in DEFAULT mode.
2025-01-23 14:36:07.563  INFO 24308 --- [ehr01] [restartedMain] .s.d.r.c.RepositoryConfigurationDelegate : Finished Spring Data repository scanning in 16 ms. Found 2 JPA repository interfaces.
2025-01-23 14:36:07.662  INFO 24308 --- [ehr01] [restartedMain] o.s.b.w.embedded.tomcat.TomcatWebServer  : Tomcat initialized with port 8080 (http)
2025-01-23 14:36:07.664  INFO 24308 --- [ehr01] [restartedMain] o.apache.catalina.core.StandardService   : Starting service [Tomcat]
2025-01-23 14:36:07.664  INFO 24308 --- [ehr01] [restartedMain] o.apache.catalina.core.StandardEngine    : Starting Servlet engine: [Apache Tomcat/10.1.34]
2025-01-23 14:36:07.707  INFO 24308 --- [ehr01] [restartedMain] o.a.c.c.C.[Tomcat].[localhost].[/]       : Initializing Spring embedded WebApplicationContext
2025-01-23 14:36:07.707  INFO 24308 --- [ehr01] [restartedMain] w.s.c.ServletWebServerApplicationContext : Root WebApplicationContext: initialization completed in 394 ms
2025-01-23 14:36:07.746  INFO 24308 --- [ehr01] [restartedMain] o.hibernate.jpa.internal.util.LogHelper  : HHH000204: Processing PersistenceUnitInfo [name: default]
2025-01-23 14:36:07.751  INFO 24308 --- [ehr01] [restartedMain] o.h.c.internal.RegionFactoryInitiator    : HHH000026: Second-level cache disabled
2025-01-23 14:36:07.764  INFO 24308 --- [ehr01] [restartedMain] o.s.o.j.p.SpringPersistenceUnitInfo      : No LoadTimeWeaver setup: ignoring JPA class transformer
2025-01-23 14:36:07.765  INFO 24308 --- [ehr01] [restartedMain] com.zaxxer.hikari.HikariDataSource       : HikariPool-5 - Starting...
2025-01-23 14:36:07.767  INFO 24308 --- [ehr01] [restartedMain] com.zaxxer.hikari.pool.HikariPool        : HikariPool-5 - Added connection conn40: url=jdbc:h2:~/local user=SA
2025-01-23 14:36:07.767  INFO 24308 --- [ehr01] [restartedMain] com.zaxxer.hikari.HikariDataSource       : HikariPool-5 - Start completed.
2025-01-23 14:36:07.768  WARN 24308 --- [ehr01] [restartedMain] org.hibernate.orm.deprecation            : HHH90000025: H2Dialect does not need to be specified explicitly using 'hibernate.dialect' (remove the property setting and it will be selected by default)
2025-01-23 14:36:07.837  INFO 24308 --- [ehr01] [restartedMain] o.h.e.t.j.p.i.JtaPlatformInitiator       : HHH000489: No JTA platform available (set 'hibernate.transaction.jta.platform' to enable JTA platform integration)
2025-01-23 14:36:07.841  INFO 24308 --- [ehr01] [restartedMain] j.LocalContainerEntityManagerFactoryBean : Initialized JPA EntityManagerFactory for persistence unit 'default'
2025-01-23 14:36:07.853  INFO 24308 --- [ehr01] [restartedMain] com.pcwk.ehr.question.QuestionService    : ┌──────────────────────┐
2025-01-23 14:36:07.853  INFO 24308 --- [ehr01] [restartedMain] com.pcwk.ehr.question.QuestionService    : │ QuestionService()    │
2025-01-23 14:36:07.853  INFO 24308 --- [ehr01] [restartedMain] com.pcwk.ehr.question.QuestionService    : └──────────────────────┘
2025-01-23 14:36:07.925  WARN 24308 --- [ehr01] [restartedMain] JpaBaseConfiguration$JpaWebConfiguration : spring.jpa.open-in-view is enabled by default. Therefore, database queries may be performed during view rendering. Explicitly configure spring.jpa.open-in-view to disable this warning
2025-01-23 14:36:07.932  INFO 24308 --- [ehr01] [restartedMain] o.s.b.a.w.s.WelcomePageHandlerMapping    : Adding welcome page: class path resource [static/index.html]
2025-01-23 14:36:08.016  INFO 24308 --- [ehr01] [restartedMain] o.s.b.a.h2.H2ConsoleAutoConfiguration    : H2 console available at '/h2-console'. Database available at 'jdbc:h2:~/local'
2025-01-23 14:36:08.029  INFO 24308 --- [ehr01] [restartedMain] o.s.b.d.a.OptionalLiveReloadServer       : LiveReload server is running on port 35729
2025-01-23 14:36:08.044  INFO 24308 --- [ehr01] [restartedMain] o.s.b.w.embedded.tomcat.TomcatWebServer  : Tomcat started on port 8080 (http) with context path '/'
2025-01-23 14:36:08.048  INFO 24308 --- [ehr01] [restartedMain] com.pcwk.ehr.Ehr01Application            : Started Ehr01Application in 0.774 seconds (process running for 1617.154)
2025-01-23 14:36:08.049  INFO 24308 --- [ehr01] [restartedMain] .ConditionEvaluationDeltaLoggingListener : Condition evaluation unchanged
2025-01-23 14:36:50.864  INFO 24308 --- [ehr01] [File Watcher] rtingClassPathChangeChangedEventListener : Restarting due to 1 class path change (1 addition, 0 deletions, 0 modifications)
2025-01-23 14:36:50.873  INFO 24308 --- [ehr01] [Thread-20] j.LocalContainerEntityManagerFactoryBean : Closing JPA EntityManagerFactory for persistence unit 'default'
2025-01-23 14:36:50.874  INFO 24308 --- [ehr01] [Thread-20] com.zaxxer.hikari.HikariDataSource       : HikariPool-5 - Shutdown initiated...
2025-01-23 14:36:50.875  INFO 24308 --- [ehr01] [Thread-20] com.zaxxer.hikari.HikariDataSource       : HikariPool-5 - Shutdown completed.
2025-01-23 14:36:50.972  INFO 24308 --- [ehr01] [restartedMain] com.pcwk.ehr.Ehr01Application            : Starting Ehr01Application using Java 21.0.5 with PID 24308 (C:\Users\gy\ora\boot\workspace\ehr01\bin\main started by gy in C:\Users\gy\ora\boot\workspace\ehr01)
2025-01-23 14:36:50.972  INFO 24308 --- [ehr01] [restartedMain] com.pcwk.ehr.Ehr01Application            : No active profile set, falling back to 1 default profile: "default"
2025-01-23 14:36:51.242  INFO 24308 --- [ehr01] [restartedMain] .s.d.r.c.RepositoryConfigurationDelegate : Bootstrapping Spring Data JPA repositories in DEFAULT mode.
2025-01-23 14:36:51.258  INFO 24308 --- [ehr01] [restartedMain] .s.d.r.c.RepositoryConfigurationDelegate : Finished Spring Data repository scanning in 15 ms. Found 2 JPA repository interfaces.
2025-01-23 14:36:51.353  INFO 24308 --- [ehr01] [restartedMain] o.s.b.w.embedded.tomcat.TomcatWebServer  : Tomcat initialized with port 8080 (http)
2025-01-23 14:36:51.354  INFO 24308 --- [ehr01] [restartedMain] o.apache.catalina.core.StandardService   : Starting service [Tomcat]
2025-01-23 14:36:51.354  INFO 24308 --- [ehr01] [restartedMain] o.apache.catalina.core.StandardEngine    : Starting Servlet engine: [Apache Tomcat/10.1.34]
2025-01-23 14:36:51.396  INFO 24308 --- [ehr01] [restartedMain] o.a.c.c.C.[Tomcat].[localhost].[/]       : Initializing Spring embedded WebApplicationContext
2025-01-23 14:36:51.397  INFO 24308 --- [ehr01] [restartedMain] w.s.c.ServletWebServerApplicationContext : Root WebApplicationContext: initialization completed in 422 ms
2025-01-23 14:36:51.435  INFO 24308 --- [ehr01] [restartedMain] o.hibernate.jpa.internal.util.LogHelper  : HHH000204: Processing PersistenceUnitInfo [name: default]
2025-01-23 14:36:51.440  INFO 24308 --- [ehr01] [restartedMain] o.h.c.internal.RegionFactoryInitiator    : HHH000026: Second-level cache disabled
2025-01-23 14:36:51.454  INFO 24308 --- [ehr01] [restartedMain] o.s.o.j.p.SpringPersistenceUnitInfo      : No LoadTimeWeaver setup: ignoring JPA class transformer
2025-01-23 14:36:51.455  INFO 24308 --- [ehr01] [restartedMain] com.zaxxer.hikari.HikariDataSource       : HikariPool-6 - Starting...
2025-01-23 14:36:51.458  INFO 24308 --- [ehr01] [restartedMain] com.zaxxer.hikari.pool.HikariPool        : HikariPool-6 - Added connection conn50: url=jdbc:h2:~/local user=SA
2025-01-23 14:36:51.458  INFO 24308 --- [ehr01] [restartedMain] com.zaxxer.hikari.HikariDataSource       : HikariPool-6 - Start completed.
2025-01-23 14:36:51.459  WARN 24308 --- [ehr01] [restartedMain] org.hibernate.orm.deprecation            : HHH90000025: H2Dialect does not need to be specified explicitly using 'hibernate.dialect' (remove the property setting and it will be selected by default)
2025-01-23 14:36:51.517  INFO 24308 --- [ehr01] [restartedMain] o.h.e.t.j.p.i.JtaPlatformInitiator       : HHH000489: No JTA platform available (set 'hibernate.transaction.jta.platform' to enable JTA platform integration)
2025-01-23 14:36:51.520  INFO 24308 --- [ehr01] [restartedMain] j.LocalContainerEntityManagerFactoryBean : Initialized JPA EntityManagerFactory for persistence unit 'default'
2025-01-23 14:36:51.530  INFO 24308 --- [ehr01] [restartedMain] com.pcwk.ehr.question.QuestionService    : ┌──────────────────────┐
2025-01-23 14:36:51.530  INFO 24308 --- [ehr01] [restartedMain] com.pcwk.ehr.question.QuestionService    : │ QuestionService()    │
2025-01-23 14:36:51.530  INFO 24308 --- [ehr01] [restartedMain] com.pcwk.ehr.question.QuestionService    : └──────────────────────┘
2025-01-23 14:36:51.610  WARN 24308 --- [ehr01] [restartedMain] JpaBaseConfiguration$JpaWebConfiguration : spring.jpa.open-in-view is enabled by default. Therefore, database queries may be performed during view rendering. Explicitly configure spring.jpa.open-in-view to disable this warning
2025-01-23 14:36:51.617  INFO 24308 --- [ehr01] [restartedMain] o.s.b.a.w.s.WelcomePageHandlerMapping    : Adding welcome page: class path resource [static/index.html]
2025-01-23 14:36:51.699  INFO 24308 --- [ehr01] [restartedMain] o.s.b.a.h2.H2ConsoleAutoConfiguration    : H2 console available at '/h2-console'. Database available at 'jdbc:h2:~/local'
2025-01-23 14:36:51.714  INFO 24308 --- [ehr01] [restartedMain] o.s.b.d.a.OptionalLiveReloadServer       : LiveReload server is running on port 35729
2025-01-23 14:36:51.729  INFO 24308 --- [ehr01] [restartedMain] o.s.b.w.embedded.tomcat.TomcatWebServer  : Tomcat started on port 8080 (http) with context path '/'
2025-01-23 14:36:51.734  INFO 24308 --- [ehr01] [restartedMain] com.pcwk.ehr.Ehr01Application            : Started Ehr01Application in 0.802 seconds (process running for 1660.839)
2025-01-23 14:36:51.735  INFO 24308 --- [ehr01] [restartedMain] .ConditionEvaluationDeltaLoggingListener : Condition evaluation unchanged
2025-01-23 14:37:24.085  INFO 24308 --- [ehr01] [File Watcher] rtingClassPathChangeChangedEventListener : Restarting due to 1 class path change (0 additions, 0 deletions, 1 modification)
2025-01-23 14:37:24.095  INFO 24308 --- [ehr01] [Thread-24] j.LocalContainerEntityManagerFactoryBean : Closing JPA EntityManagerFactory for persistence unit 'default'
2025-01-23 14:37:24.095  INFO 24308 --- [ehr01] [Thread-24] com.zaxxer.hikari.HikariDataSource       : HikariPool-6 - Shutdown initiated...
2025-01-23 14:37:24.096  INFO 24308 --- [ehr01] [Thread-24] com.zaxxer.hikari.HikariDataSource       : HikariPool-6 - Shutdown completed.
2025-01-23 14:37:24.202  INFO 24308 --- [ehr01] [restartedMain] com.pcwk.ehr.Ehr01Application            : Starting Ehr01Application using Java 21.0.5 with PID 24308 (C:\Users\gy\ora\boot\workspace\ehr01\bin\main started by gy in C:\Users\gy\ora\boot\workspace\ehr01)
2025-01-23 14:37:24.203  INFO 24308 --- [ehr01] [restartedMain] com.pcwk.ehr.Ehr01Application            : No active profile set, falling back to 1 default profile: "default"
2025-01-23 14:37:24.453  INFO 24308 --- [ehr01] [restartedMain] .s.d.r.c.RepositoryConfigurationDelegate : Bootstrapping Spring Data JPA repositories in DEFAULT mode.
2025-01-23 14:37:24.469  INFO 24308 --- [ehr01] [restartedMain] .s.d.r.c.RepositoryConfigurationDelegate : Finished Spring Data repository scanning in 15 ms. Found 2 JPA repository interfaces.
2025-01-23 14:37:24.568  INFO 24308 --- [ehr01] [restartedMain] o.s.b.w.embedded.tomcat.TomcatWebServer  : Tomcat initialized with port 8080 (http)
2025-01-23 14:37:24.569  INFO 24308 --- [ehr01] [restartedMain] o.apache.catalina.core.StandardService   : Starting service [Tomcat]
2025-01-23 14:37:24.569  INFO 24308 --- [ehr01] [restartedMain] o.apache.catalina.core.StandardEngine    : Starting Servlet engine: [Apache Tomcat/10.1.34]
2025-01-23 14:37:24.611  INFO 24308 --- [ehr01] [restartedMain] o.a.c.c.C.[Tomcat].[localhost].[/]       : Initializing Spring embedded WebApplicationContext
2025-01-23 14:37:24.611  INFO 24308 --- [ehr01] [restartedMain] w.s.c.ServletWebServerApplicationContext : Root WebApplicationContext: initialization completed in 405 ms
2025-01-23 14:37:24.649  INFO 24308 --- [ehr01] [restartedMain] o.hibernate.jpa.internal.util.LogHelper  : HHH000204: Processing PersistenceUnitInfo [name: default]
2025-01-23 14:37:24.654  INFO 24308 --- [ehr01] [restartedMain] o.h.c.internal.RegionFactoryInitiator    : HHH000026: Second-level cache disabled
2025-01-23 14:37:24.667  INFO 24308 --- [ehr01] [restartedMain] o.s.o.j.p.SpringPersistenceUnitInfo      : No LoadTimeWeaver setup: ignoring JPA class transformer
2025-01-23 14:37:24.668  INFO 24308 --- [ehr01] [restartedMain] com.zaxxer.hikari.HikariDataSource       : HikariPool-7 - Starting...
2025-01-23 14:37:24.670  INFO 24308 --- [ehr01] [restartedMain] com.zaxxer.hikari.pool.HikariPool        : HikariPool-7 - Added connection conn60: url=jdbc:h2:~/local user=SA
2025-01-23 14:37:24.670  INFO 24308 --- [ehr01] [restartedMain] com.zaxxer.hikari.HikariDataSource       : HikariPool-7 - Start completed.
2025-01-23 14:37:24.671  WARN 24308 --- [ehr01] [restartedMain] org.hibernate.orm.deprecation            : HHH90000025: H2Dialect does not need to be specified explicitly using 'hibernate.dialect' (remove the property setting and it will be selected by default)
2025-01-23 14:37:24.723  INFO 24308 --- [ehr01] [restartedMain] o.h.e.t.j.p.i.JtaPlatformInitiator       : HHH000489: No JTA platform available (set 'hibernate.transaction.jta.platform' to enable JTA platform integration)
2025-01-23 14:37:24.726  INFO 24308 --- [ehr01] [restartedMain] j.LocalContainerEntityManagerFactoryBean : Initialized JPA EntityManagerFactory for persistence unit 'default'
2025-01-23 14:37:24.735  INFO 24308 --- [ehr01] [restartedMain] com.pcwk.ehr.question.QuestionService    : ┌──────────────────────┐
2025-01-23 14:37:24.736  INFO 24308 --- [ehr01] [restartedMain] com.pcwk.ehr.question.QuestionService    : │ QuestionService()    │
2025-01-23 14:37:24.736  INFO 24308 --- [ehr01] [restartedMain] com.pcwk.ehr.question.QuestionService    : └──────────────────────┘
2025-01-23 14:37:24.812  WARN 24308 --- [ehr01] [restartedMain] JpaBaseConfiguration$JpaWebConfiguration : spring.jpa.open-in-view is enabled by default. Therefore, database queries may be performed during view rendering. Explicitly configure spring.jpa.open-in-view to disable this warning
2025-01-23 14:37:24.819  INFO 24308 --- [ehr01] [restartedMain] o.s.b.a.w.s.WelcomePageHandlerMapping    : Adding welcome page: class path resource [static/index.html]
2025-01-23 14:37:24.907  INFO 24308 --- [ehr01] [restartedMain] o.s.b.a.h2.H2ConsoleAutoConfiguration    : H2 console available at '/h2-console'. Database available at 'jdbc:h2:~/local'
2025-01-23 14:37:24.921  INFO 24308 --- [ehr01] [restartedMain] o.s.b.d.a.OptionalLiveReloadServer       : LiveReload server is running on port 35729
2025-01-23 14:37:24.937  INFO 24308 --- [ehr01] [restartedMain] o.s.b.w.embedded.tomcat.TomcatWebServer  : Tomcat started on port 8080 (http) with context path '/'
2025-01-23 14:37:24.941  INFO 24308 --- [ehr01] [restartedMain] com.pcwk.ehr.Ehr01Application            : Started Ehr01Application in 0.785 seconds (process running for 1694.047)
2025-01-23 14:37:24.942  INFO 24308 --- [ehr01] [restartedMain] .ConditionEvaluationDeltaLoggingListener : Condition evaluation unchanged
2025-01-23 14:38:54.265  INFO 24308 --- [ehr01] [File Watcher] rtingClassPathChangeChangedEventListener : Restarting due to 1 class path change (0 additions, 0 deletions, 1 modification)
2025-01-23 14:38:54.286  INFO 24308 --- [ehr01] [Thread-28] j.LocalContainerEntityManagerFactoryBean : Closing JPA EntityManagerFactory for persistence unit 'default'
2025-01-23 14:38:54.286  INFO 24308 --- [ehr01] [Thread-28] com.zaxxer.hikari.HikariDataSource       : HikariPool-7 - Shutdown initiated...
2025-01-23 14:38:54.287  INFO 24308 --- [ehr01] [Thread-28] com.zaxxer.hikari.HikariDataSource       : HikariPool-7 - Shutdown completed.
2025-01-23 14:38:54.382  INFO 24308 --- [ehr01] [restartedMain] com.pcwk.ehr.Ehr01Application            : Starting Ehr01Application using Java 21.0.5 with PID 24308 (C:\Users\gy\ora\boot\workspace\ehr01\bin\main started by gy in C:\Users\gy\ora\boot\workspace\ehr01)
2025-01-23 14:38:54.382  INFO 24308 --- [ehr01] [restartedMain] com.pcwk.ehr.Ehr01Application            : No active profile set, falling back to 1 default profile: "default"
2025-01-23 14:38:54.674  INFO 24308 --- [ehr01] [restartedMain] .s.d.r.c.RepositoryConfigurationDelegate : Bootstrapping Spring Data JPA repositories in DEFAULT mode.
2025-01-23 14:38:54.691  INFO 24308 --- [ehr01] [restartedMain] .s.d.r.c.RepositoryConfigurationDelegate : Finished Spring Data repository scanning in 16 ms. Found 2 JPA repository interfaces.
2025-01-23 14:38:54.794  INFO 24308 --- [ehr01] [restartedMain] o.s.b.w.embedded.tomcat.TomcatWebServer  : Tomcat initialized with port 8080 (http)
2025-01-23 14:38:54.795  INFO 24308 --- [ehr01] [restartedMain] o.apache.catalina.core.StandardService   : Starting service [Tomcat]
2025-01-23 14:38:54.795  INFO 24308 --- [ehr01] [restartedMain] o.apache.catalina.core.StandardEngine    : Starting Servlet engine: [Apache Tomcat/10.1.34]
2025-01-23 14:38:54.838  INFO 24308 --- [ehr01] [restartedMain] o.a.c.c.C.[Tomcat].[localhost].[/]       : Initializing Spring embedded WebApplicationContext
2025-01-23 14:38:54.838  INFO 24308 --- [ehr01] [restartedMain] w.s.c.ServletWebServerApplicationContext : Root WebApplicationContext: initialization completed in 454 ms
2025-01-23 14:38:54.876  INFO 24308 --- [ehr01] [restartedMain] o.hibernate.jpa.internal.util.LogHelper  : HHH000204: Processing PersistenceUnitInfo [name: default]
2025-01-23 14:38:54.880  INFO 24308 --- [ehr01] [restartedMain] o.h.c.internal.RegionFactoryInitiator    : HHH000026: Second-level cache disabled
2025-01-23 14:38:54.892  INFO 24308 --- [ehr01] [restartedMain] o.s.o.j.p.SpringPersistenceUnitInfo      : No LoadTimeWeaver setup: ignoring JPA class transformer
2025-01-23 14:38:54.894  INFO 24308 --- [ehr01] [restartedMain] com.zaxxer.hikari.HikariDataSource       : HikariPool-8 - Starting...
2025-01-23 14:38:54.895  INFO 24308 --- [ehr01] [restartedMain] com.zaxxer.hikari.pool.HikariPool        : HikariPool-8 - Added connection conn70: url=jdbc:h2:~/local user=SA
2025-01-23 14:38:54.896  INFO 24308 --- [ehr01] [restartedMain] com.zaxxer.hikari.HikariDataSource       : HikariPool-8 - Start completed.
2025-01-23 14:38:54.896  WARN 24308 --- [ehr01] [restartedMain] org.hibernate.orm.deprecation            : HHH90000025: H2Dialect does not need to be specified explicitly using 'hibernate.dialect' (remove the property setting and it will be selected by default)
2025-01-23 14:38:54.952  INFO 24308 --- [ehr01] [restartedMain] o.h.e.t.j.p.i.JtaPlatformInitiator       : HHH000489: No JTA platform available (set 'hibernate.transaction.jta.platform' to enable JTA platform integration)
2025-01-23 14:38:54.955  INFO 24308 --- [ehr01] [restartedMain] j.LocalContainerEntityManagerFactoryBean : Initialized JPA EntityManagerFactory for persistence unit 'default'
2025-01-23 14:38:54.966  INFO 24308 --- [ehr01] [restartedMain] com.pcwk.ehr.question.QuestionService    : ┌──────────────────────┐
2025-01-23 14:38:54.966  INFO 24308 --- [ehr01] [restartedMain] com.pcwk.ehr.question.QuestionService    : │ QuestionService()    │
2025-01-23 14:38:54.966  INFO 24308 --- [ehr01] [restartedMain] com.pcwk.ehr.question.QuestionService    : └──────────────────────┘
2025-01-23 14:38:55.072  WARN 24308 --- [ehr01] [restartedMain] JpaBaseConfiguration$JpaWebConfiguration : spring.jpa.open-in-view is enabled by default. Therefore, database queries may be performed during view rendering. Explicitly configure spring.jpa.open-in-view to disable this warning
2025-01-23 14:38:55.079  INFO 24308 --- [ehr01] [restartedMain] o.s.b.a.w.s.WelcomePageHandlerMapping    : Adding welcome page: class path resource [static/index.html]
2025-01-23 14:38:55.182  INFO 24308 --- [ehr01] [restartedMain] o.s.b.a.h2.H2ConsoleAutoConfiguration    : H2 console available at '/h2-console'. Database available at 'jdbc:h2:~/local'
2025-01-23 14:38:55.196  INFO 24308 --- [ehr01] [restartedMain] o.s.b.d.a.OptionalLiveReloadServer       : LiveReload server is running on port 35729
2025-01-23 14:38:55.211  INFO 24308 --- [ehr01] [restartedMain] o.s.b.w.embedded.tomcat.TomcatWebServer  : Tomcat started on port 8080 (http) with context path '/'
2025-01-23 14:38:55.215  INFO 24308 --- [ehr01] [restartedMain] com.pcwk.ehr.Ehr01Application            : Started Ehr01Application in 0.871 seconds (process running for 1784.32)
2025-01-23 14:38:55.217  INFO 24308 --- [ehr01] [restartedMain] .ConditionEvaluationDeltaLoggingListener : Condition evaluation unchanged
2025-01-23 14:39:24.573  INFO 24308 --- [ehr01] [File Watcher] rtingClassPathChangeChangedEventListener : Restarting due to 1 class path change (0 additions, 0 deletions, 1 modification)
2025-01-23 14:39:24.586  INFO 24308 --- [ehr01] [Thread-32] j.LocalContainerEntityManagerFactoryBean : Closing JPA EntityManagerFactory for persistence unit 'default'
2025-01-23 14:39:24.587  INFO 24308 --- [ehr01] [Thread-32] com.zaxxer.hikari.HikariDataSource       : HikariPool-8 - Shutdown initiated...
2025-01-23 14:39:24.589  INFO 24308 --- [ehr01] [Thread-32] com.zaxxer.hikari.HikariDataSource       : HikariPool-8 - Shutdown completed.
2025-01-23 14:39:24.688  INFO 24308 --- [ehr01] [restartedMain] com.pcwk.ehr.Ehr01Application            : Starting Ehr01Application using Java 21.0.5 with PID 24308 (C:\Users\gy\ora\boot\workspace\ehr01\bin\main started by gy in C:\Users\gy\ora\boot\workspace\ehr01)
2025-01-23 14:39:24.689  INFO 24308 --- [ehr01] [restartedMain] com.pcwk.ehr.Ehr01Application            : No active profile set, falling back to 1 default profile: "default"
2025-01-23 14:39:24.929  INFO 24308 --- [ehr01] [restartedMain] .s.d.r.c.RepositoryConfigurationDelegate : Bootstrapping Spring Data JPA repositories in DEFAULT mode.
2025-01-23 14:39:24.943  INFO 24308 --- [ehr01] [restartedMain] .s.d.r.c.RepositoryConfigurationDelegate : Finished Spring Data repository scanning in 13 ms. Found 2 JPA repository interfaces.
2025-01-23 14:39:25.043  INFO 24308 --- [ehr01] [restartedMain] o.s.b.w.embedded.tomcat.TomcatWebServer  : Tomcat initialized with port 8080 (http)
2025-01-23 14:39:25.044  INFO 24308 --- [ehr01] [restartedMain] o.apache.catalina.core.StandardService   : Starting service [Tomcat]
2025-01-23 14:39:25.044  INFO 24308 --- [ehr01] [restartedMain] o.apache.catalina.core.StandardEngine    : Starting Servlet engine: [Apache Tomcat/10.1.34]
2025-01-23 14:39:25.082  INFO 24308 --- [ehr01] [restartedMain] o.a.c.c.C.[Tomcat].[localhost].[/]       : Initializing Spring embedded WebApplicationContext
2025-01-23 14:39:25.082  INFO 24308 --- [ehr01] [restartedMain] w.s.c.ServletWebServerApplicationContext : Root WebApplicationContext: initialization completed in 391 ms
2025-01-23 14:39:25.123  INFO 24308 --- [ehr01] [restartedMain] o.hibernate.jpa.internal.util.LogHelper  : HHH000204: Processing PersistenceUnitInfo [name: default]
2025-01-23 14:39:25.128  INFO 24308 --- [ehr01] [restartedMain] o.h.c.internal.RegionFactoryInitiator    : HHH000026: Second-level cache disabled
2025-01-23 14:39:25.139  INFO 24308 --- [ehr01] [restartedMain] o.s.o.j.p.SpringPersistenceUnitInfo      : No LoadTimeWeaver setup: ignoring JPA class transformer
2025-01-23 14:39:25.140  INFO 24308 --- [ehr01] [restartedMain] com.zaxxer.hikari.HikariDataSource       : HikariPool-9 - Starting...
2025-01-23 14:39:25.142  INFO 24308 --- [ehr01] [restartedMain] com.zaxxer.hikari.pool.HikariPool        : HikariPool-9 - Added connection conn80: url=jdbc:h2:~/local user=SA
2025-01-23 14:39:25.143  INFO 24308 --- [ehr01] [restartedMain] com.zaxxer.hikari.HikariDataSource       : HikariPool-9 - Start completed.
2025-01-23 14:39:25.143  WARN 24308 --- [ehr01] [restartedMain] org.hibernate.orm.deprecation            : HHH90000025: H2Dialect does not need to be specified explicitly using 'hibernate.dialect' (remove the property setting and it will be selected by default)
2025-01-23 14:39:25.193  INFO 24308 --- [ehr01] [restartedMain] o.h.e.t.j.p.i.JtaPlatformInitiator       : HHH000489: No JTA platform available (set 'hibernate.transaction.jta.platform' to enable JTA platform integration)
2025-01-23 14:39:25.195  INFO 24308 --- [ehr01] [restartedMain] j.LocalContainerEntityManagerFactoryBean : Initialized JPA EntityManagerFactory for persistence unit 'default'
2025-01-23 14:39:25.206  INFO 24308 --- [ehr01] [restartedMain] com.pcwk.ehr.question.QuestionService    : ┌──────────────────────┐
2025-01-23 14:39:25.206  INFO 24308 --- [ehr01] [restartedMain] com.pcwk.ehr.question.QuestionService    : │ QuestionService()    │
2025-01-23 14:39:25.206  INFO 24308 --- [ehr01] [restartedMain] com.pcwk.ehr.question.QuestionService    : └──────────────────────┘
2025-01-23 14:39:25.274  WARN 24308 --- [ehr01] [restartedMain] JpaBaseConfiguration$JpaWebConfiguration : spring.jpa.open-in-view is enabled by default. Therefore, database queries may be performed during view rendering. Explicitly configure spring.jpa.open-in-view to disable this warning
2025-01-23 14:39:25.288  INFO 24308 --- [ehr01] [restartedMain] o.s.b.a.w.s.WelcomePageHandlerMapping    : Adding welcome page: class path resource [static/index.html]
2025-01-23 14:39:25.385  INFO 24308 --- [ehr01] [restartedMain] o.s.b.a.h2.H2ConsoleAutoConfiguration    : H2 console available at '/h2-console'. Database available at 'jdbc:h2:~/local'
2025-01-23 14:39:25.399  INFO 24308 --- [ehr01] [restartedMain] o.s.b.d.a.OptionalLiveReloadServer       : LiveReload server is running on port 35729
2025-01-23 14:39:25.413  INFO 24308 --- [ehr01] [restartedMain] o.s.b.w.embedded.tomcat.TomcatWebServer  : Tomcat started on port 8080 (http) with context path '/'
2025-01-23 14:39:25.417  INFO 24308 --- [ehr01] [restartedMain] com.pcwk.ehr.Ehr01Application            : Started Ehr01Application in 0.767 seconds (process running for 1814.522)
2025-01-23 14:39:25.418  INFO 24308 --- [ehr01] [restartedMain] .ConditionEvaluationDeltaLoggingListener : Condition evaluation unchanged
2025-01-23 14:39:50.544  INFO 24308 --- [ehr01] [File Watcher] rtingClassPathChangeChangedEventListener : Restarting due to 1 class path change (0 additions, 0 deletions, 1 modification)
2025-01-23 14:39:50.564  INFO 24308 --- [ehr01] [Thread-36] j.LocalContainerEntityManagerFactoryBean : Closing JPA EntityManagerFactory for persistence unit 'default'
2025-01-23 14:39:50.564  INFO 24308 --- [ehr01] [Thread-36] com.zaxxer.hikari.HikariDataSource       : HikariPool-9 - Shutdown initiated...
2025-01-23 14:39:50.565  INFO 24308 --- [ehr01] [Thread-36] com.zaxxer.hikari.HikariDataSource       : HikariPool-9 - Shutdown completed.
2025-01-23 14:39:50.667  INFO 24308 --- [ehr01] [restartedMain] com.pcwk.ehr.Ehr01Application            : Starting Ehr01Application using Java 21.0.5 with PID 24308 (C:\Users\gy\ora\boot\workspace\ehr01\bin\main started by gy in C:\Users\gy\ora\boot\workspace\ehr01)
2025-01-23 14:39:50.667  INFO 24308 --- [ehr01] [restartedMain] com.pcwk.ehr.Ehr01Application            : No active profile set, falling back to 1 default profile: "default"
2025-01-23 14:39:50.896  INFO 24308 --- [ehr01] [restartedMain] .s.d.r.c.RepositoryConfigurationDelegate : Bootstrapping Spring Data JPA repositories in DEFAULT mode.
2025-01-23 14:39:50.910  INFO 24308 --- [ehr01] [restartedMain] .s.d.r.c.RepositoryConfigurationDelegate : Finished Spring Data repository scanning in 13 ms. Found 2 JPA repository interfaces.
2025-01-23 14:39:51.006  INFO 24308 --- [ehr01] [restartedMain] o.s.b.w.embedded.tomcat.TomcatWebServer  : Tomcat initialized with port 8080 (http)
2025-01-23 14:39:51.007  INFO 24308 --- [ehr01] [restartedMain] o.apache.catalina.core.StandardService   : Starting service [Tomcat]
2025-01-23 14:39:51.007  INFO 24308 --- [ehr01] [restartedMain] o.apache.catalina.core.StandardEngine    : Starting Servlet engine: [Apache Tomcat/10.1.34]
2025-01-23 14:39:51.048  INFO 24308 --- [ehr01] [restartedMain] o.a.c.c.C.[Tomcat].[localhost].[/]       : Initializing Spring embedded WebApplicationContext
2025-01-23 14:39:51.048  INFO 24308 --- [ehr01] [restartedMain] w.s.c.ServletWebServerApplicationContext : Root WebApplicationContext: initialization completed in 378 ms
2025-01-23 14:39:51.084  INFO 24308 --- [ehr01] [restartedMain] o.hibernate.jpa.internal.util.LogHelper  : HHH000204: Processing PersistenceUnitInfo [name: default]
2025-01-23 14:39:51.089  INFO 24308 --- [ehr01] [restartedMain] o.h.c.internal.RegionFactoryInitiator    : HHH000026: Second-level cache disabled
2025-01-23 14:39:51.101  INFO 24308 --- [ehr01] [restartedMain] o.s.o.j.p.SpringPersistenceUnitInfo      : No LoadTimeWeaver setup: ignoring JPA class transformer
2025-01-23 14:39:51.103  INFO 24308 --- [ehr01] [restartedMain] com.zaxxer.hikari.HikariDataSource       : HikariPool-10 - Starting...
2025-01-23 14:39:51.104  INFO 24308 --- [ehr01] [restartedMain] com.zaxxer.hikari.pool.HikariPool        : HikariPool-10 - Added connection conn90: url=jdbc:h2:~/local user=SA
2025-01-23 14:39:51.105  INFO 24308 --- [ehr01] [restartedMain] com.zaxxer.hikari.HikariDataSource       : HikariPool-10 - Start completed.
2025-01-23 14:39:51.106  WARN 24308 --- [ehr01] [restartedMain] org.hibernate.orm.deprecation            : HHH90000025: H2Dialect does not need to be specified explicitly using 'hibernate.dialect' (remove the property setting and it will be selected by default)
2025-01-23 14:39:51.156  INFO 24308 --- [ehr01] [restartedMain] o.h.e.t.j.p.i.JtaPlatformInitiator       : HHH000489: No JTA platform available (set 'hibernate.transaction.jta.platform' to enable JTA platform integration)
2025-01-23 14:39:51.159  INFO 24308 --- [ehr01] [restartedMain] j.LocalContainerEntityManagerFactoryBean : Initialized JPA EntityManagerFactory for persistence unit 'default'
2025-01-23 14:39:51.169  INFO 24308 --- [ehr01] [restartedMain] com.pcwk.ehr.question.QuestionService    : ┌──────────────────────┐
2025-01-23 14:39:51.169  INFO 24308 --- [ehr01] [restartedMain] com.pcwk.ehr.question.QuestionService    : │ QuestionService()    │
2025-01-23 14:39:51.170  INFO 24308 --- [ehr01] [restartedMain] com.pcwk.ehr.question.QuestionService    : └──────────────────────┘
2025-01-23 14:39:51.253  WARN 24308 --- [ehr01] [restartedMain] JpaBaseConfiguration$JpaWebConfiguration : spring.jpa.open-in-view is enabled by default. Therefore, database queries may be performed during view rendering. Explicitly configure spring.jpa.open-in-view to disable this warning
2025-01-23 14:39:51.261  INFO 24308 --- [ehr01] [restartedMain] o.s.b.a.w.s.WelcomePageHandlerMapping    : Adding welcome page: class path resource [static/index.html]
2025-01-23 14:39:51.344  INFO 24308 --- [ehr01] [restartedMain] o.s.b.a.h2.H2ConsoleAutoConfiguration    : H2 console available at '/h2-console'. Database available at 'jdbc:h2:~/local'
2025-01-23 14:39:51.358  INFO 24308 --- [ehr01] [restartedMain] o.s.b.d.a.OptionalLiveReloadServer       : LiveReload server is running on port 35729
2025-01-23 14:39:51.372  INFO 24308 --- [ehr01] [restartedMain] o.s.b.w.embedded.tomcat.TomcatWebServer  : Tomcat started on port 8080 (http) with context path '/'
2025-01-23 14:39:51.376  INFO 24308 --- [ehr01] [restartedMain] com.pcwk.ehr.Ehr01Application            : Started Ehr01Application in 0.749 seconds (process running for 1840.481)
2025-01-23 14:39:51.379  INFO 24308 --- [ehr01] [restartedMain] .ConditionEvaluationDeltaLoggingListener : Condition evaluation unchanged
2025-01-23 14:40:49.571  INFO 24308 --- [ehr01] [File Watcher] rtingClassPathChangeChangedEventListener : Restarting due to 1 class path change (0 additions, 0 deletions, 1 modification)
2025-01-23 14:40:49.580  INFO 24308 --- [ehr01] [Thread-40] j.LocalContainerEntityManagerFactoryBean : Closing JPA EntityManagerFactory for persistence unit 'default'
2025-01-23 14:40:49.581  INFO 24308 --- [ehr01] [Thread-40] com.zaxxer.hikari.HikariDataSource       : HikariPool-10 - Shutdown initiated...
2025-01-23 14:40:49.581  INFO 24308 --- [ehr01] [Thread-40] com.zaxxer.hikari.HikariDataSource       : HikariPool-10 - Shutdown completed.
2025-01-23 14:40:49.675  INFO 24308 --- [ehr01] [restartedMain] com.pcwk.ehr.Ehr01Application            : Starting Ehr01Application using Java 21.0.5 with PID 24308 (C:\Users\gy\ora\boot\workspace\ehr01\bin\main started by gy in C:\Users\gy\ora\boot\workspace\ehr01)
2025-01-23 14:40:49.675  INFO 24308 --- [ehr01] [restartedMain] com.pcwk.ehr.Ehr01Application            : No active profile set, falling back to 1 default profile: "default"
2025-01-23 14:40:49.912  INFO 24308 --- [ehr01] [restartedMain] .s.d.r.c.RepositoryConfigurationDelegate : Bootstrapping Spring Data JPA repositories in DEFAULT mode.
2025-01-23 14:40:49.929  INFO 24308 --- [ehr01] [restartedMain] .s.d.r.c.RepositoryConfigurationDelegate : Finished Spring Data repository scanning in 16 ms. Found 2 JPA repository interfaces.
2025-01-23 14:40:50.042  INFO 24308 --- [ehr01] [restartedMain] o.s.b.w.embedded.tomcat.TomcatWebServer  : Tomcat initialized with port 8080 (http)
2025-01-23 14:40:50.043  INFO 24308 --- [ehr01] [restartedMain] o.apache.catalina.core.StandardService   : Starting service [Tomcat]
2025-01-23 14:40:50.043  INFO 24308 --- [ehr01] [restartedMain] o.apache.catalina.core.StandardEngine    : Starting Servlet engine: [Apache Tomcat/10.1.34]
2025-01-23 14:40:50.084  INFO 24308 --- [ehr01] [restartedMain] o.a.c.c.C.[Tomcat].[localhost].[/]       : Initializing Spring embedded WebApplicationContext
2025-01-23 14:40:50.084  INFO 24308 --- [ehr01] [restartedMain] w.s.c.ServletWebServerApplicationContext : Root WebApplicationContext: initialization completed in 406 ms
2025-01-23 14:40:50.121  INFO 24308 --- [ehr01] [restartedMain] o.hibernate.jpa.internal.util.LogHelper  : HHH000204: Processing PersistenceUnitInfo [name: default]
2025-01-23 14:40:50.127  INFO 24308 --- [ehr01] [restartedMain] o.h.c.internal.RegionFactoryInitiator    : HHH000026: Second-level cache disabled
2025-01-23 14:40:50.141  INFO 24308 --- [ehr01] [restartedMain] o.s.o.j.p.SpringPersistenceUnitInfo      : No LoadTimeWeaver setup: ignoring JPA class transformer
2025-01-23 14:40:50.143  INFO 24308 --- [ehr01] [restartedMain] com.zaxxer.hikari.HikariDataSource       : HikariPool-11 - Starting...
2025-01-23 14:40:50.145  INFO 24308 --- [ehr01] [restartedMain] com.zaxxer.hikari.pool.HikariPool        : HikariPool-11 - Added connection conn100: url=jdbc:h2:~/local user=SA
2025-01-23 14:40:50.145  INFO 24308 --- [ehr01] [restartedMain] com.zaxxer.hikari.HikariDataSource       : HikariPool-11 - Start completed.
2025-01-23 14:40:50.145  WARN 24308 --- [ehr01] [restartedMain] org.hibernate.orm.deprecation            : HHH90000025: H2Dialect does not need to be specified explicitly using 'hibernate.dialect' (remove the property setting and it will be selected by default)
2025-01-23 14:40:50.199  INFO 24308 --- [ehr01] [restartedMain] o.h.e.t.j.p.i.JtaPlatformInitiator       : HHH000489: No JTA platform available (set 'hibernate.transaction.jta.platform' to enable JTA platform integration)
2025-01-23 14:40:50.202  INFO 24308 --- [ehr01] [restartedMain] j.LocalContainerEntityManagerFactoryBean : Initialized JPA EntityManagerFactory for persistence unit 'default'
2025-01-23 14:40:50.211  INFO 24308 --- [ehr01] [restartedMain] com.pcwk.ehr.question.QuestionService    : ┌──────────────────────┐
2025-01-23 14:40:50.211  INFO 24308 --- [ehr01] [restartedMain] com.pcwk.ehr.question.QuestionService    : │ QuestionService()    │
2025-01-23 14:40:50.211  INFO 24308 --- [ehr01] [restartedMain] com.pcwk.ehr.question.QuestionService    : └──────────────────────┘
2025-01-23 14:40:50.301  WARN 24308 --- [ehr01] [restartedMain] JpaBaseConfiguration$JpaWebConfiguration : spring.jpa.open-in-view is enabled by default. Therefore, database queries may be performed during view rendering. Explicitly configure spring.jpa.open-in-view to disable this warning
2025-01-23 14:40:50.308  INFO 24308 --- [ehr01] [restartedMain] o.s.b.a.w.s.WelcomePageHandlerMapping    : Adding welcome page: class path resource [static/index.html]
2025-01-23 14:40:50.414  INFO 24308 --- [ehr01] [restartedMain] o.s.b.a.h2.H2ConsoleAutoConfiguration    : H2 console available at '/h2-console'. Database available at 'jdbc:h2:~/local'
2025-01-23 14:40:50.428  INFO 24308 --- [ehr01] [restartedMain] o.s.b.d.a.OptionalLiveReloadServer       : LiveReload server is running on port 35729
2025-01-23 14:40:50.444  INFO 24308 --- [ehr01] [restartedMain] o.s.b.w.embedded.tomcat.TomcatWebServer  : Tomcat started on port 8080 (http) with context path '/'
2025-01-23 14:40:50.450  INFO 24308 --- [ehr01] [restartedMain] com.pcwk.ehr.Ehr01Application            : Started Ehr01Application in 0.814 seconds (process running for 1899.555)
2025-01-23 14:40:50.451  INFO 24308 --- [ehr01] [restartedMain] .ConditionEvaluationDeltaLoggingListener : Condition evaluation unchanged
2025-01-23 14:41:34.057  INFO 24308 --- [ehr01] [http-nio-8080-exec-1] o.a.c.c.C.[Tomcat].[localhost].[/]       : Initializing Spring DispatcherServlet 'dispatcherServlet'
2025-01-23 14:41:34.057  INFO 24308 --- [ehr01] [http-nio-8080-exec-1] o.s.web.servlet.DispatcherServlet        : Initializing Servlet 'dispatcherServlet'
2025-01-23 14:41:34.059  INFO 24308 --- [ehr01] [http-nio-8080-exec-1] o.s.web.servlet.DispatcherServlet        : Completed initialization in 1 ms
2025-01-23 14:41:34.063  INFO 24308 --- [ehr01] [http-nio-8080-exec-1] com.pcwk.ehr.question.QuestionService    : ┌──────────────────────┐
2025-01-23 14:41:34.063  INFO 24308 --- [ehr01] [http-nio-8080-exec-1] com.pcwk.ehr.question.QuestionService    : │ getQuestion()    	 │
2025-01-23 14:41:34.063  INFO 24308 --- [ehr01] [http-nio-8080-exec-1] com.pcwk.ehr.question.QuestionService    : └──────────────────────┘
2025-01-23 14:41:34.064  INFO 24308 --- [ehr01] [http-nio-8080-exec-1] com.pcwk.ehr.question.QuestionService    : 1.param|id:1 
2025-01-23 14:41:43.489  INFO 24308 --- [ehr01] [http-nio-8080-exec-2] com.pcwk.ehr.question.QuestionService    : ┌──────────────────────┐
2025-01-23 14:41:43.489  INFO 24308 --- [ehr01] [http-nio-8080-exec-2] com.pcwk.ehr.question.QuestionService    : │ getQuestion()    	 │
2025-01-23 14:41:43.489  INFO 24308 --- [ehr01] [http-nio-8080-exec-2] com.pcwk.ehr.question.QuestionService    : └──────────────────────┘
2025-01-23 14:41:43.489  INFO 24308 --- [ehr01] [http-nio-8080-exec-2] com.pcwk.ehr.question.QuestionService    : 1.param|id:1 
2025-01-23 14:43:02.642  INFO 24308 --- [ehr01] [http-nio-8080-exec-5] com.pcwk.ehr.question.QuestionService    : ┌──────────────────────┐
2025-01-23 14:43:02.642  INFO 24308 --- [ehr01] [http-nio-8080-exec-5] com.pcwk.ehr.question.QuestionService    : │ getQuestion()    	 │
2025-01-23 14:43:02.642  INFO 24308 --- [ehr01] [http-nio-8080-exec-5] com.pcwk.ehr.question.QuestionService    : └──────────────────────┘
2025-01-23 14:43:02.642  INFO 24308 --- [ehr01] [http-nio-8080-exec-5] com.pcwk.ehr.question.QuestionService    : 1.param|id:1 
2025-01-23 14:59:43.226  INFO 24308 --- [ehr01] [RMI TCP Connection(89)-127.0.0.1] inMXBeanRegistrar$SpringApplicationAdmin : Application shutdown requested.
2025-01-23 14:59:43.248  INFO 24308 --- [ehr01] [RMI TCP Connection(89)-127.0.0.1] j.LocalContainerEntityManagerFactoryBean : Closing JPA EntityManagerFactory for persistence unit 'default'
2025-01-23 14:59:43.249  INFO 24308 --- [ehr01] [RMI TCP Connection(89)-127.0.0.1] com.zaxxer.hikari.HikariDataSource       : HikariPool-11 - Shutdown initiated...
2025-01-23 14:59:43.250  INFO 24308 --- [ehr01] [RMI TCP Connection(89)-127.0.0.1] com.zaxxer.hikari.HikariDataSource       : HikariPool-11 - Shutdown completed.
