2025-03-02 22:30:49.272  INFO 3772 --- [project_oracle] [restartedMain] com.pcwk.ehr.Ehr01Application            : Starting Ehr01Application using Java 21.0.5 with PID 3772 (C:\Users\hanyongjin\Desktop\project_oracle\bin\main started by hanyongjin in C:\Users\hanyongjin\Desktop\project_oracle)
2025-03-02 22:30:49.276  INFO 3772 --- [project_oracle] [restartedMain] com.pcwk.ehr.Ehr01Application            : No active profile set, falling back to 1 default profile: "default"
2025-03-02 22:30:49.511  INFO 3772 --- [project_oracle] [restartedMain] o.s.b.devtools.restart.ChangeableUrls    : The Class-Path manifest attribute in C:\Users\hanyongjin\.gradle\caches\modules-2\files-2.1\com.oracle.database.jdbc\ojdbc8\19.19.0.0\eb90c858f6b8856123d01b8fadd0d57b8505cc2a\ojdbc8-19.19.0.0.jar referenced one or more files that do not exist: file:/C:/Users/hanyongjin/.gradle/caches/modules-2/files-2.1/com.oracle.database.jdbc/ojdbc8/19.19.0.0/eb90c858f6b8856123d01b8fadd0d57b8505cc2a/oraclepki.jar
2025-03-02 22:30:49.512  INFO 3772 --- [project_oracle] [restartedMain] .e.DevToolsPropertyDefaultsPostProcessor : Devtools property defaults active! Set 'spring.devtools.add-properties' to 'false' to disable
2025-03-02 22:30:49.512  INFO 3772 --- [project_oracle] [restartedMain] .e.DevToolsPropertyDefaultsPostProcessor : For additional web related logging consider setting the 'logging.level.web' property to 'DEBUG'
2025-03-02 22:30:50.398  INFO 3772 --- [project_oracle] [restartedMain] .s.d.r.c.RepositoryConfigurationDelegate : Bootstrapping Spring Data JPA repositories in DEFAULT mode.
2025-03-02 22:30:50.467  INFO 3772 --- [project_oracle] [restartedMain] .s.d.r.c.RepositoryConfigurationDelegate : Finished Spring Data repository scanning in 60 ms. Found 3 JPA repository interfaces.
2025-03-02 22:30:51.094  INFO 3772 --- [project_oracle] [restartedMain] o.s.b.w.embedded.tomcat.TomcatWebServer  : Tomcat initialized with port 8080 (http)
2025-03-02 22:30:51.107  INFO 3772 --- [project_oracle] [restartedMain] o.apache.catalina.core.StandardService   : Starting service [Tomcat]
2025-03-02 22:30:51.108  INFO 3772 --- [project_oracle] [restartedMain] o.apache.catalina.core.StandardEngine    : Starting Servlet engine: [Apache Tomcat/10.1.36]
2025-03-02 22:30:51.163  INFO 3772 --- [project_oracle] [restartedMain] o.a.c.c.C.[Tomcat].[localhost].[/]       : Initializing Spring embedded WebApplicationContext
2025-03-02 22:30:51.163  INFO 3772 --- [project_oracle] [restartedMain] w.s.c.ServletWebServerApplicationContext : Root WebApplicationContext: initialization completed in 1650 ms
2025-03-02 22:30:51.366  INFO 3772 --- [project_oracle] [restartedMain] o.hibernate.jpa.internal.util.LogHelper  : HHH000204: Processing PersistenceUnitInfo [name: default]
2025-03-02 22:30:51.440  INFO 3772 --- [project_oracle] [restartedMain] org.hibernate.Version                    : HHH000412: Hibernate ORM core version 6.5.3.Final
2025-03-02 22:30:51.479  INFO 3772 --- [project_oracle] [restartedMain] o.h.c.internal.RegionFactoryInitiator    : HHH000026: Second-level cache disabled
2025-03-02 22:30:51.815  INFO 3772 --- [project_oracle] [restartedMain] o.s.o.j.p.SpringPersistenceUnitInfo      : No LoadTimeWeaver setup: ignoring JPA class transformer
2025-03-02 22:30:51.850  INFO 3772 --- [project_oracle] [restartedMain] com.zaxxer.hikari.HikariDataSource       : HikariPool-1 - Starting...
2025-03-02 22:31:25.927  INFO 11556 --- [project_oracle] [restartedMain] com.pcwk.ehr.Ehr01Application            : Starting Ehr01Application using Java 21.0.5 with PID 11556 (C:\Users\hanyongjin\Desktop\project_oracle\bin\main started by hanyongjin in C:\Users\hanyongjin\Desktop\project_oracle)
2025-03-02 22:31:25.928  INFO 11556 --- [project_oracle] [restartedMain] com.pcwk.ehr.Ehr01Application            : No active profile set, falling back to 1 default profile: "default"
2025-03-02 22:31:26.128  INFO 11556 --- [project_oracle] [restartedMain] o.s.b.devtools.restart.ChangeableUrls    : The Class-Path manifest attribute in C:\Users\hanyongjin\.gradle\caches\modules-2\files-2.1\com.oracle.database.jdbc\ojdbc8\19.19.0.0\eb90c858f6b8856123d01b8fadd0d57b8505cc2a\ojdbc8-19.19.0.0.jar referenced one or more files that do not exist: file:/C:/Users/hanyongjin/.gradle/caches/modules-2/files-2.1/com.oracle.database.jdbc/ojdbc8/19.19.0.0/eb90c858f6b8856123d01b8fadd0d57b8505cc2a/oraclepki.jar
2025-03-02 22:31:26.128  INFO 11556 --- [project_oracle] [restartedMain] .e.DevToolsPropertyDefaultsPostProcessor : Devtools property defaults active! Set 'spring.devtools.add-properties' to 'false' to disable
2025-03-02 22:31:26.129  INFO 11556 --- [project_oracle] [restartedMain] .e.DevToolsPropertyDefaultsPostProcessor : For additional web related logging consider setting the 'logging.level.web' property to 'DEBUG'
2025-03-02 22:31:26.750  INFO 11556 --- [project_oracle] [restartedMain] .s.d.r.c.RepositoryConfigurationDelegate : Bootstrapping Spring Data JPA repositories in DEFAULT mode.
2025-03-02 22:31:26.809  INFO 11556 --- [project_oracle] [restartedMain] .s.d.r.c.RepositoryConfigurationDelegate : Finished Spring Data repository scanning in 52 ms. Found 3 JPA repository interfaces.
2025-03-02 22:31:27.358  INFO 11556 --- [project_oracle] [restartedMain] o.s.b.w.embedded.tomcat.TomcatWebServer  : Tomcat initialized with port 8080 (http)
2025-03-02 22:31:27.370  INFO 11556 --- [project_oracle] [restartedMain] o.apache.catalina.core.StandardService   : Starting service [Tomcat]
2025-03-02 22:31:27.370  INFO 11556 --- [project_oracle] [restartedMain] o.apache.catalina.core.StandardEngine    : Starting Servlet engine: [Apache Tomcat/10.1.36]
2025-03-02 22:31:27.419  INFO 11556 --- [project_oracle] [restartedMain] o.a.c.c.C.[Tomcat].[localhost].[/]       : Initializing Spring embedded WebApplicationContext
2025-03-02 22:31:27.420  INFO 11556 --- [project_oracle] [restartedMain] w.s.c.ServletWebServerApplicationContext : Root WebApplicationContext: initialization completed in 1290 ms
2025-03-02 22:31:27.587  INFO 11556 --- [project_oracle] [restartedMain] o.hibernate.jpa.internal.util.LogHelper  : HHH000204: Processing PersistenceUnitInfo [name: default]
2025-03-02 22:31:27.640  INFO 11556 --- [project_oracle] [restartedMain] org.hibernate.Version                    : HHH000412: Hibernate ORM core version 6.5.3.Final
2025-03-02 22:31:27.672  INFO 11556 --- [project_oracle] [restartedMain] o.h.c.internal.RegionFactoryInitiator    : HHH000026: Second-level cache disabled
2025-03-02 22:31:27.947  INFO 11556 --- [project_oracle] [restartedMain] o.s.o.j.p.SpringPersistenceUnitInfo      : No LoadTimeWeaver setup: ignoring JPA class transformer
2025-03-02 22:31:27.976  INFO 11556 --- [project_oracle] [restartedMain] com.zaxxer.hikari.HikariDataSource       : HikariPool-1 - Starting...
2025-03-02 22:32:10.513  INFO 23884 --- [project_oracle] [restartedMain] com.pcwk.ehr.Ehr01Application            : Starting Ehr01Application using Java 21.0.5 with PID 23884 (C:\Users\hanyongjin\Desktop\project_oracle\bin\main started by hanyongjin in C:\Users\hanyongjin\Desktop\project_oracle)
2025-03-02 22:32:10.516  INFO 23884 --- [project_oracle] [restartedMain] com.pcwk.ehr.Ehr01Application            : No active profile set, falling back to 1 default profile: "default"
2025-03-02 22:32:10.719  INFO 23884 --- [project_oracle] [restartedMain] o.s.b.devtools.restart.ChangeableUrls    : The Class-Path manifest attribute in C:\Users\hanyongjin\.gradle\caches\modules-2\files-2.1\com.oracle.database.jdbc\ojdbc8\19.19.0.0\eb90c858f6b8856123d01b8fadd0d57b8505cc2a\ojdbc8-19.19.0.0.jar referenced one or more files that do not exist: file:/C:/Users/hanyongjin/.gradle/caches/modules-2/files-2.1/com.oracle.database.jdbc/ojdbc8/19.19.0.0/eb90c858f6b8856123d01b8fadd0d57b8505cc2a/oraclepki.jar
2025-03-02 22:32:10.720  INFO 23884 --- [project_oracle] [restartedMain] .e.DevToolsPropertyDefaultsPostProcessor : Devtools property defaults active! Set 'spring.devtools.add-properties' to 'false' to disable
2025-03-02 22:32:10.720  INFO 23884 --- [project_oracle] [restartedMain] .e.DevToolsPropertyDefaultsPostProcessor : For additional web related logging consider setting the 'logging.level.web' property to 'DEBUG'
2025-03-02 22:32:11.327  INFO 23884 --- [project_oracle] [restartedMain] .s.d.r.c.RepositoryConfigurationDelegate : Bootstrapping Spring Data JPA repositories in DEFAULT mode.
2025-03-02 22:32:11.381  INFO 23884 --- [project_oracle] [restartedMain] .s.d.r.c.RepositoryConfigurationDelegate : Finished Spring Data repository scanning in 46 ms. Found 3 JPA repository interfaces.
2025-03-02 22:32:11.930  INFO 23884 --- [project_oracle] [restartedMain] o.s.b.w.embedded.tomcat.TomcatWebServer  : Tomcat initialized with port 8080 (http)
2025-03-02 22:32:11.944  INFO 23884 --- [project_oracle] [restartedMain] o.apache.catalina.core.StandardService   : Starting service [Tomcat]
2025-03-02 22:32:11.945  INFO 23884 --- [project_oracle] [restartedMain] o.apache.catalina.core.StandardEngine    : Starting Servlet engine: [Apache Tomcat/10.1.36]
2025-03-02 22:32:12.017  INFO 23884 --- [project_oracle] [restartedMain] o.a.c.c.C.[Tomcat].[localhost].[/]       : Initializing Spring embedded WebApplicationContext
2025-03-02 22:32:12.018  INFO 23884 --- [project_oracle] [restartedMain] w.s.c.ServletWebServerApplicationContext : Root WebApplicationContext: initialization completed in 1298 ms
2025-03-02 22:32:12.182  INFO 23884 --- [project_oracle] [restartedMain] o.hibernate.jpa.internal.util.LogHelper  : HHH000204: Processing PersistenceUnitInfo [name: default]
2025-03-02 22:32:12.241  INFO 23884 --- [project_oracle] [restartedMain] org.hibernate.Version                    : HHH000412: Hibernate ORM core version 6.5.3.Final
2025-03-02 22:32:12.273  INFO 23884 --- [project_oracle] [restartedMain] o.h.c.internal.RegionFactoryInitiator    : HHH000026: Second-level cache disabled
2025-03-02 22:32:12.543  INFO 23884 --- [project_oracle] [restartedMain] o.s.o.j.p.SpringPersistenceUnitInfo      : No LoadTimeWeaver setup: ignoring JPA class transformer
2025-03-02 22:32:12.572  INFO 23884 --- [project_oracle] [restartedMain] com.zaxxer.hikari.HikariDataSource       : HikariPool-1 - Starting...
2025-03-02 22:32:12.885  INFO 23884 --- [project_oracle] [restartedMain] com.zaxxer.hikari.pool.HikariPool        : HikariPool-1 - Added connection oracle.jdbc.driver.T4CConnection@1373183b
2025-03-02 22:32:12.887  INFO 23884 --- [project_oracle] [restartedMain] com.zaxxer.hikari.HikariDataSource       : HikariPool-1 - Start completed.
2025-03-02 22:32:13.047  WARN 23884 --- [project_oracle] [restartedMain] org.hibernate.dialect.Dialect            : HHH000511: The 18.0.0 version for [org.hibernate.dialect.OracleDialect] is no longer supported, hence certain features may not work properly. The minimum supported version is 19.0.0. Check the community dialects project for available legacy versions.
2025-03-02 22:32:13.052  WARN 23884 --- [project_oracle] [restartedMain] org.hibernate.orm.deprecation            : HHH90000025: OracleDialect does not need to be specified explicitly using 'hibernate.dialect' (remove the property setting and it will be selected by default)
2025-03-02 22:32:14.044  INFO 23884 --- [project_oracle] [restartedMain] o.h.e.t.j.p.i.JtaPlatformInitiator       : HHH000489: No JTA platform available (set 'hibernate.transaction.jta.platform' to enable JTA platform integration)
2025-03-02 22:32:28.645  INFO 23884 --- [project_oracle] [restartedMain] j.LocalContainerEntityManagerFactoryBean : Initialized JPA EntityManagerFactory for persistence unit 'default'
2025-03-02 22:32:28.878  INFO 23884 --- [project_oracle] [restartedMain] o.s.d.j.r.query.QueryEnhancerFactory     : Hibernate is in classpath; If applicable, HQL parser will be used.
2025-03-02 22:32:29.527  WARN 23884 --- [project_oracle] [restartedMain] JpaBaseConfiguration$JpaWebConfiguration : spring.jpa.open-in-view is enabled by default. Therefore, database queries may be performed during view rendering. Explicitly configure spring.jpa.open-in-view to disable this warning
2025-03-02 22:32:29.621  INFO 23884 --- [project_oracle] [restartedMain] o.s.b.a.w.s.WelcomePageHandlerMapping    : Adding welcome page: class path resource [static/index.html]
2025-03-02 22:32:30.090  INFO 23884 --- [project_oracle] [restartedMain] o.s.b.d.a.OptionalLiveReloadServer       : LiveReload server is running on port 35729
2025-03-02 22:32:30.125  INFO 23884 --- [project_oracle] [restartedMain] o.s.b.w.embedded.tomcat.TomcatWebServer  : Tomcat started on port 8080 (http) with context path '/'
2025-03-02 22:32:30.130  INFO 23884 --- [project_oracle] [restartedMain] com.pcwk.ehr.Ehr01Application            : Started Ehr01Application in 19.96 seconds (process running for 20.528)
2025-03-02 22:46:29.125  INFO 23884 --- [project_oracle] [RMI TCP Connection(27)-127.0.0.1] inMXBeanRegistrar$SpringApplicationAdmin : Application shutdown requested.
2025-03-02 22:46:29.141  INFO 23884 --- [project_oracle] [RMI TCP Connection(27)-127.0.0.1] j.LocalContainerEntityManagerFactoryBean : Closing JPA EntityManagerFactory for persistence unit 'default'
2025-03-02 22:46:29.143  INFO 23884 --- [project_oracle] [RMI TCP Connection(27)-127.0.0.1] com.zaxxer.hikari.HikariDataSource       : HikariPool-1 - Shutdown initiated...
2025-03-02 22:46:29.226  INFO 23884 --- [project_oracle] [RMI TCP Connection(27)-127.0.0.1] com.zaxxer.hikari.HikariDataSource       : HikariPool-1 - Shutdown completed.
