2025-01-20 15:29:39.725  INFO 13352 --- [ehr01] [main] com.pcwk.ehr.Ehr01ApplicationTests       : Starting Ehr01ApplicationTests using Java 21.0.5 with PID 13352 (started by gy in C:\Users\gy\ora\boot\workspace\ehr01)
2025-01-20 15:29:39.728  INFO 13352 --- [ehr01] [main] com.pcwk.ehr.Ehr01ApplicationTests       : No active profile set, falling back to 1 default profile: "default"
2025-01-20 15:29:40.795  INFO 13352 --- [ehr01] [main] .s.d.r.c.RepositoryConfigurationDelegate : Bootstrapping Spring Data JPA repositories in DEFAULT mode.
2025-01-20 15:29:40.898  INFO 13352 --- [ehr01] [main] .s.d.r.c.RepositoryConfigurationDelegate : Finished Spring Data repository scanning in 89 ms. Found 2 JPA repository interfaces.
2025-01-20 15:29:41.696  INFO 13352 --- [ehr01] [main] o.hibernate.jpa.internal.util.LogHelper  : HHH000204: Processing PersistenceUnitInfo [name: default]
2025-01-20 15:29:41.842  INFO 13352 --- [ehr01] [main] org.hibernate.Version                    : HHH000412: Hibernate ORM core version 6.5.3.Final
2025-01-20 15:29:41.919  INFO 13352 --- [ehr01] [main] o.h.c.internal.RegionFactoryInitiator    : HHH000026: Second-level cache disabled
2025-01-20 15:29:42.490  INFO 13352 --- [ehr01] [main] o.s.o.j.p.SpringPersistenceUnitInfo      : No LoadTimeWeaver setup: ignoring JPA class transformer
2025-01-20 15:29:42.570  INFO 13352 --- [ehr01] [main] com.zaxxer.hikari.HikariDataSource       : HikariPool-1 - Starting...
2025-01-20 15:29:42.960  INFO 13352 --- [ehr01] [main] com.zaxxer.hikari.pool.HikariPool        : HikariPool-1 - Added connection conn0: url=jdbc:h2:~/local user=SA
2025-01-20 15:29:42.964  INFO 13352 --- [ehr01] [main] com.zaxxer.hikari.HikariDataSource       : HikariPool-1 - Start completed.
2025-01-20 15:29:43.009  WARN 13352 --- [ehr01] [main] org.hibernate.orm.deprecation            : HHH90000025: H2Dialect does not need to be specified explicitly using 'hibernate.dialect' (remove the property setting and it will be selected by default)
2025-01-20 15:29:44.504  INFO 13352 --- [ehr01] [main] o.h.e.t.j.p.i.JtaPlatformInitiator       : HHH000489: No JTA platform available (set 'hibernate.transaction.jta.platform' to enable JTA platform integration)
2025-01-20 15:29:44.602  INFO 13352 --- [ehr01] [main] j.LocalContainerEntityManagerFactoryBean : Initialized JPA EntityManagerFactory for persistence unit 'default'
2025-01-20 15:29:44.927  WARN 13352 --- [ehr01] [main] JpaBaseConfiguration$JpaWebConfiguration : spring.jpa.open-in-view is enabled by default. Therefore, database queries may be performed during view rendering. Explicitly configure spring.jpa.open-in-view to disable this warning
2025-01-20 15:29:44.981  INFO 13352 --- [ehr01] [main] o.s.b.a.w.s.WelcomePageHandlerMapping    : Adding welcome page: class path resource [static/index.html]
2025-01-20 15:29:45.934  INFO 13352 --- [ehr01] [main] o.s.b.a.h2.H2ConsoleAutoConfiguration    : H2 console available at '/h2-console'. Database available at 'jdbc:h2:~/local'
2025-01-20 15:29:46.049  INFO 13352 --- [ehr01] [main] com.pcwk.ehr.Ehr01ApplicationTests       : Started Ehr01ApplicationTests in 6.943 seconds (process running for 8.803)
2025-01-20 15:29:47.381  INFO 13352 --- [ehr01] [main] com.pcwk.ehr.Ehr01ApplicationTests       : vo:pcwk가 무엇인가요?
2025-01-20 15:29:47.382  INFO 13352 --- [ehr01] [main] com.pcwk.ehr.Ehr01ApplicationTests       : vo:스프링부트 모델 질문입니다.?
2025-01-20 15:29:47.406  INFO 13352 --- [ehr01] [SpringApplicationShutdownHook] j.LocalContainerEntityManagerFactoryBean : Closing JPA EntityManagerFactory for persistence unit 'default'
2025-01-20 15:29:47.410  INFO 13352 --- [ehr01] [SpringApplicationShutdownHook] com.zaxxer.hikari.HikariDataSource       : HikariPool-1 - Shutdown initiated...
2025-01-20 15:29:47.414  INFO 13352 --- [ehr01] [SpringApplicationShutdownHook] com.zaxxer.hikari.HikariDataSource       : HikariPool-1 - Shutdown completed.
2025-01-20 15:35:59.750  INFO 22016 --- [ehr01] [main] com.pcwk.ehr.Ehr01ApplicationTests       : Starting Ehr01ApplicationTests using Java 21.0.5 with PID 22016 (started by gy in C:\Users\gy\ora\boot\workspace\ehr01)
2025-01-20 15:35:59.752  INFO 22016 --- [ehr01] [main] com.pcwk.ehr.Ehr01ApplicationTests       : No active profile set, falling back to 1 default profile: "default"
2025-01-20 15:36:00.818  INFO 22016 --- [ehr01] [main] .s.d.r.c.RepositoryConfigurationDelegate : Bootstrapping Spring Data JPA repositories in DEFAULT mode.
2025-01-20 15:36:00.945  INFO 22016 --- [ehr01] [main] .s.d.r.c.RepositoryConfigurationDelegate : Finished Spring Data repository scanning in 112 ms. Found 2 JPA repository interfaces.
2025-01-20 15:36:01.656  INFO 22016 --- [ehr01] [main] o.hibernate.jpa.internal.util.LogHelper  : HHH000204: Processing PersistenceUnitInfo [name: default]
2025-01-20 15:36:01.826  INFO 22016 --- [ehr01] [main] org.hibernate.Version                    : HHH000412: Hibernate ORM core version 6.5.3.Final
2025-01-20 15:36:01.904  INFO 22016 --- [ehr01] [main] o.h.c.internal.RegionFactoryInitiator    : HHH000026: Second-level cache disabled
2025-01-20 15:36:02.456  INFO 22016 --- [ehr01] [main] o.s.o.j.p.SpringPersistenceUnitInfo      : No LoadTimeWeaver setup: ignoring JPA class transformer
2025-01-20 15:36:02.534  INFO 22016 --- [ehr01] [main] com.zaxxer.hikari.HikariDataSource       : HikariPool-1 - Starting...
2025-01-20 15:36:02.905  INFO 22016 --- [ehr01] [main] com.zaxxer.hikari.pool.HikariPool        : HikariPool-1 - Added connection conn0: url=jdbc:h2:~/local user=SA
2025-01-20 15:36:02.909  INFO 22016 --- [ehr01] [main] com.zaxxer.hikari.HikariDataSource       : HikariPool-1 - Start completed.
2025-01-20 15:36:02.965  WARN 22016 --- [ehr01] [main] org.hibernate.orm.deprecation            : HHH90000025: H2Dialect does not need to be specified explicitly using 'hibernate.dialect' (remove the property setting and it will be selected by default)
2025-01-20 15:36:04.589  INFO 22016 --- [ehr01] [main] o.h.e.t.j.p.i.JtaPlatformInitiator       : HHH000489: No JTA platform available (set 'hibernate.transaction.jta.platform' to enable JTA platform integration)
2025-01-20 15:36:04.681  INFO 22016 --- [ehr01] [main] j.LocalContainerEntityManagerFactoryBean : Initialized JPA EntityManagerFactory for persistence unit 'default'
2025-01-20 15:36:04.961  WARN 22016 --- [ehr01] [main] JpaBaseConfiguration$JpaWebConfiguration : spring.jpa.open-in-view is enabled by default. Therefore, database queries may be performed during view rendering. Explicitly configure spring.jpa.open-in-view to disable this warning
2025-01-20 15:36:05.017  INFO 22016 --- [ehr01] [main] o.s.b.a.w.s.WelcomePageHandlerMapping    : Adding welcome page: class path resource [static/index.html]
2025-01-20 15:36:05.958  INFO 22016 --- [ehr01] [main] o.s.b.a.h2.H2ConsoleAutoConfiguration    : H2 console available at '/h2-console'. Database available at 'jdbc:h2:~/local'
2025-01-20 15:36:06.051  INFO 22016 --- [ehr01] [main] com.pcwk.ehr.Ehr01ApplicationTests       : Started Ehr01ApplicationTests in 6.865 seconds (process running for 8.685)
2025-01-20 15:36:07.056  INFO 22016 --- [ehr01] [main] com.pcwk.ehr.Ehr01ApplicationTests       : subject:pcwk가 무엇인가요?
2025-01-20 15:36:07.088  INFO 22016 --- [ehr01] [SpringApplicationShutdownHook] j.LocalContainerEntityManagerFactoryBean : Closing JPA EntityManagerFactory for persistence unit 'default'
2025-01-20 15:36:07.092  INFO 22016 --- [ehr01] [SpringApplicationShutdownHook] com.zaxxer.hikari.HikariDataSource       : HikariPool-1 - Shutdown initiated...
2025-01-20 15:36:07.095  INFO 22016 --- [ehr01] [SpringApplicationShutdownHook] com.zaxxer.hikari.HikariDataSource       : HikariPool-1 - Shutdown completed.
2025-01-20 15:36:48.305  INFO 19500 --- [ehr01] [main] o.s.b.devtools.RemoteSpringApplication   : Starting RemoteSpringApplication v3.3.7 using Java 21.0.5 with PID 19500 (C:\Users\gy\.gradle\caches\modules-2\files-2.1\org.springframework.boot\spring-boot-devtools\3.3.7\d9b55ae1055ad53e262cf30f1355fded17c997c2\spring-boot-devtools-3.3.7.jar started by gy in C:\Users\gy\ora\boot\workspace\ehr01)
2025-01-20 15:36:48.313  INFO 19500 --- [ehr01] [main] o.s.b.devtools.RemoteSpringApplication   : No active profile set, falling back to 1 default profile: "default"
2025-01-20 15:36:48.623  WARN 19500 --- [ehr01] [main] o.s.b.d.r.c.RemoteClientConfiguration    : The connection to http://localhost:8080/h2-console is insecure. You should use a URL starting with 'https://'.
2025-01-20 15:36:48.734  WARN 19500 --- [ehr01] [main] s.c.a.AnnotationConfigApplicationContext : Exception encountered during context initialization - cancelling refresh attempt: org.springframework.beans.factory.UnsatisfiedDependencyException: Error creating bean with name 'classPathChangeUploader' defined in org.springframework.boot.devtools.remote.client.RemoteClientConfiguration$RemoteRestartClientConfiguration: Unsatisfied dependency expressed through method 'classPathChangeUploader' parameter 0: Error creating bean with name 'clientHttpRequestFactory' defined in org.springframework.boot.devtools.remote.client.RemoteClientConfiguration: Failed to instantiate [org.springframework.http.client.ClientHttpRequestFactory]: Factory method 'clientHttpRequestFactory' threw exception with message: The environment value 'spring.devtools.remote.secret' is required to secure your connection.
2025-01-20 15:36:48.783 ERROR 19500 --- [ehr01] [main] o.s.boot.SpringApplication               : Application run failed

org.springframework.beans.factory.UnsatisfiedDependencyException: Error creating bean with name 'classPathChangeUploader' defined in org.springframework.boot.devtools.remote.client.RemoteClientConfiguration$RemoteRestartClientConfiguration: Unsatisfied dependency expressed through method 'classPathChangeUploader' parameter 0: Error creating bean with name 'clientHttpRequestFactory' defined in org.springframework.boot.devtools.remote.client.RemoteClientConfiguration: Failed to instantiate [org.springframework.http.client.ClientHttpRequestFactory]: Factory method 'clientHttpRequestFactory' threw exception with message: The environment value 'spring.devtools.remote.secret' is required to secure your connection.
	at org.springframework.beans.factory.support.ConstructorResolver.createArgumentArray(ConstructorResolver.java:795) ~[spring-beans-6.1.16.jar:6.1.16]
	at org.springframework.beans.factory.support.ConstructorResolver.instantiateUsingFactoryMethod(ConstructorResolver.java:542) ~[spring-beans-6.1.16.jar:6.1.16]
	at org.springframework.beans.factory.support.AbstractAutowireCapableBeanFactory.instantiateUsingFactoryMethod(AbstractAutowireCapableBeanFactory.java:1355) ~[spring-beans-6.1.16.jar:6.1.16]
	at org.springframework.beans.factory.support.AbstractAutowireCapableBeanFactory.createBeanInstance(AbstractAutowireCapableBeanFactory.java:1185) ~[spring-beans-6.1.16.jar:6.1.16]
	at org.springframework.beans.factory.support.AbstractAutowireCapableBeanFactory.doCreateBean(AbstractAutowireCapableBeanFactory.java:562) ~[spring-beans-6.1.16.jar:6.1.16]
	at org.springframework.beans.factory.support.AbstractAutowireCapableBeanFactory.createBean(AbstractAutowireCapableBeanFactory.java:522) ~[spring-beans-6.1.16.jar:6.1.16]
	at org.springframework.beans.factory.support.AbstractBeanFactory.lambda$doGetBean$0(AbstractBeanFactory.java:337) ~[spring-beans-6.1.16.jar:6.1.16]
	at org.springframework.beans.factory.support.DefaultSingletonBeanRegistry.getSingleton(DefaultSingletonBeanRegistry.java:234) ~[spring-beans-6.1.16.jar:6.1.16]
	at org.springframework.beans.factory.support.AbstractBeanFactory.doGetBean(AbstractBeanFactory.java:335) ~[spring-beans-6.1.16.jar:6.1.16]
	at org.springframework.beans.factory.support.AbstractBeanFactory.getBean(AbstractBeanFactory.java:200) ~[spring-beans-6.1.16.jar:6.1.16]
	at org.springframework.beans.factory.support.DefaultListableBeanFactory.preInstantiateSingletons(DefaultListableBeanFactory.java:975) ~[spring-beans-6.1.16.jar:6.1.16]
	at org.springframework.context.support.AbstractApplicationContext.finishBeanFactoryInitialization(AbstractApplicationContext.java:971) ~[spring-context-6.1.16.jar:6.1.16]
	at org.springframework.context.support.AbstractApplicationContext.refresh(AbstractApplicationContext.java:625) ~[spring-context-6.1.16.jar:6.1.16]
	at org.springframework.boot.SpringApplication.refresh(SpringApplication.java:754) ~[spring-boot-3.3.7.jar:3.3.7]
	at org.springframework.boot.SpringApplication.refreshContext(SpringApplication.java:456) ~[spring-boot-3.3.7.jar:3.3.7]
	at org.springframework.boot.SpringApplication.run(SpringApplication.java:335) ~[spring-boot-3.3.7.jar:3.3.7]
	at org.springframework.boot.devtools.RemoteSpringApplication.run(RemoteSpringApplication.java:62) ~[spring-boot-devtools-3.3.7.jar:3.3.7]
	at org.springframework.boot.devtools.RemoteSpringApplication.main(RemoteSpringApplication.java:104) ~[spring-boot-devtools-3.3.7.jar:3.3.7]
Caused by: org.springframework.beans.factory.BeanCreationException: Error creating bean with name 'clientHttpRequestFactory' defined in org.springframework.boot.devtools.remote.client.RemoteClientConfiguration: Failed to instantiate [org.springframework.http.client.ClientHttpRequestFactory]: Factory method 'clientHttpRequestFactory' threw exception with message: The environment value 'spring.devtools.remote.secret' is required to secure your connection.
	at org.springframework.beans.factory.support.ConstructorResolver.instantiate(ConstructorResolver.java:648) ~[spring-beans-6.1.16.jar:6.1.16]
	at org.springframework.beans.factory.support.ConstructorResolver.instantiateUsingFactoryMethod(ConstructorResolver.java:485) ~[spring-beans-6.1.16.jar:6.1.16]
	at org.springframework.beans.factory.support.AbstractAutowireCapableBeanFactory.instantiateUsingFactoryMethod(AbstractAutowireCapableBeanFactory.java:1355) ~[spring-beans-6.1.16.jar:6.1.16]
	at org.springframework.beans.factory.support.AbstractAutowireCapableBeanFactory.createBeanInstance(AbstractAutowireCapableBeanFactory.java:1185) ~[spring-beans-6.1.16.jar:6.1.16]
	at org.springframework.beans.factory.support.AbstractAutowireCapableBeanFactory.doCreateBean(AbstractAutowireCapableBeanFactory.java:562) ~[spring-beans-6.1.16.jar:6.1.16]
	at org.springframework.beans.factory.support.AbstractAutowireCapableBeanFactory.createBean(AbstractAutowireCapableBeanFactory.java:522) ~[spring-beans-6.1.16.jar:6.1.16]
	at org.springframework.beans.factory.support.AbstractBeanFactory.lambda$doGetBean$0(AbstractBeanFactory.java:337) ~[spring-beans-6.1.16.jar:6.1.16]
	at org.springframework.beans.factory.support.DefaultSingletonBeanRegistry.getSingleton(DefaultSingletonBeanRegistry.java:234) ~[spring-beans-6.1.16.jar:6.1.16]
	at org.springframework.beans.factory.support.AbstractBeanFactory.doGetBean(AbstractBeanFactory.java:335) ~[spring-beans-6.1.16.jar:6.1.16]
	at org.springframework.beans.factory.support.AbstractBeanFactory.getBean(AbstractBeanFactory.java:200) ~[spring-beans-6.1.16.jar:6.1.16]
	at org.springframework.beans.factory.config.DependencyDescriptor.resolveCandidate(DependencyDescriptor.java:254) ~[spring-beans-6.1.16.jar:6.1.16]
	at org.springframework.beans.factory.support.DefaultListableBeanFactory.doResolveDependency(DefaultListableBeanFactory.java:1448) ~[spring-beans-6.1.16.jar:6.1.16]
	at org.springframework.beans.factory.support.DefaultListableBeanFactory.resolveDependency(DefaultListableBeanFactory.java:1358) ~[spring-beans-6.1.16.jar:6.1.16]
	at org.springframework.beans.factory.support.ConstructorResolver.resolveAutowiredArgument(ConstructorResolver.java:904) ~[spring-beans-6.1.16.jar:6.1.16]
	at org.springframework.beans.factory.support.ConstructorResolver.createArgumentArray(ConstructorResolver.java:782) ~[spring-beans-6.1.16.jar:6.1.16]
	... 17 common frames omitted
Caused by: org.springframework.beans.BeanInstantiationException: Failed to instantiate [org.springframework.http.client.ClientHttpRequestFactory]: Factory method 'clientHttpRequestFactory' threw exception with message: The environment value 'spring.devtools.remote.secret' is required to secure your connection.
	at org.springframework.beans.factory.support.SimpleInstantiationStrategy.instantiate(SimpleInstantiationStrategy.java:178) ~[spring-beans-6.1.16.jar:6.1.16]
	at org.springframework.beans.factory.support.ConstructorResolver.instantiate(ConstructorResolver.java:644) ~[spring-beans-6.1.16.jar:6.1.16]
	... 31 common frames omitted
Caused by: java.lang.IllegalStateException: The environment value 'spring.devtools.remote.secret' is required to secure your connection.
	at org.springframework.util.Assert.state(Assert.java:76) ~[spring-core-6.1.16.jar:6.1.16]
	at org.springframework.boot.devtools.remote.client.RemoteClientConfiguration.getSecurityInterceptor(RemoteClientConfiguration.java:107) ~[spring-boot-devtools-3.3.7.jar:3.3.7]
	at org.springframework.boot.devtools.remote.client.RemoteClientConfiguration.clientHttpRequestFactory(RemoteClientConfiguration.java:93) ~[spring-boot-devtools-3.3.7.jar:3.3.7]
	at java.base/jdk.internal.reflect.DirectMethodHandleAccessor.invoke(DirectMethodHandleAccessor.java:103) ~[na:na]
	at java.base/java.lang.reflect.Method.invoke(Method.java:580) ~[na:na]
	at org.springframework.beans.factory.support.SimpleInstantiationStrategy.instantiate(SimpleInstantiationStrategy.java:146) ~[spring-beans-6.1.16.jar:6.1.16]
	... 32 common frames omitted

2025-01-20 15:37:43.012  INFO 9640 --- [ehr01] [main] o.s.b.devtools.RemoteSpringApplication   : Starting RemoteSpringApplication v3.3.7 using Java 21.0.5 with PID 9640 (C:\Users\gy\.gradle\caches\modules-2\files-2.1\org.springframework.boot\spring-boot-devtools\3.3.7\d9b55ae1055ad53e262cf30f1355fded17c997c2\spring-boot-devtools-3.3.7.jar started by gy in C:\Users\gy\ora\boot\workspace\ehr01)
2025-01-20 15:37:43.020  INFO 9640 --- [ehr01] [main] o.s.b.devtools.RemoteSpringApplication   : No active profile set, falling back to 1 default profile: "default"
2025-01-20 15:37:43.339  WARN 9640 --- [ehr01] [main] o.s.b.d.r.c.RemoteClientConfiguration    : The connection to http://localhost:8080/h2-console is insecure. You should use a URL starting with 'https://'.
2025-01-20 15:37:43.453  WARN 9640 --- [ehr01] [main] s.c.a.AnnotationConfigApplicationContext : Exception encountered during context initialization - cancelling refresh attempt: org.springframework.beans.factory.UnsatisfiedDependencyException: Error creating bean with name 'classPathChangeUploader' defined in org.springframework.boot.devtools.remote.client.RemoteClientConfiguration$RemoteRestartClientConfiguration: Unsatisfied dependency expressed through method 'classPathChangeUploader' parameter 0: Error creating bean with name 'clientHttpRequestFactory' defined in org.springframework.boot.devtools.remote.client.RemoteClientConfiguration: Failed to instantiate [org.springframework.http.client.ClientHttpRequestFactory]: Factory method 'clientHttpRequestFactory' threw exception with message: The environment value 'spring.devtools.remote.secret' is required to secure your connection.
2025-01-20 15:37:43.500 ERROR 9640 --- [ehr01] [main] o.s.boot.SpringApplication               : Application run failed

org.springframework.beans.factory.UnsatisfiedDependencyException: Error creating bean with name 'classPathChangeUploader' defined in org.springframework.boot.devtools.remote.client.RemoteClientConfiguration$RemoteRestartClientConfiguration: Unsatisfied dependency expressed through method 'classPathChangeUploader' parameter 0: Error creating bean with name 'clientHttpRequestFactory' defined in org.springframework.boot.devtools.remote.client.RemoteClientConfiguration: Failed to instantiate [org.springframework.http.client.ClientHttpRequestFactory]: Factory method 'clientHttpRequestFactory' threw exception with message: The environment value 'spring.devtools.remote.secret' is required to secure your connection.
	at org.springframework.beans.factory.support.ConstructorResolver.createArgumentArray(ConstructorResolver.java:795) ~[spring-beans-6.1.16.jar:6.1.16]
	at org.springframework.beans.factory.support.ConstructorResolver.instantiateUsingFactoryMethod(ConstructorResolver.java:542) ~[spring-beans-6.1.16.jar:6.1.16]
	at org.springframework.beans.factory.support.AbstractAutowireCapableBeanFactory.instantiateUsingFactoryMethod(AbstractAutowireCapableBeanFactory.java:1355) ~[spring-beans-6.1.16.jar:6.1.16]
	at org.springframework.beans.factory.support.AbstractAutowireCapableBeanFactory.createBeanInstance(AbstractAutowireCapableBeanFactory.java:1185) ~[spring-beans-6.1.16.jar:6.1.16]
	at org.springframework.beans.factory.support.AbstractAutowireCapableBeanFactory.doCreateBean(AbstractAutowireCapableBeanFactory.java:562) ~[spring-beans-6.1.16.jar:6.1.16]
	at org.springframework.beans.factory.support.AbstractAutowireCapableBeanFactory.createBean(AbstractAutowireCapableBeanFactory.java:522) ~[spring-beans-6.1.16.jar:6.1.16]
	at org.springframework.beans.factory.support.AbstractBeanFactory.lambda$doGetBean$0(AbstractBeanFactory.java:337) ~[spring-beans-6.1.16.jar:6.1.16]
	at org.springframework.beans.factory.support.DefaultSingletonBeanRegistry.getSingleton(DefaultSingletonBeanRegistry.java:234) ~[spring-beans-6.1.16.jar:6.1.16]
	at org.springframework.beans.factory.support.AbstractBeanFactory.doGetBean(AbstractBeanFactory.java:335) ~[spring-beans-6.1.16.jar:6.1.16]
	at org.springframework.beans.factory.support.AbstractBeanFactory.getBean(AbstractBeanFactory.java:200) ~[spring-beans-6.1.16.jar:6.1.16]
	at org.springframework.beans.factory.support.DefaultListableBeanFactory.preInstantiateSingletons(DefaultListableBeanFactory.java:975) ~[spring-beans-6.1.16.jar:6.1.16]
	at org.springframework.context.support.AbstractApplicationContext.finishBeanFactoryInitialization(AbstractApplicationContext.java:971) ~[spring-context-6.1.16.jar:6.1.16]
	at org.springframework.context.support.AbstractApplicationContext.refresh(AbstractApplicationContext.java:625) ~[spring-context-6.1.16.jar:6.1.16]
	at org.springframework.boot.SpringApplication.refresh(SpringApplication.java:754) ~[spring-boot-3.3.7.jar:3.3.7]
	at org.springframework.boot.SpringApplication.refreshContext(SpringApplication.java:456) ~[spring-boot-3.3.7.jar:3.3.7]
	at org.springframework.boot.SpringApplication.run(SpringApplication.java:335) ~[spring-boot-3.3.7.jar:3.3.7]
	at org.springframework.boot.devtools.RemoteSpringApplication.run(RemoteSpringApplication.java:62) ~[spring-boot-devtools-3.3.7.jar:3.3.7]
	at org.springframework.boot.devtools.RemoteSpringApplication.main(RemoteSpringApplication.java:104) ~[spring-boot-devtools-3.3.7.jar:3.3.7]
Caused by: org.springframework.beans.factory.BeanCreationException: Error creating bean with name 'clientHttpRequestFactory' defined in org.springframework.boot.devtools.remote.client.RemoteClientConfiguration: Failed to instantiate [org.springframework.http.client.ClientHttpRequestFactory]: Factory method 'clientHttpRequestFactory' threw exception with message: The environment value 'spring.devtools.remote.secret' is required to secure your connection.
	at org.springframework.beans.factory.support.ConstructorResolver.instantiate(ConstructorResolver.java:648) ~[spring-beans-6.1.16.jar:6.1.16]
	at org.springframework.beans.factory.support.ConstructorResolver.instantiateUsingFactoryMethod(ConstructorResolver.java:485) ~[spring-beans-6.1.16.jar:6.1.16]
	at org.springframework.beans.factory.support.AbstractAutowireCapableBeanFactory.instantiateUsingFactoryMethod(AbstractAutowireCapableBeanFactory.java:1355) ~[spring-beans-6.1.16.jar:6.1.16]
	at org.springframework.beans.factory.support.AbstractAutowireCapableBeanFactory.createBeanInstance(AbstractAutowireCapableBeanFactory.java:1185) ~[spring-beans-6.1.16.jar:6.1.16]
	at org.springframework.beans.factory.support.AbstractAutowireCapableBeanFactory.doCreateBean(AbstractAutowireCapableBeanFactory.java:562) ~[spring-beans-6.1.16.jar:6.1.16]
	at org.springframework.beans.factory.support.AbstractAutowireCapableBeanFactory.createBean(AbstractAutowireCapableBeanFactory.java:522) ~[spring-beans-6.1.16.jar:6.1.16]
	at org.springframework.beans.factory.support.AbstractBeanFactory.lambda$doGetBean$0(AbstractBeanFactory.java:337) ~[spring-beans-6.1.16.jar:6.1.16]
	at org.springframework.beans.factory.support.DefaultSingletonBeanRegistry.getSingleton(DefaultSingletonBeanRegistry.java:234) ~[spring-beans-6.1.16.jar:6.1.16]
	at org.springframework.beans.factory.support.AbstractBeanFactory.doGetBean(AbstractBeanFactory.java:335) ~[spring-beans-6.1.16.jar:6.1.16]
	at org.springframework.beans.factory.support.AbstractBeanFactory.getBean(AbstractBeanFactory.java:200) ~[spring-beans-6.1.16.jar:6.1.16]
	at org.springframework.beans.factory.config.DependencyDescriptor.resolveCandidate(DependencyDescriptor.java:254) ~[spring-beans-6.1.16.jar:6.1.16]
	at org.springframework.beans.factory.support.DefaultListableBeanFactory.doResolveDependency(DefaultListableBeanFactory.java:1448) ~[spring-beans-6.1.16.jar:6.1.16]
	at org.springframework.beans.factory.support.DefaultListableBeanFactory.resolveDependency(DefaultListableBeanFactory.java:1358) ~[spring-beans-6.1.16.jar:6.1.16]
	at org.springframework.beans.factory.support.ConstructorResolver.resolveAutowiredArgument(ConstructorResolver.java:904) ~[spring-beans-6.1.16.jar:6.1.16]
	at org.springframework.beans.factory.support.ConstructorResolver.createArgumentArray(ConstructorResolver.java:782) ~[spring-beans-6.1.16.jar:6.1.16]
	... 17 common frames omitted
Caused by: org.springframework.beans.BeanInstantiationException: Failed to instantiate [org.springframework.http.client.ClientHttpRequestFactory]: Factory method 'clientHttpRequestFactory' threw exception with message: The environment value 'spring.devtools.remote.secret' is required to secure your connection.
	at org.springframework.beans.factory.support.SimpleInstantiationStrategy.instantiate(SimpleInstantiationStrategy.java:178) ~[spring-beans-6.1.16.jar:6.1.16]
	at org.springframework.beans.factory.support.ConstructorResolver.instantiate(ConstructorResolver.java:644) ~[spring-beans-6.1.16.jar:6.1.16]
	... 31 common frames omitted
Caused by: java.lang.IllegalStateException: The environment value 'spring.devtools.remote.secret' is required to secure your connection.
	at org.springframework.util.Assert.state(Assert.java:76) ~[spring-core-6.1.16.jar:6.1.16]
	at org.springframework.boot.devtools.remote.client.RemoteClientConfiguration.getSecurityInterceptor(RemoteClientConfiguration.java:107) ~[spring-boot-devtools-3.3.7.jar:3.3.7]
	at org.springframework.boot.devtools.remote.client.RemoteClientConfiguration.clientHttpRequestFactory(RemoteClientConfiguration.java:93) ~[spring-boot-devtools-3.3.7.jar:3.3.7]
	at java.base/jdk.internal.reflect.DirectMethodHandleAccessor.invoke(DirectMethodHandleAccessor.java:103) ~[na:na]
	at java.base/java.lang.reflect.Method.invoke(Method.java:580) ~[na:na]
	at org.springframework.beans.factory.support.SimpleInstantiationStrategy.instantiate(SimpleInstantiationStrategy.java:146) ~[spring-beans-6.1.16.jar:6.1.16]
	... 32 common frames omitted

2025-01-20 15:38:07.694  INFO 2012 --- [ehr01] [main] o.s.b.devtools.RemoteSpringApplication   : Starting RemoteSpringApplication v3.3.7 using Java 21.0.5 with PID 2012 (C:\Users\gy\.gradle\caches\modules-2\files-2.1\org.springframework.boot\spring-boot-devtools\3.3.7\d9b55ae1055ad53e262cf30f1355fded17c997c2\spring-boot-devtools-3.3.7.jar started by gy in C:\Users\gy\ora\boot\workspace\ehr01)
2025-01-20 15:38:07.701  INFO 2012 --- [ehr01] [main] o.s.b.devtools.RemoteSpringApplication   : No active profile set, falling back to 1 default profile: "default"
2025-01-20 15:38:08.040  WARN 2012 --- [ehr01] [main] o.s.b.d.r.c.RemoteClientConfiguration    : The connection to http://localhost:8080/h2-console is insecure. You should use a URL starting with 'https://'.
2025-01-20 15:38:08.160  WARN 2012 --- [ehr01] [main] s.c.a.AnnotationConfigApplicationContext : Exception encountered during context initialization - cancelling refresh attempt: org.springframework.beans.factory.UnsatisfiedDependencyException: Error creating bean with name 'classPathChangeUploader' defined in org.springframework.boot.devtools.remote.client.RemoteClientConfiguration$RemoteRestartClientConfiguration: Unsatisfied dependency expressed through method 'classPathChangeUploader' parameter 0: Error creating bean with name 'clientHttpRequestFactory' defined in org.springframework.boot.devtools.remote.client.RemoteClientConfiguration: Failed to instantiate [org.springframework.http.client.ClientHttpRequestFactory]: Factory method 'clientHttpRequestFactory' threw exception with message: The environment value 'spring.devtools.remote.secret' is required to secure your connection.
2025-01-20 15:38:08.221 ERROR 2012 --- [ehr01] [main] o.s.boot.SpringApplication               : Application run failed

org.springframework.beans.factory.UnsatisfiedDependencyException: Error creating bean with name 'classPathChangeUploader' defined in org.springframework.boot.devtools.remote.client.RemoteClientConfiguration$RemoteRestartClientConfiguration: Unsatisfied dependency expressed through method 'classPathChangeUploader' parameter 0: Error creating bean with name 'clientHttpRequestFactory' defined in org.springframework.boot.devtools.remote.client.RemoteClientConfiguration: Failed to instantiate [org.springframework.http.client.ClientHttpRequestFactory]: Factory method 'clientHttpRequestFactory' threw exception with message: The environment value 'spring.devtools.remote.secret' is required to secure your connection.
	at org.springframework.beans.factory.support.ConstructorResolver.createArgumentArray(ConstructorResolver.java:795) ~[spring-beans-6.1.16.jar:6.1.16]
	at org.springframework.beans.factory.support.ConstructorResolver.instantiateUsingFactoryMethod(ConstructorResolver.java:542) ~[spring-beans-6.1.16.jar:6.1.16]
	at org.springframework.beans.factory.support.AbstractAutowireCapableBeanFactory.instantiateUsingFactoryMethod(AbstractAutowireCapableBeanFactory.java:1355) ~[spring-beans-6.1.16.jar:6.1.16]
	at org.springframework.beans.factory.support.AbstractAutowireCapableBeanFactory.createBeanInstance(AbstractAutowireCapableBeanFactory.java:1185) ~[spring-beans-6.1.16.jar:6.1.16]
	at org.springframework.beans.factory.support.AbstractAutowireCapableBeanFactory.doCreateBean(AbstractAutowireCapableBeanFactory.java:562) ~[spring-beans-6.1.16.jar:6.1.16]
	at org.springframework.beans.factory.support.AbstractAutowireCapableBeanFactory.createBean(AbstractAutowireCapableBeanFactory.java:522) ~[spring-beans-6.1.16.jar:6.1.16]
	at org.springframework.beans.factory.support.AbstractBeanFactory.lambda$doGetBean$0(AbstractBeanFactory.java:337) ~[spring-beans-6.1.16.jar:6.1.16]
	at org.springframework.beans.factory.support.DefaultSingletonBeanRegistry.getSingleton(DefaultSingletonBeanRegistry.java:234) ~[spring-beans-6.1.16.jar:6.1.16]
	at org.springframework.beans.factory.support.AbstractBeanFactory.doGetBean(AbstractBeanFactory.java:335) ~[spring-beans-6.1.16.jar:6.1.16]
	at org.springframework.beans.factory.support.AbstractBeanFactory.getBean(AbstractBeanFactory.java:200) ~[spring-beans-6.1.16.jar:6.1.16]
	at org.springframework.beans.factory.support.DefaultListableBeanFactory.preInstantiateSingletons(DefaultListableBeanFactory.java:975) ~[spring-beans-6.1.16.jar:6.1.16]
	at org.springframework.context.support.AbstractApplicationContext.finishBeanFactoryInitialization(AbstractApplicationContext.java:971) ~[spring-context-6.1.16.jar:6.1.16]
	at org.springframework.context.support.AbstractApplicationContext.refresh(AbstractApplicationContext.java:625) ~[spring-context-6.1.16.jar:6.1.16]
	at org.springframework.boot.SpringApplication.refresh(SpringApplication.java:754) ~[spring-boot-3.3.7.jar:3.3.7]
	at org.springframework.boot.SpringApplication.refreshContext(SpringApplication.java:456) ~[spring-boot-3.3.7.jar:3.3.7]
	at org.springframework.boot.SpringApplication.run(SpringApplication.java:335) ~[spring-boot-3.3.7.jar:3.3.7]
	at org.springframework.boot.devtools.RemoteSpringApplication.run(RemoteSpringApplication.java:62) ~[spring-boot-devtools-3.3.7.jar:3.3.7]
	at org.springframework.boot.devtools.RemoteSpringApplication.main(RemoteSpringApplication.java:104) ~[spring-boot-devtools-3.3.7.jar:3.3.7]
Caused by: org.springframework.beans.factory.BeanCreationException: Error creating bean with name 'clientHttpRequestFactory' defined in org.springframework.boot.devtools.remote.client.RemoteClientConfiguration: Failed to instantiate [org.springframework.http.client.ClientHttpRequestFactory]: Factory method 'clientHttpRequestFactory' threw exception with message: The environment value 'spring.devtools.remote.secret' is required to secure your connection.
	at org.springframework.beans.factory.support.ConstructorResolver.instantiate(ConstructorResolver.java:648) ~[spring-beans-6.1.16.jar:6.1.16]
	at org.springframework.beans.factory.support.ConstructorResolver.instantiateUsingFactoryMethod(ConstructorResolver.java:485) ~[spring-beans-6.1.16.jar:6.1.16]
	at org.springframework.beans.factory.support.AbstractAutowireCapableBeanFactory.instantiateUsingFactoryMethod(AbstractAutowireCapableBeanFactory.java:1355) ~[spring-beans-6.1.16.jar:6.1.16]
	at org.springframework.beans.factory.support.AbstractAutowireCapableBeanFactory.createBeanInstance(AbstractAutowireCapableBeanFactory.java:1185) ~[spring-beans-6.1.16.jar:6.1.16]
	at org.springframework.beans.factory.support.AbstractAutowireCapableBeanFactory.doCreateBean(AbstractAutowireCapableBeanFactory.java:562) ~[spring-beans-6.1.16.jar:6.1.16]
	at org.springframework.beans.factory.support.AbstractAutowireCapableBeanFactory.createBean(AbstractAutowireCapableBeanFactory.java:522) ~[spring-beans-6.1.16.jar:6.1.16]
	at org.springframework.beans.factory.support.AbstractBeanFactory.lambda$doGetBean$0(AbstractBeanFactory.java:337) ~[spring-beans-6.1.16.jar:6.1.16]
	at org.springframework.beans.factory.support.DefaultSingletonBeanRegistry.getSingleton(DefaultSingletonBeanRegistry.java:234) ~[spring-beans-6.1.16.jar:6.1.16]
	at org.springframework.beans.factory.support.AbstractBeanFactory.doGetBean(AbstractBeanFactory.java:335) ~[spring-beans-6.1.16.jar:6.1.16]
	at org.springframework.beans.factory.support.AbstractBeanFactory.getBean(AbstractBeanFactory.java:200) ~[spring-beans-6.1.16.jar:6.1.16]
	at org.springframework.beans.factory.config.DependencyDescriptor.resolveCandidate(DependencyDescriptor.java:254) ~[spring-beans-6.1.16.jar:6.1.16]
	at org.springframework.beans.factory.support.DefaultListableBeanFactory.doResolveDependency(DefaultListableBeanFactory.java:1448) ~[spring-beans-6.1.16.jar:6.1.16]
	at org.springframework.beans.factory.support.DefaultListableBeanFactory.resolveDependency(DefaultListableBeanFactory.java:1358) ~[spring-beans-6.1.16.jar:6.1.16]
	at org.springframework.beans.factory.support.ConstructorResolver.resolveAutowiredArgument(ConstructorResolver.java:904) ~[spring-beans-6.1.16.jar:6.1.16]
	at org.springframework.beans.factory.support.ConstructorResolver.createArgumentArray(ConstructorResolver.java:782) ~[spring-beans-6.1.16.jar:6.1.16]
	... 17 common frames omitted
Caused by: org.springframework.beans.BeanInstantiationException: Failed to instantiate [org.springframework.http.client.ClientHttpRequestFactory]: Factory method 'clientHttpRequestFactory' threw exception with message: The environment value 'spring.devtools.remote.secret' is required to secure your connection.
	at org.springframework.beans.factory.support.SimpleInstantiationStrategy.instantiate(SimpleInstantiationStrategy.java:178) ~[spring-beans-6.1.16.jar:6.1.16]
	at org.springframework.beans.factory.support.ConstructorResolver.instantiate(ConstructorResolver.java:644) ~[spring-beans-6.1.16.jar:6.1.16]
	... 31 common frames omitted
Caused by: java.lang.IllegalStateException: The environment value 'spring.devtools.remote.secret' is required to secure your connection.
	at org.springframework.util.Assert.state(Assert.java:76) ~[spring-core-6.1.16.jar:6.1.16]
	at org.springframework.boot.devtools.remote.client.RemoteClientConfiguration.getSecurityInterceptor(RemoteClientConfiguration.java:107) ~[spring-boot-devtools-3.3.7.jar:3.3.7]
	at org.springframework.boot.devtools.remote.client.RemoteClientConfiguration.clientHttpRequestFactory(RemoteClientConfiguration.java:93) ~[spring-boot-devtools-3.3.7.jar:3.3.7]
	at java.base/jdk.internal.reflect.DirectMethodHandleAccessor.invoke(DirectMethodHandleAccessor.java:103) ~[na:na]
	at java.base/java.lang.reflect.Method.invoke(Method.java:580) ~[na:na]
	at org.springframework.beans.factory.support.SimpleInstantiationStrategy.instantiate(SimpleInstantiationStrategy.java:146) ~[spring-beans-6.1.16.jar:6.1.16]
	... 32 common frames omitted

2025-01-20 15:41:04.820  INFO 15712 --- [ehr01] [restartedMain] com.pcwk.ehr.Ehr01Application            : Starting Ehr01Application using Java 21.0.5 with PID 15712 (C:\Users\gy\ora\boot\workspace\ehr01\bin\main started by gy in C:\Users\gy\ora\boot\workspace\ehr01)
2025-01-20 15:41:04.824  INFO 15712 --- [ehr01] [restartedMain] com.pcwk.ehr.Ehr01Application            : No active profile set, falling back to 1 default profile: "default"
2025-01-20 15:41:04.893  INFO 15712 --- [ehr01] [restartedMain] .e.DevToolsPropertyDefaultsPostProcessor : Devtools property defaults active! Set 'spring.devtools.add-properties' to 'false' to disable
2025-01-20 15:41:04.894  INFO 15712 --- [ehr01] [restartedMain] .e.DevToolsPropertyDefaultsPostProcessor : For additional web related logging consider setting the 'logging.level.web' property to 'DEBUG'
2025-01-20 15:41:06.015  INFO 15712 --- [ehr01] [restartedMain] .s.d.r.c.RepositoryConfigurationDelegate : Bootstrapping Spring Data JPA repositories in DEFAULT mode.
2025-01-20 15:41:06.126  INFO 15712 --- [ehr01] [restartedMain] .s.d.r.c.RepositoryConfigurationDelegate : Finished Spring Data repository scanning in 95 ms. Found 2 JPA repository interfaces.
2025-01-20 15:41:06.975  INFO 15712 --- [ehr01] [restartedMain] o.s.b.w.embedded.tomcat.TomcatWebServer  : Tomcat initialized with port 8080 (http)
2025-01-20 15:41:07.003  INFO 15712 --- [ehr01] [restartedMain] o.apache.catalina.core.StandardService   : Starting service [Tomcat]
2025-01-20 15:41:07.004  INFO 15712 --- [ehr01] [restartedMain] o.apache.catalina.core.StandardEngine    : Starting Servlet engine: [Apache Tomcat/10.1.34]
2025-01-20 15:41:07.139  INFO 15712 --- [ehr01] [restartedMain] o.a.c.c.C.[Tomcat].[localhost].[/]       : Initializing Spring embedded WebApplicationContext
2025-01-20 15:41:07.139  INFO 15712 --- [ehr01] [restartedMain] w.s.c.ServletWebServerApplicationContext : Root WebApplicationContext: initialization completed in 2244 ms
2025-01-20 15:41:07.384  INFO 15712 --- [ehr01] [restartedMain] o.hibernate.jpa.internal.util.LogHelper  : HHH000204: Processing PersistenceUnitInfo [name: default]
2025-01-20 15:41:07.500  INFO 15712 --- [ehr01] [restartedMain] org.hibernate.Version                    : HHH000412: Hibernate ORM core version 6.5.3.Final
2025-01-20 15:41:07.576  INFO 15712 --- [ehr01] [restartedMain] o.h.c.internal.RegionFactoryInitiator    : HHH000026: Second-level cache disabled
2025-01-20 15:41:08.089  INFO 15712 --- [ehr01] [restartedMain] o.s.o.j.p.SpringPersistenceUnitInfo      : No LoadTimeWeaver setup: ignoring JPA class transformer
2025-01-20 15:41:08.162  INFO 15712 --- [ehr01] [restartedMain] com.zaxxer.hikari.HikariDataSource       : HikariPool-1 - Starting...
2025-01-20 15:41:08.556  INFO 15712 --- [ehr01] [restartedMain] com.zaxxer.hikari.pool.HikariPool        : HikariPool-1 - Added connection conn0: url=jdbc:h2:~/local user=SA
2025-01-20 15:41:08.560  INFO 15712 --- [ehr01] [restartedMain] com.zaxxer.hikari.HikariDataSource       : HikariPool-1 - Start completed.
2025-01-20 15:41:08.603  WARN 15712 --- [ehr01] [restartedMain] org.hibernate.orm.deprecation            : HHH90000025: H2Dialect does not need to be specified explicitly using 'hibernate.dialect' (remove the property setting and it will be selected by default)
2025-01-20 15:41:10.148  INFO 15712 --- [ehr01] [restartedMain] o.h.e.t.j.p.i.JtaPlatformInitiator       : HHH000489: No JTA platform available (set 'hibernate.transaction.jta.platform' to enable JTA platform integration)
2025-01-20 15:41:10.285  INFO 15712 --- [ehr01] [restartedMain] j.LocalContainerEntityManagerFactoryBean : Initialized JPA EntityManagerFactory for persistence unit 'default'
2025-01-20 15:41:10.387  WARN 15712 --- [ehr01] [restartedMain] JpaBaseConfiguration$JpaWebConfiguration : spring.jpa.open-in-view is enabled by default. Therefore, database queries may be performed during view rendering. Explicitly configure spring.jpa.open-in-view to disable this warning
2025-01-20 15:41:10.435  INFO 15712 --- [ehr01] [restartedMain] o.s.b.a.w.s.WelcomePageHandlerMapping    : Adding welcome page: class path resource [static/index.html]
2025-01-20 15:41:11.233  INFO 15712 --- [ehr01] [restartedMain] o.s.b.a.h2.H2ConsoleAutoConfiguration    : H2 console available at '/h2-console'. Database available at 'jdbc:h2:~/local'
2025-01-20 15:41:11.330  INFO 15712 --- [ehr01] [restartedMain] o.s.b.d.a.OptionalLiveReloadServer       : LiveReload server is running on port 35729
2025-01-20 15:41:11.391  INFO 15712 --- [ehr01] [restartedMain] o.s.b.w.embedded.tomcat.TomcatWebServer  : Tomcat started on port 8080 (http) with context path '/'
2025-01-20 15:41:11.402  INFO 15712 --- [ehr01] [restartedMain] com.pcwk.ehr.Ehr01Application            : Started Ehr01Application in 7.206 seconds (process running for 8.478)
2025-01-20 15:41:20.511  INFO 15712 --- [ehr01] [http-nio-8080-exec-6] o.a.c.c.C.[Tomcat].[localhost].[/]       : Initializing Spring DispatcherServlet 'dispatcherServlet'
2025-01-20 15:41:20.512  INFO 15712 --- [ehr01] [http-nio-8080-exec-6] o.s.web.servlet.DispatcherServlet        : Initializing Servlet 'dispatcherServlet'
2025-01-20 15:41:20.514  INFO 15712 --- [ehr01] [http-nio-8080-exec-6] o.s.web.servlet.DispatcherServlet        : Completed initialization in 2 ms
2025-01-20 15:45:50.335  INFO 15712 --- [ehr01] [File Watcher] rtingClassPathChangeChangedEventListener : Restarting due to 1 class path change (0 additions, 0 deletions, 1 modification)
2025-01-20 15:45:50.359  INFO 15712 --- [ehr01] [Thread-6] j.LocalContainerEntityManagerFactoryBean : Closing JPA EntityManagerFactory for persistence unit 'default'
2025-01-20 15:45:50.364  INFO 15712 --- [ehr01] [Thread-6] com.zaxxer.hikari.HikariDataSource       : HikariPool-1 - Shutdown initiated...
2025-01-20 15:45:50.380  INFO 15712 --- [ehr01] [Thread-6] com.zaxxer.hikari.HikariDataSource       : HikariPool-1 - Shutdown completed.
2025-01-20 15:45:50.537  INFO 15712 --- [ehr01] [restartedMain] com.pcwk.ehr.Ehr01Application            : Starting Ehr01Application using Java 21.0.5 with PID 15712 (C:\Users\gy\ora\boot\workspace\ehr01\bin\main started by gy in C:\Users\gy\ora\boot\workspace\ehr01)
2025-01-20 15:45:50.538  INFO 15712 --- [ehr01] [restartedMain] com.pcwk.ehr.Ehr01Application            : No active profile set, falling back to 1 default profile: "default"
2025-01-20 15:45:50.876  INFO 15712 --- [ehr01] [restartedMain] .s.d.r.c.RepositoryConfigurationDelegate : Bootstrapping Spring Data JPA repositories in DEFAULT mode.
2025-01-20 15:45:50.896  INFO 15712 --- [ehr01] [restartedMain] .s.d.r.c.RepositoryConfigurationDelegate : Finished Spring Data repository scanning in 18 ms. Found 2 JPA repository interfaces.
2025-01-20 15:45:51.025  INFO 15712 --- [ehr01] [restartedMain] o.s.b.w.embedded.tomcat.TomcatWebServer  : Tomcat initialized with port 8080 (http)
2025-01-20 15:45:51.027  INFO 15712 --- [ehr01] [restartedMain] o.apache.catalina.core.StandardService   : Starting service [Tomcat]
2025-01-20 15:45:51.027  INFO 15712 --- [ehr01] [restartedMain] o.apache.catalina.core.StandardEngine    : Starting Servlet engine: [Apache Tomcat/10.1.34]
2025-01-20 15:45:51.085  INFO 15712 --- [ehr01] [restartedMain] o.a.c.c.C.[Tomcat].[localhost].[/]       : Initializing Spring embedded WebApplicationContext
2025-01-20 15:45:51.085  INFO 15712 --- [ehr01] [restartedMain] w.s.c.ServletWebServerApplicationContext : Root WebApplicationContext: initialization completed in 542 ms
2025-01-20 15:45:51.129  INFO 15712 --- [ehr01] [restartedMain] o.hibernate.jpa.internal.util.LogHelper  : HHH000204: Processing PersistenceUnitInfo [name: default]
2025-01-20 15:45:51.137  INFO 15712 --- [ehr01] [restartedMain] o.h.c.internal.RegionFactoryInitiator    : HHH000026: Second-level cache disabled
2025-01-20 15:45:51.163  INFO 15712 --- [ehr01] [restartedMain] o.s.o.j.p.SpringPersistenceUnitInfo      : No LoadTimeWeaver setup: ignoring JPA class transformer
2025-01-20 15:45:51.167  INFO 15712 --- [ehr01] [restartedMain] com.zaxxer.hikari.HikariDataSource       : HikariPool-2 - Starting...
2025-01-20 15:45:51.184  INFO 15712 --- [ehr01] [restartedMain] com.zaxxer.hikari.pool.HikariPool        : HikariPool-2 - Added connection conn10: url=jdbc:h2:~/local user=SA
2025-01-20 15:45:51.184  INFO 15712 --- [ehr01] [restartedMain] com.zaxxer.hikari.HikariDataSource       : HikariPool-2 - Start completed.
2025-01-20 15:45:51.186  WARN 15712 --- [ehr01] [restartedMain] org.hibernate.orm.deprecation            : HHH90000025: H2Dialect does not need to be specified explicitly using 'hibernate.dialect' (remove the property setting and it will be selected by default)
2025-01-20 15:45:51.273  INFO 15712 --- [ehr01] [restartedMain] o.h.e.t.j.p.i.JtaPlatformInitiator       : HHH000489: No JTA platform available (set 'hibernate.transaction.jta.platform' to enable JTA platform integration)
2025-01-20 15:45:51.277  INFO 15712 --- [ehr01] [restartedMain] j.LocalContainerEntityManagerFactoryBean : Initialized JPA EntityManagerFactory for persistence unit 'default'
2025-01-20 15:45:51.309  WARN 15712 --- [ehr01] [restartedMain] JpaBaseConfiguration$JpaWebConfiguration : spring.jpa.open-in-view is enabled by default. Therefore, database queries may be performed during view rendering. Explicitly configure spring.jpa.open-in-view to disable this warning
2025-01-20 15:45:51.319  INFO 15712 --- [ehr01] [restartedMain] o.s.b.a.w.s.WelcomePageHandlerMapping    : Adding welcome page: class path resource [static/index.html]
2025-01-20 15:45:51.472  INFO 15712 --- [ehr01] [restartedMain] o.s.b.a.h2.H2ConsoleAutoConfiguration    : H2 console available at '/h2-console'. Database available at 'jdbc:h2:~/local'
2025-01-20 15:45:51.491  INFO 15712 --- [ehr01] [restartedMain] o.s.b.d.a.OptionalLiveReloadServer       : LiveReload server is running on port 35729
2025-01-20 15:45:51.507  INFO 15712 --- [ehr01] [restartedMain] o.s.b.w.embedded.tomcat.TomcatWebServer  : Tomcat started on port 8080 (http) with context path '/'
2025-01-20 15:45:51.512  INFO 15712 --- [ehr01] [restartedMain] com.pcwk.ehr.Ehr01Application            : Started Ehr01Application in 1.04 seconds (process running for 288.589)
2025-01-20 15:45:51.516  INFO 15712 --- [ehr01] [restartedMain] .ConditionEvaluationDeltaLoggingListener : Condition evaluation unchanged
2025-01-20 15:47:20.166  INFO 15712 --- [ehr01] [File Watcher] rtingClassPathChangeChangedEventListener : Restarting due to 1 class path change (0 additions, 0 deletions, 1 modification)
2025-01-20 15:47:20.180  INFO 15712 --- [ehr01] [Thread-8] j.LocalContainerEntityManagerFactoryBean : Closing JPA EntityManagerFactory for persistence unit 'default'
2025-01-20 15:47:20.181  INFO 15712 --- [ehr01] [Thread-8] com.zaxxer.hikari.HikariDataSource       : HikariPool-2 - Shutdown initiated...
2025-01-20 15:47:20.193  INFO 15712 --- [ehr01] [Thread-8] com.zaxxer.hikari.HikariDataSource       : HikariPool-2 - Shutdown completed.
2025-01-20 15:47:20.343  INFO 15712 --- [ehr01] [restartedMain] com.pcwk.ehr.Ehr01Application            : Starting Ehr01Application using Java 21.0.5 with PID 15712 (C:\Users\gy\ora\boot\workspace\ehr01\bin\main started by gy in C:\Users\gy\ora\boot\workspace\ehr01)
2025-01-20 15:47:20.344  INFO 15712 --- [ehr01] [restartedMain] com.pcwk.ehr.Ehr01Application            : No active profile set, falling back to 1 default profile: "default"
2025-01-20 15:47:20.659  INFO 15712 --- [ehr01] [restartedMain] .s.d.r.c.RepositoryConfigurationDelegate : Bootstrapping Spring Data JPA repositories in DEFAULT mode.
2025-01-20 15:47:20.679  INFO 15712 --- [ehr01] [restartedMain] .s.d.r.c.RepositoryConfigurationDelegate : Finished Spring Data repository scanning in 19 ms. Found 2 JPA repository interfaces.
2025-01-20 15:47:20.800  INFO 15712 --- [ehr01] [restartedMain] o.s.b.w.embedded.tomcat.TomcatWebServer  : Tomcat initialized with port 8080 (http)
2025-01-20 15:47:20.801  INFO 15712 --- [ehr01] [restartedMain] o.apache.catalina.core.StandardService   : Starting service [Tomcat]
2025-01-20 15:47:20.801  INFO 15712 --- [ehr01] [restartedMain] o.apache.catalina.core.StandardEngine    : Starting Servlet engine: [Apache Tomcat/10.1.34]
2025-01-20 15:47:20.857  INFO 15712 --- [ehr01] [restartedMain] o.a.c.c.C.[Tomcat].[localhost].[/]       : Initializing Spring embedded WebApplicationContext
2025-01-20 15:47:20.857  INFO 15712 --- [ehr01] [restartedMain] w.s.c.ServletWebServerApplicationContext : Root WebApplicationContext: initialization completed in 510 ms
2025-01-20 15:47:20.899  INFO 15712 --- [ehr01] [restartedMain] o.hibernate.jpa.internal.util.LogHelper  : HHH000204: Processing PersistenceUnitInfo [name: default]
2025-01-20 15:47:20.908  INFO 15712 --- [ehr01] [restartedMain] o.h.c.internal.RegionFactoryInitiator    : HHH000026: Second-level cache disabled
2025-01-20 15:47:20.925  INFO 15712 --- [ehr01] [restartedMain] o.s.o.j.p.SpringPersistenceUnitInfo      : No LoadTimeWeaver setup: ignoring JPA class transformer
2025-01-20 15:47:20.928  INFO 15712 --- [ehr01] [restartedMain] com.zaxxer.hikari.HikariDataSource       : HikariPool-3 - Starting...
2025-01-20 15:47:20.945  INFO 15712 --- [ehr01] [restartedMain] com.zaxxer.hikari.pool.HikariPool        : HikariPool-3 - Added connection conn20: url=jdbc:h2:~/local user=SA
2025-01-20 15:47:20.946  INFO 15712 --- [ehr01] [restartedMain] com.zaxxer.hikari.HikariDataSource       : HikariPool-3 - Start completed.
2025-01-20 15:47:20.947  WARN 15712 --- [ehr01] [restartedMain] org.hibernate.orm.deprecation            : HHH90000025: H2Dialect does not need to be specified explicitly using 'hibernate.dialect' (remove the property setting and it will be selected by default)
2025-01-20 15:47:21.034  INFO 15712 --- [ehr01] [restartedMain] o.h.e.t.j.p.i.JtaPlatformInitiator       : HHH000489: No JTA platform available (set 'hibernate.transaction.jta.platform' to enable JTA platform integration)
2025-01-20 15:47:21.038  INFO 15712 --- [ehr01] [restartedMain] j.LocalContainerEntityManagerFactoryBean : Initialized JPA EntityManagerFactory for persistence unit 'default'
2025-01-20 15:47:21.074  WARN 15712 --- [ehr01] [restartedMain] JpaBaseConfiguration$JpaWebConfiguration : spring.jpa.open-in-view is enabled by default. Therefore, database queries may be performed during view rendering. Explicitly configure spring.jpa.open-in-view to disable this warning
2025-01-20 15:47:21.088  INFO 15712 --- [ehr01] [restartedMain] o.s.b.a.w.s.WelcomePageHandlerMapping    : Adding welcome page: class path resource [static/index.html]
2025-01-20 15:47:21.287  INFO 15712 --- [ehr01] [restartedMain] o.s.b.a.h2.H2ConsoleAutoConfiguration    : H2 console available at '/h2-console'. Database available at 'jdbc:h2:~/local'
2025-01-20 15:47:21.305  INFO 15712 --- [ehr01] [restartedMain] o.s.b.d.a.OptionalLiveReloadServer       : LiveReload server is running on port 35729
2025-01-20 15:47:21.320  INFO 15712 --- [ehr01] [restartedMain] o.s.b.w.embedded.tomcat.TomcatWebServer  : Tomcat started on port 8080 (http) with context path '/'
2025-01-20 15:47:21.324  INFO 15712 --- [ehr01] [restartedMain] com.pcwk.ehr.Ehr01Application            : Started Ehr01Application in 1.038 seconds (process running for 378.401)
2025-01-20 15:47:21.326  INFO 15712 --- [ehr01] [restartedMain] .ConditionEvaluationDeltaLoggingListener : Condition evaluation unchanged
2025-01-20 15:49:28.687  INFO 15712 --- [ehr01] [File Watcher] rtingClassPathChangeChangedEventListener : Restarting due to 1 class path change (0 additions, 0 deletions, 1 modification)
2025-01-20 15:49:28.698  INFO 15712 --- [ehr01] [Thread-12] j.LocalContainerEntityManagerFactoryBean : Closing JPA EntityManagerFactory for persistence unit 'default'
2025-01-20 15:49:28.699  INFO 15712 --- [ehr01] [Thread-12] com.zaxxer.hikari.HikariDataSource       : HikariPool-3 - Shutdown initiated...
2025-01-20 15:49:28.709  INFO 15712 --- [ehr01] [Thread-12] com.zaxxer.hikari.HikariDataSource       : HikariPool-3 - Shutdown completed.
2025-01-20 15:49:28.826  INFO 15712 --- [ehr01] [restartedMain] com.pcwk.ehr.Ehr01Application            : Starting Ehr01Application using Java 21.0.5 with PID 15712 (C:\Users\gy\ora\boot\workspace\ehr01\bin\main started by gy in C:\Users\gy\ora\boot\workspace\ehr01)
2025-01-20 15:49:28.827  INFO 15712 --- [ehr01] [restartedMain] com.pcwk.ehr.Ehr01Application            : No active profile set, falling back to 1 default profile: "default"
2025-01-20 15:49:29.192  INFO 15712 --- [ehr01] [restartedMain] .s.d.r.c.RepositoryConfigurationDelegate : Bootstrapping Spring Data JPA repositories in DEFAULT mode.
2025-01-20 15:49:29.209  INFO 15712 --- [ehr01] [restartedMain] .s.d.r.c.RepositoryConfigurationDelegate : Finished Spring Data repository scanning in 15 ms. Found 2 JPA repository interfaces.
2025-01-20 15:49:29.316  INFO 15712 --- [ehr01] [restartedMain] o.s.b.w.embedded.tomcat.TomcatWebServer  : Tomcat initialized with port 8080 (http)
2025-01-20 15:49:29.317  INFO 15712 --- [ehr01] [restartedMain] o.apache.catalina.core.StandardService   : Starting service [Tomcat]
2025-01-20 15:49:29.317  INFO 15712 --- [ehr01] [restartedMain] o.apache.catalina.core.StandardEngine    : Starting Servlet engine: [Apache Tomcat/10.1.34]
2025-01-20 15:49:29.370  INFO 15712 --- [ehr01] [restartedMain] o.a.c.c.C.[Tomcat].[localhost].[/]       : Initializing Spring embedded WebApplicationContext
2025-01-20 15:49:29.371  INFO 15712 --- [ehr01] [restartedMain] w.s.c.ServletWebServerApplicationContext : Root WebApplicationContext: initialization completed in 541 ms
2025-01-20 15:49:29.409  INFO 15712 --- [ehr01] [restartedMain] o.hibernate.jpa.internal.util.LogHelper  : HHH000204: Processing PersistenceUnitInfo [name: default]
2025-01-20 15:49:29.418  INFO 15712 --- [ehr01] [restartedMain] o.h.c.internal.RegionFactoryInitiator    : HHH000026: Second-level cache disabled
2025-01-20 15:49:29.434  INFO 15712 --- [ehr01] [restartedMain] o.s.o.j.p.SpringPersistenceUnitInfo      : No LoadTimeWeaver setup: ignoring JPA class transformer
2025-01-20 15:49:29.436  INFO 15712 --- [ehr01] [restartedMain] com.zaxxer.hikari.HikariDataSource       : HikariPool-4 - Starting...
2025-01-20 15:49:29.451  INFO 15712 --- [ehr01] [restartedMain] com.zaxxer.hikari.pool.HikariPool        : HikariPool-4 - Added connection conn30: url=jdbc:h2:~/local user=SA
2025-01-20 15:49:29.451  INFO 15712 --- [ehr01] [restartedMain] com.zaxxer.hikari.HikariDataSource       : HikariPool-4 - Start completed.
2025-01-20 15:49:29.452  WARN 15712 --- [ehr01] [restartedMain] org.hibernate.orm.deprecation            : HHH90000025: H2Dialect does not need to be specified explicitly using 'hibernate.dialect' (remove the property setting and it will be selected by default)
2025-01-20 15:49:29.527  INFO 15712 --- [ehr01] [restartedMain] o.h.e.t.j.p.i.JtaPlatformInitiator       : HHH000489: No JTA platform available (set 'hibernate.transaction.jta.platform' to enable JTA platform integration)
2025-01-20 15:49:29.531  INFO 15712 --- [ehr01] [restartedMain] j.LocalContainerEntityManagerFactoryBean : Initialized JPA EntityManagerFactory for persistence unit 'default'
2025-01-20 15:49:29.564  WARN 15712 --- [ehr01] [restartedMain] JpaBaseConfiguration$JpaWebConfiguration : spring.jpa.open-in-view is enabled by default. Therefore, database queries may be performed during view rendering. Explicitly configure spring.jpa.open-in-view to disable this warning
2025-01-20 15:49:29.576  INFO 15712 --- [ehr01] [restartedMain] o.s.b.a.w.s.WelcomePageHandlerMapping    : Adding welcome page: class path resource [static/index.html]
2025-01-20 15:49:29.713  INFO 15712 --- [ehr01] [restartedMain] o.s.b.a.h2.H2ConsoleAutoConfiguration    : H2 console available at '/h2-console'. Database available at 'jdbc:h2:~/local'
2025-01-20 15:49:29.728  INFO 15712 --- [ehr01] [restartedMain] o.s.b.d.a.OptionalLiveReloadServer       : LiveReload server is running on port 35729
2025-01-20 15:49:29.741  INFO 15712 --- [ehr01] [restartedMain] o.s.b.w.embedded.tomcat.TomcatWebServer  : Tomcat started on port 8080 (http) with context path '/'
2025-01-20 15:49:29.744  INFO 15712 --- [ehr01] [restartedMain] com.pcwk.ehr.Ehr01Application            : Started Ehr01Application in 0.963 seconds (process running for 506.821)
2025-01-20 15:49:29.746  INFO 15712 --- [ehr01] [restartedMain] .ConditionEvaluationDeltaLoggingListener : Condition evaluation unchanged
2025-01-20 15:49:56.558  INFO 15712 --- [ehr01] [File Watcher] rtingClassPathChangeChangedEventListener : Restarting due to 1 class path change (0 additions, 0 deletions, 1 modification)
2025-01-20 15:49:56.570  INFO 15712 --- [ehr01] [Thread-16] j.LocalContainerEntityManagerFactoryBean : Closing JPA EntityManagerFactory for persistence unit 'default'
2025-01-20 15:49:56.571  INFO 15712 --- [ehr01] [Thread-16] com.zaxxer.hikari.HikariDataSource       : HikariPool-4 - Shutdown initiated...
2025-01-20 15:49:56.782  INFO 15712 --- [ehr01] [Thread-16] com.zaxxer.hikari.HikariDataSource       : HikariPool-4 - Shutdown completed.
2025-01-20 15:49:56.899  INFO 15712 --- [ehr01] [restartedMain] com.pcwk.ehr.Ehr01Application            : Starting Ehr01Application using Java 21.0.5 with PID 15712 (C:\Users\gy\ora\boot\workspace\ehr01\bin\main started by gy in C:\Users\gy\ora\boot\workspace\ehr01)
2025-01-20 15:49:56.899  INFO 15712 --- [ehr01] [restartedMain] com.pcwk.ehr.Ehr01Application            : No active profile set, falling back to 1 default profile: "default"
2025-01-20 15:49:57.220  INFO 15712 --- [ehr01] [restartedMain] .s.d.r.c.RepositoryConfigurationDelegate : Bootstrapping Spring Data JPA repositories in DEFAULT mode.
2025-01-20 15:49:57.237  INFO 15712 --- [ehr01] [restartedMain] .s.d.r.c.RepositoryConfigurationDelegate : Finished Spring Data repository scanning in 17 ms. Found 2 JPA repository interfaces.
2025-01-20 15:49:57.357  INFO 15712 --- [ehr01] [restartedMain] o.s.b.w.embedded.tomcat.TomcatWebServer  : Tomcat initialized with port 8080 (http)
2025-01-20 15:49:57.357  INFO 15712 --- [ehr01] [restartedMain] o.apache.catalina.core.StandardService   : Starting service [Tomcat]
2025-01-20 15:49:57.358  INFO 15712 --- [ehr01] [restartedMain] o.apache.catalina.core.StandardEngine    : Starting Servlet engine: [Apache Tomcat/10.1.34]
2025-01-20 15:49:57.411  INFO 15712 --- [ehr01] [restartedMain] o.a.c.c.C.[Tomcat].[localhost].[/]       : Initializing Spring embedded WebApplicationContext
2025-01-20 15:49:57.411  INFO 15712 --- [ehr01] [restartedMain] w.s.c.ServletWebServerApplicationContext : Root WebApplicationContext: initialization completed in 508 ms
2025-01-20 15:49:57.452  INFO 15712 --- [ehr01] [restartedMain] o.hibernate.jpa.internal.util.LogHelper  : HHH000204: Processing PersistenceUnitInfo [name: default]
2025-01-20 15:49:57.462  INFO 15712 --- [ehr01] [restartedMain] o.h.c.internal.RegionFactoryInitiator    : HHH000026: Second-level cache disabled
2025-01-20 15:49:57.480  INFO 15712 --- [ehr01] [restartedMain] o.s.o.j.p.SpringPersistenceUnitInfo      : No LoadTimeWeaver setup: ignoring JPA class transformer
2025-01-20 15:49:57.483  INFO 15712 --- [ehr01] [restartedMain] com.zaxxer.hikari.HikariDataSource       : HikariPool-5 - Starting...
2025-01-20 15:49:57.496  INFO 15712 --- [ehr01] [restartedMain] com.zaxxer.hikari.pool.HikariPool        : HikariPool-5 - Added connection conn40: url=jdbc:h2:~/local user=SA
2025-01-20 15:49:57.496  INFO 15712 --- [ehr01] [restartedMain] com.zaxxer.hikari.HikariDataSource       : HikariPool-5 - Start completed.
2025-01-20 15:49:57.497  WARN 15712 --- [ehr01] [restartedMain] org.hibernate.orm.deprecation            : HHH90000025: H2Dialect does not need to be specified explicitly using 'hibernate.dialect' (remove the property setting and it will be selected by default)
2025-01-20 15:49:57.568  INFO 15712 --- [ehr01] [restartedMain] o.h.e.t.j.p.i.JtaPlatformInitiator       : HHH000489: No JTA platform available (set 'hibernate.transaction.jta.platform' to enable JTA platform integration)
2025-01-20 15:49:57.596  INFO 15712 --- [ehr01] [restartedMain] j.LocalContainerEntityManagerFactoryBean : Initialized JPA EntityManagerFactory for persistence unit 'default'
2025-01-20 15:49:57.622  WARN 15712 --- [ehr01] [restartedMain] JpaBaseConfiguration$JpaWebConfiguration : spring.jpa.open-in-view is enabled by default. Therefore, database queries may be performed during view rendering. Explicitly configure spring.jpa.open-in-view to disable this warning
2025-01-20 15:49:57.632  INFO 15712 --- [ehr01] [restartedMain] o.s.b.a.w.s.WelcomePageHandlerMapping    : Adding welcome page: class path resource [static/index.html]
2025-01-20 15:49:57.766  INFO 15712 --- [ehr01] [restartedMain] o.s.b.a.h2.H2ConsoleAutoConfiguration    : H2 console available at '/h2-console'. Database available at 'jdbc:h2:~/local'
2025-01-20 15:49:57.792  INFO 15712 --- [ehr01] [restartedMain] o.s.b.d.a.OptionalLiveReloadServer       : LiveReload server is running on port 35729
2025-01-20 15:49:57.810  INFO 15712 --- [ehr01] [restartedMain] o.s.b.w.embedded.tomcat.TomcatWebServer  : Tomcat started on port 8080 (http) with context path '/'
2025-01-20 15:49:57.814  INFO 15712 --- [ehr01] [restartedMain] com.pcwk.ehr.Ehr01Application            : Started Ehr01Application in 0.966 seconds (process running for 534.89)
2025-01-20 15:49:57.815  INFO 15712 --- [ehr01] [restartedMain] .ConditionEvaluationDeltaLoggingListener : Condition evaluation unchanged
2025-01-20 15:51:46.080  INFO 15712 --- [ehr01] [File Watcher] rtingClassPathChangeChangedEventListener : Restarting due to 1 class path change (0 additions, 0 deletions, 1 modification)
2025-01-20 15:51:46.091  INFO 15712 --- [ehr01] [Thread-20] j.LocalContainerEntityManagerFactoryBean : Closing JPA EntityManagerFactory for persistence unit 'default'
2025-01-20 15:51:46.094  INFO 15712 --- [ehr01] [Thread-20] com.zaxxer.hikari.HikariDataSource       : HikariPool-5 - Shutdown initiated...
2025-01-20 15:51:46.095  INFO 15712 --- [ehr01] [Thread-20] com.zaxxer.hikari.HikariDataSource       : HikariPool-5 - Shutdown completed.
2025-01-20 15:51:46.280  INFO 15712 --- [ehr01] [restartedMain] com.pcwk.ehr.Ehr01Application            : Starting Ehr01Application using Java 21.0.5 with PID 15712 (C:\Users\gy\ora\boot\workspace\ehr01\bin\main started by gy in C:\Users\gy\ora\boot\workspace\ehr01)
2025-01-20 15:51:46.280  INFO 15712 --- [ehr01] [restartedMain] com.pcwk.ehr.Ehr01Application            : No active profile set, falling back to 1 default profile: "default"
2025-01-20 15:51:46.602  INFO 15712 --- [ehr01] [restartedMain] .s.d.r.c.RepositoryConfigurationDelegate : Bootstrapping Spring Data JPA repositories in DEFAULT mode.
2025-01-20 15:51:46.624  INFO 15712 --- [ehr01] [restartedMain] .s.d.r.c.RepositoryConfigurationDelegate : Finished Spring Data repository scanning in 21 ms. Found 2 JPA repository interfaces.
2025-01-20 15:51:46.778  INFO 15712 --- [ehr01] [restartedMain] o.s.b.w.embedded.tomcat.TomcatWebServer  : Tomcat initialized with port 8080 (http)
2025-01-20 15:51:46.782  INFO 15712 --- [ehr01] [restartedMain] o.apache.catalina.core.StandardService   : Starting service [Tomcat]
2025-01-20 15:51:46.782  INFO 15712 --- [ehr01] [restartedMain] o.apache.catalina.core.StandardEngine    : Starting Servlet engine: [Apache Tomcat/10.1.34]
2025-01-20 15:51:46.831  INFO 15712 --- [ehr01] [restartedMain] o.a.c.c.C.[Tomcat].[localhost].[/]       : Initializing Spring embedded WebApplicationContext
2025-01-20 15:51:46.832  INFO 15712 --- [ehr01] [restartedMain] w.s.c.ServletWebServerApplicationContext : Root WebApplicationContext: initialization completed in 549 ms
2025-01-20 15:51:46.872  INFO 15712 --- [ehr01] [restartedMain] o.hibernate.jpa.internal.util.LogHelper  : HHH000204: Processing PersistenceUnitInfo [name: default]
2025-01-20 15:51:46.881  INFO 15712 --- [ehr01] [restartedMain] o.h.c.internal.RegionFactoryInitiator    : HHH000026: Second-level cache disabled
2025-01-20 15:51:46.906  INFO 15712 --- [ehr01] [restartedMain] o.s.o.j.p.SpringPersistenceUnitInfo      : No LoadTimeWeaver setup: ignoring JPA class transformer
2025-01-20 15:51:46.909  INFO 15712 --- [ehr01] [restartedMain] com.zaxxer.hikari.HikariDataSource       : HikariPool-6 - Starting...
2025-01-20 15:51:46.926  INFO 15712 --- [ehr01] [restartedMain] com.zaxxer.hikari.pool.HikariPool        : HikariPool-6 - Added connection conn51: url=jdbc:h2:~/local user=SA
2025-01-20 15:51:46.926  INFO 15712 --- [ehr01] [restartedMain] com.zaxxer.hikari.HikariDataSource       : HikariPool-6 - Start completed.
2025-01-20 15:51:46.927  WARN 15712 --- [ehr01] [restartedMain] org.hibernate.orm.deprecation            : HHH90000025: H2Dialect does not need to be specified explicitly using 'hibernate.dialect' (remove the property setting and it will be selected by default)
2025-01-20 15:51:47.015  INFO 15712 --- [ehr01] [restartedMain] o.h.e.t.j.p.i.JtaPlatformInitiator       : HHH000489: No JTA platform available (set 'hibernate.transaction.jta.platform' to enable JTA platform integration)
2025-01-20 15:51:47.021  INFO 15712 --- [ehr01] [restartedMain] j.LocalContainerEntityManagerFactoryBean : Initialized JPA EntityManagerFactory for persistence unit 'default'
2025-01-20 15:51:47.061  WARN 15712 --- [ehr01] [restartedMain] JpaBaseConfiguration$JpaWebConfiguration : spring.jpa.open-in-view is enabled by default. Therefore, database queries may be performed during view rendering. Explicitly configure spring.jpa.open-in-view to disable this warning
2025-01-20 15:51:47.074  INFO 15712 --- [ehr01] [restartedMain] o.s.b.a.w.s.WelcomePageHandlerMapping    : Adding welcome page: class path resource [static/index.html]
2025-01-20 15:51:47.234  INFO 15712 --- [ehr01] [restartedMain] o.s.b.a.h2.H2ConsoleAutoConfiguration    : H2 console available at '/h2-console'. Database available at 'jdbc:h2:~/local'
2025-01-20 15:51:47.256  INFO 15712 --- [ehr01] [restartedMain] o.s.b.d.a.OptionalLiveReloadServer       : LiveReload server is running on port 35729
2025-01-20 15:51:47.272  INFO 15712 --- [ehr01] [restartedMain] o.s.b.w.embedded.tomcat.TomcatWebServer  : Tomcat started on port 8080 (http) with context path '/'
2025-01-20 15:51:47.276  INFO 15712 --- [ehr01] [restartedMain] com.pcwk.ehr.Ehr01Application            : Started Ehr01Application in 1.047 seconds (process running for 644.353)
2025-01-20 15:51:47.279  INFO 15712 --- [ehr01] [restartedMain] .ConditionEvaluationDeltaLoggingListener : Condition evaluation unchanged
2025-01-20 16:03:43.388  INFO 15712 --- [ehr01] [RMI TCP Connection(44)-127.0.0.1] inMXBeanRegistrar$SpringApplicationAdmin : Application shutdown requested.
2025-01-20 16:03:43.400  INFO 15712 --- [ehr01] [RMI TCP Connection(44)-127.0.0.1] j.LocalContainerEntityManagerFactoryBean : Closing JPA EntityManagerFactory for persistence unit 'default'
2025-01-20 16:03:43.402  INFO 15712 --- [ehr01] [RMI TCP Connection(44)-127.0.0.1] com.zaxxer.hikari.HikariDataSource       : HikariPool-6 - Shutdown initiated...
2025-01-20 16:03:43.418  INFO 15712 --- [ehr01] [RMI TCP Connection(44)-127.0.0.1] com.zaxxer.hikari.HikariDataSource       : HikariPool-6 - Shutdown completed.
2025-01-20 16:03:49.145  INFO 15328 --- [ehr01] [main] com.pcwk.ehr.Ehr01ApplicationTests       : Starting Ehr01ApplicationTests using Java 21.0.5 with PID 15328 (started by gy in C:\Users\gy\ora\boot\workspace\ehr01)
2025-01-20 16:03:49.147  INFO 15328 --- [ehr01] [main] com.pcwk.ehr.Ehr01ApplicationTests       : No active profile set, falling back to 1 default profile: "default"
2025-01-20 16:03:50.273  INFO 15328 --- [ehr01] [main] .s.d.r.c.RepositoryConfigurationDelegate : Bootstrapping Spring Data JPA repositories in DEFAULT mode.
2025-01-20 16:03:50.381  INFO 15328 --- [ehr01] [main] .s.d.r.c.RepositoryConfigurationDelegate : Finished Spring Data repository scanning in 90 ms. Found 2 JPA repository interfaces.
2025-01-20 16:03:51.039  INFO 15328 --- [ehr01] [main] o.hibernate.jpa.internal.util.LogHelper  : HHH000204: Processing PersistenceUnitInfo [name: default]
2025-01-20 16:03:51.154  INFO 15328 --- [ehr01] [main] org.hibernate.Version                    : HHH000412: Hibernate ORM core version 6.5.3.Final
2025-01-20 16:03:51.232  INFO 15328 --- [ehr01] [main] o.h.c.internal.RegionFactoryInitiator    : HHH000026: Second-level cache disabled
2025-01-20 16:03:51.785  INFO 15328 --- [ehr01] [main] o.s.o.j.p.SpringPersistenceUnitInfo      : No LoadTimeWeaver setup: ignoring JPA class transformer
2025-01-20 16:03:51.865  INFO 15328 --- [ehr01] [main] com.zaxxer.hikari.HikariDataSource       : HikariPool-1 - Starting...
2025-01-20 16:03:52.204  INFO 15328 --- [ehr01] [main] com.zaxxer.hikari.pool.HikariPool        : HikariPool-1 - Added connection conn0: url=jdbc:h2:~/local user=SA
2025-01-20 16:03:52.208  INFO 15328 --- [ehr01] [main] com.zaxxer.hikari.HikariDataSource       : HikariPool-1 - Start completed.
2025-01-20 16:03:52.252  WARN 15328 --- [ehr01] [main] org.hibernate.orm.deprecation            : HHH90000025: H2Dialect does not need to be specified explicitly using 'hibernate.dialect' (remove the property setting and it will be selected by default)
2025-01-20 16:03:53.763  INFO 15328 --- [ehr01] [main] o.h.e.t.j.p.i.JtaPlatformInitiator       : HHH000489: No JTA platform available (set 'hibernate.transaction.jta.platform' to enable JTA platform integration)
2025-01-20 16:03:53.845  INFO 15328 --- [ehr01] [main] j.LocalContainerEntityManagerFactoryBean : Initialized JPA EntityManagerFactory for persistence unit 'default'
2025-01-20 16:03:54.116  WARN 15328 --- [ehr01] [main] JpaBaseConfiguration$JpaWebConfiguration : spring.jpa.open-in-view is enabled by default. Therefore, database queries may be performed during view rendering. Explicitly configure spring.jpa.open-in-view to disable this warning
2025-01-20 16:03:54.161  INFO 15328 --- [ehr01] [main] o.s.b.a.w.s.WelcomePageHandlerMapping    : Adding welcome page: class path resource [static/index.html]
2025-01-20 16:03:55.141  INFO 15328 --- [ehr01] [main] o.s.b.a.h2.H2ConsoleAutoConfiguration    : H2 console available at '/h2-console'. Database available at 'jdbc:h2:~/local'
2025-01-20 16:03:55.249  INFO 15328 --- [ehr01] [main] com.pcwk.ehr.Ehr01ApplicationTests       : Started Ehr01ApplicationTests in 6.624 seconds (process running for 8.347)
2025-01-20 16:03:56.468  INFO 15328 --- [ehr01] [SpringApplicationShutdownHook] j.LocalContainerEntityManagerFactoryBean : Closing JPA EntityManagerFactory for persistence unit 'default'
2025-01-20 16:03:56.482  WARN 15328 --- [ehr01] [SpringApplicationShutdownHook] o.h.engine.jdbc.spi.SqlExceptionHelper   : SQL Error: 90121, SQLState: 90121
2025-01-20 16:03:56.482 ERROR 15328 --- [ehr01] [SpringApplicationShutdownHook] o.h.engine.jdbc.spi.SqlExceptionHelper   : Database is already closed (to disable automatic closing at VM shutdown, add ";DB_CLOSE_ON_EXIT=FALSE" to the db URL) [90121-224]
2025-01-20 16:03:56.490  WARN 15328 --- [ehr01] [SpringApplicationShutdownHook] o.h.engine.jdbc.spi.SqlExceptionHelper   : SQL Error: 90121, SQLState: 90121
2025-01-20 16:03:56.491 ERROR 15328 --- [ehr01] [SpringApplicationShutdownHook] o.h.engine.jdbc.spi.SqlExceptionHelper   : Database is already closed (to disable automatic closing at VM shutdown, add ";DB_CLOSE_ON_EXIT=FALSE" to the db URL) [90121-224]
2025-01-20 16:03:56.491  WARN 15328 --- [ehr01] [SpringApplicationShutdownHook] o.s.b.f.support.DisposableBeanAdapter    : Invocation of destroy method failed on bean with name 'entityManagerFactory': org.hibernate.exception.JDBCConnectionException: Unable to release JDBC Connection used for DDL execution [Database is already closed (to disable automatic closing at VM shutdown, add ";DB_CLOSE_ON_EXIT=FALSE" to the db URL) [90121-224]] [n/a]
2025-01-20 16:03:56.492  INFO 15328 --- [ehr01] [SpringApplicationShutdownHook] com.zaxxer.hikari.HikariDataSource       : HikariPool-1 - Shutdown initiated...
2025-01-20 16:03:56.496  INFO 15328 --- [ehr01] [SpringApplicationShutdownHook] com.zaxxer.hikari.HikariDataSource       : HikariPool-1 - Shutdown completed.
2025-01-20 16:04:32.184  INFO 14036 --- [ehr01] [main] com.pcwk.ehr.Ehr01ApplicationTests       : Starting Ehr01ApplicationTests using Java 21.0.5 with PID 14036 (started by gy in C:\Users\gy\ora\boot\workspace\ehr01)
2025-01-20 16:04:32.186  INFO 14036 --- [ehr01] [main] com.pcwk.ehr.Ehr01ApplicationTests       : No active profile set, falling back to 1 default profile: "default"
2025-01-20 16:04:33.187  INFO 14036 --- [ehr01] [main] .s.d.r.c.RepositoryConfigurationDelegate : Bootstrapping Spring Data JPA repositories in DEFAULT mode.
2025-01-20 16:04:33.285  INFO 14036 --- [ehr01] [main] .s.d.r.c.RepositoryConfigurationDelegate : Finished Spring Data repository scanning in 82 ms. Found 2 JPA repository interfaces.
2025-01-20 16:04:34.007  INFO 14036 --- [ehr01] [main] o.hibernate.jpa.internal.util.LogHelper  : HHH000204: Processing PersistenceUnitInfo [name: default]
2025-01-20 16:04:34.175  INFO 14036 --- [ehr01] [main] org.hibernate.Version                    : HHH000412: Hibernate ORM core version 6.5.3.Final
2025-01-20 16:04:34.253  INFO 14036 --- [ehr01] [main] o.h.c.internal.RegionFactoryInitiator    : HHH000026: Second-level cache disabled
2025-01-20 16:04:34.791  INFO 14036 --- [ehr01] [main] o.s.o.j.p.SpringPersistenceUnitInfo      : No LoadTimeWeaver setup: ignoring JPA class transformer
2025-01-20 16:04:34.861  INFO 14036 --- [ehr01] [main] com.zaxxer.hikari.HikariDataSource       : HikariPool-1 - Starting...
2025-01-20 16:04:35.261  INFO 14036 --- [ehr01] [main] com.zaxxer.hikari.pool.HikariPool        : HikariPool-1 - Added connection conn0: url=jdbc:h2:~/local user=SA
2025-01-20 16:04:35.265  INFO 14036 --- [ehr01] [main] com.zaxxer.hikari.HikariDataSource       : HikariPool-1 - Start completed.
2025-01-20 16:04:35.314  WARN 14036 --- [ehr01] [main] org.hibernate.orm.deprecation            : HHH90000025: H2Dialect does not need to be specified explicitly using 'hibernate.dialect' (remove the property setting and it will be selected by default)
2025-01-20 16:04:36.681  INFO 14036 --- [ehr01] [main] o.h.e.t.j.p.i.JtaPlatformInitiator       : HHH000489: No JTA platform available (set 'hibernate.transaction.jta.platform' to enable JTA platform integration)
2025-01-20 16:04:36.757  INFO 14036 --- [ehr01] [main] j.LocalContainerEntityManagerFactoryBean : Initialized JPA EntityManagerFactory for persistence unit 'default'
2025-01-20 16:04:37.052  WARN 14036 --- [ehr01] [main] JpaBaseConfiguration$JpaWebConfiguration : spring.jpa.open-in-view is enabled by default. Therefore, database queries may be performed during view rendering. Explicitly configure spring.jpa.open-in-view to disable this warning
2025-01-20 16:04:37.100  INFO 14036 --- [ehr01] [main] o.s.b.a.w.s.WelcomePageHandlerMapping    : Adding welcome page: class path resource [static/index.html]
2025-01-20 16:04:38.005  INFO 14036 --- [ehr01] [main] o.s.b.a.h2.H2ConsoleAutoConfiguration    : H2 console available at '/h2-console'. Database available at 'jdbc:h2:~/local'
2025-01-20 16:04:38.097  INFO 14036 --- [ehr01] [main] com.pcwk.ehr.Ehr01ApplicationTests       : Started Ehr01ApplicationTests in 6.482 seconds (process running for 8.295)
2025-01-20 16:04:39.178  INFO 14036 --- [ehr01] [SpringApplicationShutdownHook] j.LocalContainerEntityManagerFactoryBean : Closing JPA EntityManagerFactory for persistence unit 'default'
2025-01-20 16:04:39.192  WARN 14036 --- [ehr01] [SpringApplicationShutdownHook] o.h.engine.jdbc.spi.SqlExceptionHelper   : SQL Error: 90121, SQLState: 90121
2025-01-20 16:04:39.192 ERROR 14036 --- [ehr01] [SpringApplicationShutdownHook] o.h.engine.jdbc.spi.SqlExceptionHelper   : Database is already closed (to disable automatic closing at VM shutdown, add ";DB_CLOSE_ON_EXIT=FALSE" to the db URL) [90121-224]
2025-01-20 16:04:39.197  WARN 14036 --- [ehr01] [SpringApplicationShutdownHook] o.h.engine.jdbc.spi.SqlExceptionHelper   : SQL Error: 90121, SQLState: 90121
2025-01-20 16:04:39.197 ERROR 14036 --- [ehr01] [SpringApplicationShutdownHook] o.h.engine.jdbc.spi.SqlExceptionHelper   : Database is already closed (to disable automatic closing at VM shutdown, add ";DB_CLOSE_ON_EXIT=FALSE" to the db URL) [90121-224]
2025-01-20 16:04:39.198  WARN 14036 --- [ehr01] [SpringApplicationShutdownHook] o.s.b.f.support.DisposableBeanAdapter    : Invocation of destroy method failed on bean with name 'entityManagerFactory': org.hibernate.exception.JDBCConnectionException: Unable to release JDBC Connection used for DDL execution [Database is already closed (to disable automatic closing at VM shutdown, add ";DB_CLOSE_ON_EXIT=FALSE" to the db URL) [90121-224]] [n/a]
2025-01-20 16:04:39.198  INFO 14036 --- [ehr01] [SpringApplicationShutdownHook] com.zaxxer.hikari.HikariDataSource       : HikariPool-1 - Shutdown initiated...
2025-01-20 16:04:39.201  INFO 14036 --- [ehr01] [SpringApplicationShutdownHook] com.zaxxer.hikari.HikariDataSource       : HikariPool-1 - Shutdown completed.
2025-01-20 16:04:56.034  INFO 19520 --- [ehr01] [main] com.pcwk.ehr.Ehr01ApplicationTests       : Starting Ehr01ApplicationTests using Java 21.0.5 with PID 19520 (started by gy in C:\Users\gy\ora\boot\workspace\ehr01)
2025-01-20 16:04:56.036  INFO 19520 --- [ehr01] [main] com.pcwk.ehr.Ehr01ApplicationTests       : No active profile set, falling back to 1 default profile: "default"
2025-01-20 16:04:57.026  INFO 19520 --- [ehr01] [main] .s.d.r.c.RepositoryConfigurationDelegate : Bootstrapping Spring Data JPA repositories in DEFAULT mode.
2025-01-20 16:04:57.115  INFO 19520 --- [ehr01] [main] .s.d.r.c.RepositoryConfigurationDelegate : Finished Spring Data repository scanning in 77 ms. Found 2 JPA repository interfaces.
2025-01-20 16:04:57.812  INFO 19520 --- [ehr01] [main] o.hibernate.jpa.internal.util.LogHelper  : HHH000204: Processing PersistenceUnitInfo [name: default]
2025-01-20 16:04:57.952  INFO 19520 --- [ehr01] [main] org.hibernate.Version                    : HHH000412: Hibernate ORM core version 6.5.3.Final
2025-01-20 16:04:58.023  INFO 19520 --- [ehr01] [main] o.h.c.internal.RegionFactoryInitiator    : HHH000026: Second-level cache disabled
2025-01-20 16:04:58.568  INFO 19520 --- [ehr01] [main] o.s.o.j.p.SpringPersistenceUnitInfo      : No LoadTimeWeaver setup: ignoring JPA class transformer
2025-01-20 16:04:58.646  INFO 19520 --- [ehr01] [main] com.zaxxer.hikari.HikariDataSource       : HikariPool-1 - Starting...
2025-01-20 16:04:59.004  INFO 19520 --- [ehr01] [main] com.zaxxer.hikari.pool.HikariPool        : HikariPool-1 - Added connection conn0: url=jdbc:h2:~/local user=SA
2025-01-20 16:04:59.008  INFO 19520 --- [ehr01] [main] com.zaxxer.hikari.HikariDataSource       : HikariPool-1 - Start completed.
2025-01-20 16:04:59.048  WARN 19520 --- [ehr01] [main] org.hibernate.orm.deprecation            : HHH90000025: H2Dialect does not need to be specified explicitly using 'hibernate.dialect' (remove the property setting and it will be selected by default)
2025-01-20 16:05:00.415  INFO 19520 --- [ehr01] [main] o.h.e.t.j.p.i.JtaPlatformInitiator       : HHH000489: No JTA platform available (set 'hibernate.transaction.jta.platform' to enable JTA platform integration)
2025-01-20 16:05:00.488  INFO 19520 --- [ehr01] [main] j.LocalContainerEntityManagerFactoryBean : Initialized JPA EntityManagerFactory for persistence unit 'default'
2025-01-20 16:05:00.774  WARN 19520 --- [ehr01] [main] JpaBaseConfiguration$JpaWebConfiguration : spring.jpa.open-in-view is enabled by default. Therefore, database queries may be performed during view rendering. Explicitly configure spring.jpa.open-in-view to disable this warning
2025-01-20 16:05:00.818  INFO 19520 --- [ehr01] [main] o.s.b.a.w.s.WelcomePageHandlerMapping    : Adding welcome page: class path resource [static/index.html]
2025-01-20 16:05:01.761  INFO 19520 --- [ehr01] [main] o.s.b.a.h2.H2ConsoleAutoConfiguration    : H2 console available at '/h2-console'. Database available at 'jdbc:h2:~/local'
2025-01-20 16:05:01.854  INFO 19520 --- [ehr01] [main] com.pcwk.ehr.Ehr01ApplicationTests       : Started Ehr01ApplicationTests in 6.333 seconds (process running for 8.046)
2025-01-20 16:05:02.986  INFO 19520 --- [ehr01] [SpringApplicationShutdownHook] j.LocalContainerEntityManagerFactoryBean : Closing JPA EntityManagerFactory for persistence unit 'default'
2025-01-20 16:05:02.998  WARN 19520 --- [ehr01] [SpringApplicationShutdownHook] o.h.engine.jdbc.spi.SqlExceptionHelper   : SQL Error: 90121, SQLState: 90121
2025-01-20 16:05:02.998 ERROR 19520 --- [ehr01] [SpringApplicationShutdownHook] o.h.engine.jdbc.spi.SqlExceptionHelper   : Database is already closed (to disable automatic closing at VM shutdown, add ";DB_CLOSE_ON_EXIT=FALSE" to the db URL) [90121-224]
2025-01-20 16:05:03.004  WARN 19520 --- [ehr01] [SpringApplicationShutdownHook] o.h.engine.jdbc.spi.SqlExceptionHelper   : SQL Error: 90121, SQLState: 90121
2025-01-20 16:05:03.005 ERROR 19520 --- [ehr01] [SpringApplicationShutdownHook] o.h.engine.jdbc.spi.SqlExceptionHelper   : Database is already closed (to disable automatic closing at VM shutdown, add ";DB_CLOSE_ON_EXIT=FALSE" to the db URL) [90121-224]
2025-01-20 16:05:03.005  WARN 19520 --- [ehr01] [SpringApplicationShutdownHook] o.s.b.f.support.DisposableBeanAdapter    : Invocation of destroy method failed on bean with name 'entityManagerFactory': org.hibernate.exception.JDBCConnectionException: Unable to release JDBC Connection used for DDL execution [Database is already closed (to disable automatic closing at VM shutdown, add ";DB_CLOSE_ON_EXIT=FALSE" to the db URL) [90121-224]] [n/a]
2025-01-20 16:05:03.006  INFO 19520 --- [ehr01] [SpringApplicationShutdownHook] com.zaxxer.hikari.HikariDataSource       : HikariPool-1 - Shutdown initiated...
2025-01-20 16:05:03.009  INFO 19520 --- [ehr01] [SpringApplicationShutdownHook] com.zaxxer.hikari.HikariDataSource       : HikariPool-1 - Shutdown completed.
