2025-02-21 15:32:58.644  INFO 8036 --- [project_oracle] [restartedMain] com.pcwk.ehr.Ehr01Application            : Starting Ehr01Application using Java 21.0.5 with PID 8036 (D:\JAP_20240909\04_SPRING\boot\workspace\project_oracle\bin\main started by acorn4 in D:\JAP_20240909\04_SPRING\boot\workspace\project_oracle)
2025-02-21 15:32:58.649  INFO 8036 --- [project_oracle] [restartedMain] com.pcwk.ehr.Ehr01Application            : No active profile set, falling back to 1 default profile: "default"
2025-02-21 15:32:58.822  INFO 8036 --- [project_oracle] [restartedMain] o.s.b.devtools.restart.ChangeableUrls    : The Class-Path manifest attribute in C:\Users\acorn4\.gradle\caches\modules-2\files-2.1\com.oracle.database.jdbc\ojdbc8\19.19.0.0\eb90c858f6b8856123d01b8fadd0d57b8505cc2a\ojdbc8-19.19.0.0.jar referenced one or more files that do not exist: file:/C:/Users/acorn4/.gradle/caches/modules-2/files-2.1/com.oracle.database.jdbc/ojdbc8/19.19.0.0/eb90c858f6b8856123d01b8fadd0d57b8505cc2a/oraclepki.jar
2025-02-21 15:32:58.823  INFO 8036 --- [project_oracle] [restartedMain] .e.DevToolsPropertyDefaultsPostProcessor : Devtools property defaults active! Set 'spring.devtools.add-properties' to 'false' to disable
2025-02-21 15:32:58.824  INFO 8036 --- [project_oracle] [restartedMain] .e.DevToolsPropertyDefaultsPostProcessor : For additional web related logging consider setting the 'logging.level.web' property to 'DEBUG'
2025-02-21 15:32:59.412  INFO 8036 --- [project_oracle] [restartedMain] .s.d.r.c.RepositoryConfigurationDelegate : Bootstrapping Spring Data JPA repositories in DEFAULT mode.
2025-02-21 15:32:59.448  INFO 8036 --- [project_oracle] [restartedMain] .s.d.r.c.RepositoryConfigurationDelegate : Finished Spring Data repository scanning in 31 ms. Found 2 JPA repository interfaces.
2025-02-21 15:32:59.853  INFO 8036 --- [project_oracle] [restartedMain] o.s.b.w.embedded.tomcat.TomcatWebServer  : Tomcat initialized with port 8080 (http)
2025-02-21 15:32:59.864  INFO 8036 --- [project_oracle] [restartedMain] o.apache.catalina.core.StandardService   : Starting service [Tomcat]
2025-02-21 15:32:59.865  INFO 8036 --- [project_oracle] [restartedMain] o.apache.catalina.core.StandardEngine    : Starting Servlet engine: [Apache Tomcat/10.1.34]
2025-02-21 15:32:59.900  INFO 8036 --- [project_oracle] [restartedMain] o.a.c.c.C.[Tomcat].[localhost].[/]       : Initializing Spring embedded WebApplicationContext
2025-02-21 15:32:59.901  INFO 8036 --- [project_oracle] [restartedMain] w.s.c.ServletWebServerApplicationContext : Root WebApplicationContext: initialization completed in 1077 ms
2025-02-21 15:33:00.041  INFO 8036 --- [project_oracle] [restartedMain] o.hibernate.jpa.internal.util.LogHelper  : HHH000204: Processing PersistenceUnitInfo [name: default]
2025-02-21 15:33:00.083  INFO 8036 --- [project_oracle] [restartedMain] org.hibernate.Version                    : HHH000412: Hibernate ORM core version 6.5.3.Final
2025-02-21 15:33:00.108  INFO 8036 --- [project_oracle] [restartedMain] o.h.c.internal.RegionFactoryInitiator    : HHH000026: Second-level cache disabled
2025-02-21 15:33:00.308  INFO 8036 --- [project_oracle] [restartedMain] o.s.o.j.p.SpringPersistenceUnitInfo      : No LoadTimeWeaver setup: ignoring JPA class transformer
2025-02-21 15:33:00.328  INFO 8036 --- [project_oracle] [restartedMain] com.zaxxer.hikari.HikariDataSource       : HikariPool-1 - Starting...
2025-02-21 15:33:00.546  INFO 8036 --- [project_oracle] [restartedMain] com.zaxxer.hikari.pool.HikariPool        : HikariPool-1 - Added connection oracle.jdbc.driver.T4CConnection@20e44bc
2025-02-21 15:33:00.548  INFO 8036 --- [project_oracle] [restartedMain] com.zaxxer.hikari.HikariDataSource       : HikariPool-1 - Start completed.
2025-02-21 15:33:00.651  WARN 8036 --- [project_oracle] [restartedMain] org.hibernate.dialect.Dialect            : HHH000511: The 18.0.0 version for [org.hibernate.dialect.OracleDialect] is no longer supported, hence certain features may not work properly. The minimum supported version is 19.0.0. Check the community dialects project for available legacy versions.
2025-02-21 15:33:00.654  WARN 8036 --- [project_oracle] [restartedMain] org.hibernate.orm.deprecation            : HHH90000025: OracleDialect does not need to be specified explicitly using 'hibernate.dialect' (remove the property setting and it will be selected by default)
2025-02-21 15:33:01.317  INFO 8036 --- [project_oracle] [restartedMain] o.h.e.t.j.p.i.JtaPlatformInitiator       : HHH000489: No JTA platform available (set 'hibernate.transaction.jta.platform' to enable JTA platform integration)
2025-02-21 15:33:15.398  INFO 8036 --- [project_oracle] [restartedMain] j.LocalContainerEntityManagerFactoryBean : Initialized JPA EntityManagerFactory for persistence unit 'default'
2025-02-21 15:33:15.408  INFO 8036 --- [project_oracle] [restartedMain] c.p.e.c.WeatherAccidentController        : ┌───────────────────────────────────────┐
2025-02-21 15:33:15.408  INFO 8036 --- [project_oracle] [restartedMain] c.p.e.c.WeatherAccidentController        : │ WeatherAccidentController()           │
2025-02-21 15:33:15.408  INFO 8036 --- [project_oracle] [restartedMain] c.p.e.c.WeatherAccidentController        : └───────────────────────────────────────┘
2025-02-21 15:33:15.411  INFO 8036 --- [project_oracle] [restartedMain] c.pcwk.ehr.service.WeatherServiceImpl    : ┌───────────────────────────────────────┐
2025-02-21 15:33:15.411  INFO 8036 --- [project_oracle] [restartedMain] c.pcwk.ehr.service.WeatherServiceImpl    : │ WeatherServiceImpl()                  │
2025-02-21 15:33:15.411  INFO 8036 --- [project_oracle] [restartedMain] c.pcwk.ehr.service.WeatherServiceImpl    : └───────────────────────────────────────┘
2025-02-21 15:33:15.558  INFO 8036 --- [project_oracle] [restartedMain] com.pcwk.ehr.service.LocalServiceImpl    : ┌───────────────────────────────────────┐
2025-02-21 15:33:15.559  INFO 8036 --- [project_oracle] [restartedMain] com.pcwk.ehr.service.LocalServiceImpl    : │ WeatherServiceImpl()                  │
2025-02-21 15:33:15.559  INFO 8036 --- [project_oracle] [restartedMain] com.pcwk.ehr.service.LocalServiceImpl    : └───────────────────────────────────────┘
2025-02-21 15:33:15.598  WARN 8036 --- [project_oracle] [restartedMain] JpaBaseConfiguration$JpaWebConfiguration : spring.jpa.open-in-view is enabled by default. Therefore, database queries may be performed during view rendering. Explicitly configure spring.jpa.open-in-view to disable this warning
2025-02-21 15:33:15.667  INFO 8036 --- [project_oracle] [restartedMain] o.s.b.a.w.s.WelcomePageHandlerMapping    : Adding welcome page: class path resource [static/index.html]
2025-02-21 15:33:16.018  INFO 8036 --- [project_oracle] [restartedMain] o.s.b.d.a.OptionalLiveReloadServer       : LiveReload server is running on port 35729
2025-02-21 15:33:16.043  INFO 8036 --- [project_oracle] [restartedMain] o.s.b.w.embedded.tomcat.TomcatWebServer  : Tomcat started on port 8080 (http) with context path '/'
2025-02-21 15:33:16.048  INFO 8036 --- [project_oracle] [restartedMain] com.pcwk.ehr.Ehr01Application            : Started Ehr01Application in 17.636 seconds (process running for 18.115)
2025-02-21 15:33:49.818  INFO 8036 --- [project_oracle] [File Watcher] rtingClassPathChangeChangedEventListener : Restarting due to 1 class path change (1 addition, 0 deletions, 0 modifications)
2025-02-21 15:33:49.829  INFO 8036 --- [project_oracle] [Thread-8] j.LocalContainerEntityManagerFactoryBean : Closing JPA EntityManagerFactory for persistence unit 'default'
2025-02-21 15:33:49.831  INFO 8036 --- [project_oracle] [Thread-8] com.zaxxer.hikari.HikariDataSource       : HikariPool-1 - Shutdown initiated...
2025-02-21 15:33:49.855  INFO 8036 --- [project_oracle] [Thread-8] com.zaxxer.hikari.HikariDataSource       : HikariPool-1 - Shutdown completed.
2025-02-21 15:33:49.902  INFO 8036 --- [project_oracle] [restartedMain] com.pcwk.ehr.Ehr01Application            : Starting Ehr01Application using Java 21.0.5 with PID 8036 (D:\JAP_20240909\04_SPRING\boot\workspace\project_oracle\bin\main started by acorn4 in D:\JAP_20240909\04_SPRING\boot\workspace\project_oracle)
2025-02-21 15:33:49.902  INFO 8036 --- [project_oracle] [restartedMain] com.pcwk.ehr.Ehr01Application            : No active profile set, falling back to 1 default profile: "default"
2025-02-21 15:33:49.999  INFO 8036 --- [project_oracle] [restartedMain] .s.d.r.c.RepositoryConfigurationDelegate : Bootstrapping Spring Data JPA repositories in DEFAULT mode.
2025-02-21 15:33:50.006  INFO 8036 --- [project_oracle] [restartedMain] .s.d.r.c.RepositoryConfigurationDelegate : Finished Spring Data repository scanning in 6 ms. Found 2 JPA repository interfaces.
2025-02-21 15:33:50.081  INFO 8036 --- [project_oracle] [restartedMain] o.s.b.w.embedded.tomcat.TomcatWebServer  : Tomcat initialized with port 8080 (http)
2025-02-21 15:33:50.081  INFO 8036 --- [project_oracle] [restartedMain] o.apache.catalina.core.StandardService   : Starting service [Tomcat]
2025-02-21 15:33:50.081  INFO 8036 --- [project_oracle] [restartedMain] o.apache.catalina.core.StandardEngine    : Starting Servlet engine: [Apache Tomcat/10.1.34]
2025-02-21 15:33:50.097  INFO 8036 --- [project_oracle] [restartedMain] o.a.c.c.C.[Tomcat].[localhost].[/]       : Initializing Spring embedded WebApplicationContext
2025-02-21 15:33:50.097  INFO 8036 --- [project_oracle] [restartedMain] w.s.c.ServletWebServerApplicationContext : Root WebApplicationContext: initialization completed in 194 ms
2025-02-21 15:33:50.130  INFO 8036 --- [project_oracle] [restartedMain] o.hibernate.jpa.internal.util.LogHelper  : HHH000204: Processing PersistenceUnitInfo [name: default]
2025-02-21 15:33:50.132  INFO 8036 --- [project_oracle] [restartedMain] o.h.c.internal.RegionFactoryInitiator    : HHH000026: Second-level cache disabled
2025-02-21 15:33:50.137  INFO 8036 --- [project_oracle] [restartedMain] o.s.o.j.p.SpringPersistenceUnitInfo      : No LoadTimeWeaver setup: ignoring JPA class transformer
2025-02-21 15:33:50.137  INFO 8036 --- [project_oracle] [restartedMain] com.zaxxer.hikari.HikariDataSource       : HikariPool-2 - Starting...
2025-02-21 15:33:50.180  INFO 8036 --- [project_oracle] [restartedMain] com.zaxxer.hikari.pool.HikariPool        : HikariPool-2 - Added connection oracle.jdbc.driver.T4CConnection@2f5f8755
2025-02-21 15:33:50.180  INFO 8036 --- [project_oracle] [restartedMain] com.zaxxer.hikari.HikariDataSource       : HikariPool-2 - Start completed.
2025-02-21 15:33:50.184  WARN 8036 --- [project_oracle] [restartedMain] org.hibernate.dialect.Dialect            : HHH000511: The 18.0.0 version for [org.hibernate.dialect.OracleDialect] is no longer supported, hence certain features may not work properly. The minimum supported version is 19.0.0. Check the community dialects project for available legacy versions.
2025-02-21 15:33:50.184  WARN 8036 --- [project_oracle] [restartedMain] org.hibernate.orm.deprecation            : HHH90000025: OracleDialect does not need to be specified explicitly using 'hibernate.dialect' (remove the property setting and it will be selected by default)
2025-02-21 15:33:50.251  INFO 8036 --- [project_oracle] [restartedMain] o.h.e.t.j.p.i.JtaPlatformInitiator       : HHH000489: No JTA platform available (set 'hibernate.transaction.jta.platform' to enable JTA platform integration)
2025-02-21 15:42:27.554  INFO 17120 --- [project_oracle] [restartedMain] com.pcwk.ehr.Ehr01Application            : Starting Ehr01Application using Java 21.0.5 with PID 17120 (D:\JAP_20240909\04_SPRING\boot\workspace\project_oracle\bin\main started by acorn4 in D:\JAP_20240909\04_SPRING\boot\workspace\project_oracle)
2025-02-21 15:42:27.556  INFO 17120 --- [project_oracle] [restartedMain] com.pcwk.ehr.Ehr01Application            : No active profile set, falling back to 1 default profile: "default"
2025-02-21 15:42:27.697  INFO 17120 --- [project_oracle] [restartedMain] o.s.b.devtools.restart.ChangeableUrls    : The Class-Path manifest attribute in C:\Users\acorn4\.gradle\caches\modules-2\files-2.1\com.oracle.database.jdbc\ojdbc8\19.19.0.0\eb90c858f6b8856123d01b8fadd0d57b8505cc2a\ojdbc8-19.19.0.0.jar referenced one or more files that do not exist: file:/C:/Users/acorn4/.gradle/caches/modules-2/files-2.1/com.oracle.database.jdbc/ojdbc8/19.19.0.0/eb90c858f6b8856123d01b8fadd0d57b8505cc2a/oraclepki.jar
2025-02-21 15:42:27.697  INFO 17120 --- [project_oracle] [restartedMain] .e.DevToolsPropertyDefaultsPostProcessor : Devtools property defaults active! Set 'spring.devtools.add-properties' to 'false' to disable
2025-02-21 15:42:27.697  INFO 17120 --- [project_oracle] [restartedMain] .e.DevToolsPropertyDefaultsPostProcessor : For additional web related logging consider setting the 'logging.level.web' property to 'DEBUG'
2025-02-21 15:42:28.047  INFO 17120 --- [project_oracle] [restartedMain] .s.d.r.c.RepositoryConfigurationDelegate : Bootstrapping Spring Data JPA repositories in DEFAULT mode.
2025-02-21 15:42:28.076  INFO 17120 --- [project_oracle] [restartedMain] .s.d.r.c.RepositoryConfigurationDelegate : Finished Spring Data repository scanning in 25 ms. Found 2 JPA repository interfaces.
2025-02-21 15:42:28.390  INFO 17120 --- [project_oracle] [restartedMain] o.s.b.w.embedded.tomcat.TomcatWebServer  : Tomcat initialized with port 8080 (http)
2025-02-21 15:42:28.398  INFO 17120 --- [project_oracle] [restartedMain] o.apache.catalina.core.StandardService   : Starting service [Tomcat]
2025-02-21 15:42:28.399  INFO 17120 --- [project_oracle] [restartedMain] o.apache.catalina.core.StandardEngine    : Starting Servlet engine: [Apache Tomcat/10.1.34]
2025-02-21 15:42:28.429  INFO 17120 --- [project_oracle] [restartedMain] o.a.c.c.C.[Tomcat].[localhost].[/]       : Initializing Spring embedded WebApplicationContext
2025-02-21 15:42:28.430  INFO 17120 --- [project_oracle] [restartedMain] w.s.c.ServletWebServerApplicationContext : Root WebApplicationContext: initialization completed in 732 ms
2025-02-21 15:42:28.534  INFO 17120 --- [project_oracle] [restartedMain] o.hibernate.jpa.internal.util.LogHelper  : HHH000204: Processing PersistenceUnitInfo [name: default]
2025-02-21 15:42:28.561  INFO 17120 --- [project_oracle] [restartedMain] org.hibernate.Version                    : HHH000412: Hibernate ORM core version 6.5.3.Final
2025-02-21 15:42:28.578  INFO 17120 --- [project_oracle] [restartedMain] o.h.c.internal.RegionFactoryInitiator    : HHH000026: Second-level cache disabled
2025-02-21 15:42:28.725  INFO 17120 --- [project_oracle] [restartedMain] o.s.o.j.p.SpringPersistenceUnitInfo      : No LoadTimeWeaver setup: ignoring JPA class transformer
2025-02-21 15:42:28.740  INFO 17120 --- [project_oracle] [restartedMain] com.zaxxer.hikari.HikariDataSource       : HikariPool-1 - Starting...
2025-02-21 15:42:28.975  INFO 17120 --- [project_oracle] [restartedMain] com.zaxxer.hikari.pool.HikariPool        : HikariPool-1 - Added connection oracle.jdbc.driver.T4CConnection@2d307fa9
2025-02-21 15:42:28.976  INFO 17120 --- [project_oracle] [restartedMain] com.zaxxer.hikari.HikariDataSource       : HikariPool-1 - Start completed.
2025-02-21 15:42:29.059  WARN 17120 --- [project_oracle] [restartedMain] org.hibernate.dialect.Dialect            : HHH000511: The 18.0.0 version for [org.hibernate.dialect.OracleDialect] is no longer supported, hence certain features may not work properly. The minimum supported version is 19.0.0. Check the community dialects project for available legacy versions.
2025-02-21 15:42:29.061  WARN 17120 --- [project_oracle] [restartedMain] org.hibernate.orm.deprecation            : HHH90000025: OracleDialect does not need to be specified explicitly using 'hibernate.dialect' (remove the property setting and it will be selected by default)
2025-02-21 15:42:29.621  INFO 17120 --- [project_oracle] [restartedMain] o.h.e.t.j.p.i.JtaPlatformInitiator       : HHH000489: No JTA platform available (set 'hibernate.transaction.jta.platform' to enable JTA platform integration)
2025-02-21 15:42:44.419  INFO 17120 --- [project_oracle] [restartedMain] j.LocalContainerEntityManagerFactoryBean : Initialized JPA EntityManagerFactory for persistence unit 'default'
2025-02-21 15:42:44.427  INFO 17120 --- [project_oracle] [restartedMain] c.p.e.c.WeatherAccidentController        : ┌───────────────────────────────────────┐
2025-02-21 15:42:44.427  INFO 17120 --- [project_oracle] [restartedMain] c.p.e.c.WeatherAccidentController        : │ WeatherAccidentController()           │
2025-02-21 15:42:44.427  INFO 17120 --- [project_oracle] [restartedMain] c.p.e.c.WeatherAccidentController        : └───────────────────────────────────────┘
2025-02-21 15:42:44.430  INFO 17120 --- [project_oracle] [restartedMain] c.pcwk.ehr.service.WeatherServiceImpl    : ┌───────────────────────────────────────┐
2025-02-21 15:42:44.430  INFO 17120 --- [project_oracle] [restartedMain] c.pcwk.ehr.service.WeatherServiceImpl    : │ WeatherServiceImpl()                  │
2025-02-21 15:42:44.430  INFO 17120 --- [project_oracle] [restartedMain] c.pcwk.ehr.service.WeatherServiceImpl    : └───────────────────────────────────────┘
2025-02-21 15:42:44.546  INFO 17120 --- [project_oracle] [restartedMain] com.pcwk.ehr.service.LocalServiceImpl    : ┌───────────────────────────────────────┐
2025-02-21 15:42:44.546  INFO 17120 --- [project_oracle] [restartedMain] com.pcwk.ehr.service.LocalServiceImpl    : │ WeatherServiceImpl()                  │
2025-02-21 15:42:44.546  INFO 17120 --- [project_oracle] [restartedMain] com.pcwk.ehr.service.LocalServiceImpl    : └───────────────────────────────────────┘
2025-02-21 15:42:44.589  WARN 17120 --- [project_oracle] [restartedMain] JpaBaseConfiguration$JpaWebConfiguration : spring.jpa.open-in-view is enabled by default. Therefore, database queries may be performed during view rendering. Explicitly configure spring.jpa.open-in-view to disable this warning
2025-02-21 15:42:44.639  INFO 17120 --- [project_oracle] [restartedMain] o.s.b.a.w.s.WelcomePageHandlerMapping    : Adding welcome page: class path resource [static/index.html]
2025-02-21 15:42:44.951  INFO 17120 --- [project_oracle] [restartedMain] o.s.b.d.a.OptionalLiveReloadServer       : LiveReload server is running on port 35729
2025-02-21 15:42:44.975  INFO 17120 --- [project_oracle] [restartedMain] o.s.b.w.embedded.tomcat.TomcatWebServer  : Tomcat started on port 8080 (http) with context path '/'
2025-02-21 15:42:44.980  INFO 17120 --- [project_oracle] [restartedMain] com.pcwk.ehr.Ehr01Application            : Started Ehr01Application in 17.624 seconds (process running for 18.036)
2025-02-21 17:42:19.979  INFO 17120 --- [project_oracle] [RMI TCP Connection(151)-127.0.0.1] inMXBeanRegistrar$SpringApplicationAdmin : Application shutdown requested.
2025-02-21 17:42:20.050  INFO 17120 --- [project_oracle] [RMI TCP Connection(151)-127.0.0.1] j.LocalContainerEntityManagerFactoryBean : Closing JPA EntityManagerFactory for persistence unit 'default'
2025-02-21 17:42:20.064  INFO 17120 --- [project_oracle] [RMI TCP Connection(151)-127.0.0.1] com.zaxxer.hikari.HikariDataSource       : HikariPool-1 - Shutdown initiated...
2025-02-21 17:42:20.119  INFO 17120 --- [project_oracle] [RMI TCP Connection(151)-127.0.0.1] com.zaxxer.hikari.HikariDataSource       : HikariPool-1 - Shutdown completed.
